/Users/samchen/Coding/CLASSES/CS2860/.venv/lib/python3.13/site-packages/pygame/pkgdata.py:25: UserWarning: pkg_resources is deprecated as an API. See https://setuptools.pypa.io/en/latest/pkg_resources.html. The pkg_resources package is slated for removal as early as 2025-11-30. Refrain from using this package or pin to Setuptools<81.
  from pkg_resources import resource_stream, resource_exists
[env] EnvSpec(env_id='MultiGrid-Empty-Random-6x6-v0', n_agents=2, obs_dim=151, n_env_actions=7, noop_action=6, family='multigrid')  (n_msg_tokens=8)
[cfg] {'clip_range': 0.2, 'value_clip_range': 0.2, 'entropy_coef': 0.01, 'value_coef': 0.5, 'max_grad_norm': 0.5, 'gamma': 0.99, 'gae_lambda': 0.95, 'lr_actor': 0.0003, 'lr_critic': 0.001, 'update_epochs': 4, 'minibatches': 4, 'hidden': 128, 'depth': 2, 'device': 'cpu', 'extra': {}}
[log] writing to runs/multigrid-6x6-random-2ag-comm
[upd    1 | steps     256 | t    0.3s | sps   833] ret_mean=0.795 ep_len=32.8 pi_loss=-0.013 v_loss=0.022 ent=4.024 kl=-0.0009
[upd    2 | steps     512 | t    0.4s | sps  1321] ret_mean=0.601 ep_len=60.6 pi_loss=-0.010 v_loss=0.013 ent=4.018 kl=-0.0010
[upd    3 | steps     768 | t    0.5s | sps  1618] ret_mean=0.303 ep_len=103.5 pi_loss=-0.012 v_loss=0.005 ent=4.006 kl=-0.0046
[upd    4 | steps    1024 | t    0.6s | sps  1795] ret_mean=0.490 ep_len=76.3 pi_loss=-0.007 v_loss=0.007 ent=3.993 kl=0.0067
[upd    5 | steps    1280 | t    0.7s | sps  1929] ret_mean=0.419 ep_len=85.0 pi_loss=-0.005 v_loss=0.010 ent=3.991 kl=-0.0002
[upd    6 | steps    1536 | t    0.8s | sps  2033] ret_mean=0.465 ep_len=80.3 pi_loss=-0.010 v_loss=0.008 ent=3.993 kl=0.0074
[upd    7 | steps    1792 | t    0.8s | sps  2120] ret_mean=0.594 ep_len=65.0 pi_loss=-0.013 v_loss=0.007 ent=3.984 kl=0.0011
[upd    8 | steps    2048 | t    0.9s | sps  2192] ret_mean=0.412 ep_len=86.0 pi_loss=-0.011 v_loss=0.007 ent=3.991 kl=0.0063
[upd    9 | steps    2304 | t    1.0s | sps  2251] ret_mean=0.000 ep_len=144.0 pi_loss=-0.012 v_loss=0.003 ent=3.988 kl=-0.0002
[upd   10 | steps    2560 | t    1.1s | sps  2303] ret_mean=0.596 ep_len=64.7 pi_loss=-0.010 v_loss=0.003 ent=3.967 kl=0.0095
[upd   11 | steps    2816 | t    1.2s | sps  2354] ret_mean=0.279 ep_len=104.7 pi_loss=-0.012 v_loss=0.007 ent=3.936 kl=0.0079
[upd   12 | steps    3072 | t    1.3s | sps  2399] ret_mean=0.400 ep_len=96.0 pi_loss=-0.007 v_loss=0.003 ent=3.907 kl=-0.0002
[upd   13 | steps    3328 | t    1.4s | sps  2434] ret_mean=0.786 ep_len=34.2 pi_loss=-0.012 v_loss=0.018 ent=3.893 kl=-0.0025
[upd   14 | steps    3584 | t    1.5s | sps  2468] ret_mean=0.752 ep_len=39.7 pi_loss=-0.010 v_loss=0.014 ent=3.884 kl=0.0067
[upd   15 | steps    3840 | t    1.5s | sps  2494] ret_mean=0.510 ep_len=78.3 pi_loss=-0.014 v_loss=0.004 ent=3.866 kl=0.0161
[upd   16 | steps    4096 | t    1.6s | sps  2511] ret_mean=0.450 ep_len=88.0 pi_loss=-0.007 v_loss=0.004 ent=3.840 kl=0.0019
[upd   17 | steps    4352 | t    1.7s | sps  2526] ret_mean=0.712 ep_len=46.0 pi_loss=-0.024 v_loss=0.011 ent=3.788 kl=0.0009
[upd   18 | steps    4608 | t    1.8s | sps  2538] ret_mean=0.631 ep_len=59.0 pi_loss=-0.015 v_loss=0.005 ent=3.769 kl=0.0077
[upd   19 | steps    4864 | t    1.9s | sps  2547] ret_mean=0.732 ep_len=42.9 pi_loss=-0.013 v_loss=0.015 ent=3.705 kl=0.0137
[upd   20 | steps    5120 | t    2.0s | sps  2551] ret_mean=0.645 ep_len=56.8 pi_loss=-0.022 v_loss=0.006 ent=3.760 kl=0.0019
        [eval] ret_mean=0.000 ep_len=144.0
[upd   21 | steps    5376 | t    2.2s | sps  2468] ret_mean=0.797 ep_len=32.4 pi_loss=-0.016 v_loss=0.013 ent=3.713 kl=0.0005
[upd   22 | steps    5632 | t    2.3s | sps  2478] ret_mean=0.737 ep_len=39.7 pi_loss=-0.018 v_loss=0.016 ent=3.701 kl=0.0046
[upd   23 | steps    5888 | t    2.4s | sps  2488] ret_mean=0.875 ep_len=19.9 pi_loss=-0.013 v_loss=0.012 ent=3.687 kl=0.0054
[upd   24 | steps    6144 | t    2.5s | sps  2496] ret_mean=0.854 ep_len=23.3 pi_loss=-0.012 v_loss=0.007 ent=3.688 kl=0.0129
[upd   25 | steps    6400 | t    2.6s | sps  2509] ret_mean=0.720 ep_len=44.8 pi_loss=-0.006 v_loss=0.006 ent=3.689 kl=0.0086
[upd   26 | steps    6656 | t    2.6s | sps  2519] ret_mean=0.747 ep_len=38.8 pi_loss=-0.016 v_loss=0.013 ent=3.657 kl=0.0093
[upd   27 | steps    6912 | t    2.7s | sps  2528] ret_mean=0.762 ep_len=38.1 pi_loss=-0.015 v_loss=0.007 ent=3.593 kl=0.0107
[upd   28 | steps    7168 | t    2.8s | sps  2536] ret_mean=0.889 ep_len=17.7 pi_loss=-0.008 v_loss=0.007 ent=3.590 kl=0.0090
[upd   29 | steps    7424 | t    2.9s | sps  2545] ret_mean=0.838 ep_len=25.9 pi_loss=-0.012 v_loss=0.006 ent=3.561 kl=0.0046
[upd   30 | steps    7680 | t    3.0s | sps  2550] ret_mean=0.859 ep_len=22.5 pi_loss=-0.018 v_loss=0.006 ent=3.531 kl=0.0191
[upd   31 | steps    7936 | t    3.1s | sps  2535] ret_mean=0.833 ep_len=26.7 pi_loss=-0.017 v_loss=0.004 ent=3.550 kl=0.0063
[upd   32 | steps    8192 | t    3.2s | sps  2543] ret_mean=0.817 ep_len=27.6 pi_loss=-0.012 v_loss=0.015 ent=3.590 kl=0.0142
[upd   33 | steps    8448 | t    3.3s | sps  2550] ret_mean=0.791 ep_len=33.5 pi_loss=-0.021 v_loss=0.003 ent=3.582 kl=0.0029
[upd   34 | steps    8704 | t    3.4s | sps  2557] ret_mean=0.906 ep_len=15.1 pi_loss=-0.019 v_loss=0.008 ent=3.599 kl=0.0056
[upd   35 | steps    8960 | t    3.5s | sps  2566] ret_mean=0.801 ep_len=31.9 pi_loss=-0.011 v_loss=0.004 ent=3.547 kl=0.0078
[upd   36 | steps    9216 | t    3.6s | sps  2571] ret_mean=0.902 ep_len=15.7 pi_loss=-0.017 v_loss=0.008 ent=3.550 kl=0.0092
[upd   37 | steps    9472 | t    3.7s | sps  2577] ret_mean=0.922 ep_len=12.4 pi_loss=-0.015 v_loss=0.006 ent=3.492 kl=0.0118
[upd   38 | steps    9728 | t    3.8s | sps  2581] ret_mean=0.907 ep_len=14.8 pi_loss=-0.013 v_loss=0.003 ent=3.422 kl=0.0053
[upd   39 | steps    9984 | t    3.9s | sps  2582] ret_mean=0.925 ep_len=12.0 pi_loss=-0.015 v_loss=0.003 ent=3.378 kl=0.0015
[upd   40 | steps   10240 | t    4.0s | sps  2585] ret_mean=0.892 ep_len=17.4 pi_loss=-0.020 v_loss=0.003 ent=3.297 kl=0.0148
        [eval] ret_mean=0.000 ep_len=144.0
[upd   41 | steps   10496 | t    4.1s | sps  2543] ret_mean=0.902 ep_len=15.6 pi_loss=-0.016 v_loss=0.003 ent=3.280 kl=0.0081
[upd   42 | steps   10752 | t    4.2s | sps  2547] ret_mean=0.922 ep_len=12.6 pi_loss=-0.015 v_loss=0.003 ent=3.142 kl=-0.0044
[upd   43 | steps   11008 | t    4.3s | sps  2551] ret_mean=0.914 ep_len=13.8 pi_loss=-0.011 v_loss=0.003 ent=3.087 kl=-0.0011
[upd   44 | steps   11264 | t    4.4s | sps  2556] ret_mean=0.905 ep_len=15.2 pi_loss=-0.019 v_loss=0.003 ent=3.046 kl=0.0249
[upd   45 | steps   11520 | t    4.5s | sps  2561] ret_mean=0.932 ep_len=11.0 pi_loss=-0.018 v_loss=0.003 ent=3.068 kl=0.0087
[upd   46 | steps   11776 | t    4.6s | sps  2565] ret_mean=0.918 ep_len=13.2 pi_loss=-0.016 v_loss=0.004 ent=2.907 kl=0.0144
[upd   47 | steps   12032 | t    4.7s | sps  2569] ret_mean=0.908 ep_len=14.7 pi_loss=-0.027 v_loss=0.005 ent=2.917 kl=0.0090
[upd   48 | steps   12288 | t    4.8s | sps  2573] ret_mean=0.932 ep_len=10.9 pi_loss=-0.015 v_loss=0.003 ent=2.932 kl=0.0047
[upd   49 | steps   12544 | t    4.9s | sps  2576] ret_mean=0.923 ep_len=12.4 pi_loss=-0.013 v_loss=0.002 ent=2.829 kl=0.0114
[upd   50 | steps   12800 | t    5.0s | sps  2578] ret_mean=0.943 ep_len=9.2 pi_loss=-0.014 v_loss=0.004 ent=2.818 kl=0.0103
[upd   51 | steps   13056 | t    5.1s | sps  2579] ret_mean=0.938 ep_len=9.9 pi_loss=-0.016 v_loss=0.002 ent=2.775 kl=0.0055
[upd   52 | steps   13312 | t    5.2s | sps  2582] ret_mean=0.937 ep_len=10.1 pi_loss=-0.015 v_loss=0.003 ent=2.738 kl=0.0117
[upd   53 | steps   13568 | t    5.2s | sps  2585] ret_mean=0.939 ep_len=9.7 pi_loss=-0.013 v_loss=0.002 ent=2.714 kl=0.0094
[upd   54 | steps   13824 | t    5.3s | sps  2587] ret_mean=0.930 ep_len=11.3 pi_loss=-0.013 v_loss=0.002 ent=2.574 kl=0.0149
[upd   55 | steps   14080 | t    5.4s | sps  2591] ret_mean=0.936 ep_len=10.2 pi_loss=-0.013 v_loss=0.003 ent=2.619 kl=0.0089
[upd   56 | steps   14336 | t    5.5s | sps  2592] ret_mean=0.936 ep_len=10.2 pi_loss=-0.020 v_loss=0.002 ent=2.587 kl=-0.0013
[upd   57 | steps   14592 | t    5.7s | sps  2582] ret_mean=0.944 ep_len=9.0 pi_loss=-0.012 v_loss=0.002 ent=2.575 kl=-0.0050
[upd   58 | steps   14848 | t    5.7s | sps  2583] ret_mean=0.947 ep_len=8.4 pi_loss=-0.018 v_loss=0.002 ent=2.470 kl=0.0001
[upd   59 | steps   15104 | t    5.8s | sps  2588] ret_mean=0.958 ep_len=6.7 pi_loss=-0.015 v_loss=0.001 ent=2.442 kl=0.0168
[upd   60 | steps   15360 | t    5.9s | sps  2589] ret_mean=0.950 ep_len=8.0 pi_loss=-0.006 v_loss=0.001 ent=2.493 kl=0.0073
        [eval] ret_mean=0.654 ep_len=50.0
[upd   61 | steps   15616 | t    6.1s | sps  2581] ret_mean=0.941 ep_len=9.4 pi_loss=-0.013 v_loss=0.002 ent=2.498 kl=0.0117
[upd   62 | steps   15872 | t    6.1s | sps  2584] ret_mean=0.946 ep_len=8.6 pi_loss=-0.013 v_loss=0.002 ent=2.419 kl=0.0081
[upd   63 | steps   16128 | t    6.2s | sps  2586] ret_mean=0.953 ep_len=7.6 pi_loss=-0.010 v_loss=0.001 ent=2.330 kl=0.0152
[upd   64 | steps   16384 | t    6.3s | sps  2587] ret_mean=0.945 ep_len=8.8 pi_loss=-0.013 v_loss=0.001 ent=2.374 kl=0.0088
[upd   65 | steps   16640 | t    6.4s | sps  2589] ret_mean=0.949 ep_len=8.2 pi_loss=-0.014 v_loss=0.001 ent=2.402 kl=0.0273
[upd   66 | steps   16896 | t    6.5s | sps  2590] ret_mean=0.958 ep_len=6.8 pi_loss=-0.020 v_loss=0.001 ent=2.389 kl=0.0111
[upd   67 | steps   17152 | t    6.6s | sps  2592] ret_mean=0.958 ep_len=6.7 pi_loss=-0.013 v_loss=0.001 ent=2.344 kl=0.0128
[upd   68 | steps   17408 | t    6.7s | sps  2594] ret_mean=0.948 ep_len=8.3 pi_loss=-0.005 v_loss=0.001 ent=2.298 kl=0.0242
[upd   69 | steps   17664 | t    6.8s | sps  2596] ret_mean=0.956 ep_len=7.1 pi_loss=-0.011 v_loss=0.001 ent=2.259 kl=0.0146
[upd   70 | steps   17920 | t    6.9s | sps  2598] ret_mean=0.959 ep_len=6.5 pi_loss=-0.022 v_loss=0.001 ent=2.130 kl=0.0075
[upd   71 | steps   18176 | t    7.0s | sps  2600] ret_mean=0.958 ep_len=6.7 pi_loss=-0.017 v_loss=0.001 ent=2.183 kl=0.0044
[upd   72 | steps   18432 | t    7.1s | sps  2600] ret_mean=0.958 ep_len=6.7 pi_loss=-0.012 v_loss=0.001 ent=2.253 kl=0.0250
[upd   73 | steps   18688 | t    7.2s | sps  2601] ret_mean=0.959 ep_len=6.6 pi_loss=-0.017 v_loss=0.001 ent=2.308 kl=0.0008
[upd   74 | steps   18944 | t    7.3s | sps  2602] ret_mean=0.957 ep_len=6.9 pi_loss=-0.018 v_loss=0.001 ent=2.279 kl=0.0192
[upd   75 | steps   19200 | t    7.4s | sps  2604] ret_mean=0.951 ep_len=7.8 pi_loss=-0.008 v_loss=0.001 ent=2.274 kl=0.0080
[upd   76 | steps   19456 | t    7.5s | sps  2606] ret_mean=0.957 ep_len=6.8 pi_loss=-0.009 v_loss=0.001 ent=2.244 kl=0.0069
[upd   77 | steps   19712 | t    7.6s | sps  2607] ret_mean=0.959 ep_len=6.5 pi_loss=-0.013 v_loss=0.001 ent=2.286 kl=0.0146
[upd   78 | steps   19968 | t    7.7s | sps  2609] ret_mean=0.945 ep_len=8.9 pi_loss=-0.017 v_loss=0.001 ent=2.248 kl=0.0082
[upd   79 | steps   20224 | t    7.7s | sps  2611] ret_mean=0.956 ep_len=7.0 pi_loss=-0.011 v_loss=0.001 ent=2.319 kl=0.0063
[upd   80 | steps   20480 | t    7.8s | sps  2613] ret_mean=0.956 ep_len=7.0 pi_loss=-0.015 v_loss=0.001 ent=2.245 kl=0.0227
        [eval] ret_mean=0.654 ep_len=50.0
[upd   81 | steps   20736 | t    8.0s | sps  2608] ret_mean=0.943 ep_len=9.1 pi_loss=-0.013 v_loss=0.002 ent=2.217 kl=0.0120
[upd   82 | steps   20992 | t    8.0s | sps  2609] ret_mean=0.951 ep_len=7.9 pi_loss=-0.012 v_loss=0.001 ent=2.184 kl=0.0075
[upd   83 | steps   21248 | t    8.1s | sps  2611] ret_mean=0.945 ep_len=8.9 pi_loss=-0.012 v_loss=0.001 ent=2.193 kl=0.0125
[upd   84 | steps   21504 | t    8.2s | sps  2612] ret_mean=0.961 ep_len=6.2 pi_loss=-0.007 v_loss=0.001 ent=2.146 kl=0.0086
[upd   85 | steps   21760 | t    8.3s | sps  2614] ret_mean=0.955 ep_len=7.1 pi_loss=-0.013 v_loss=0.001 ent=2.160 kl=-0.0012
[upd   86 | steps   22016 | t    8.4s | sps  2615] ret_mean=0.965 ep_len=5.5 pi_loss=-0.005 v_loss=0.001 ent=2.184 kl=0.0104
[upd   87 | steps   22272 | t    8.5s | sps  2618] ret_mean=0.959 ep_len=6.5 pi_loss=-0.013 v_loss=0.001 ent=2.253 kl=0.0131
[upd   88 | steps   22528 | t    8.6s | sps  2619] ret_mean=0.956 ep_len=7.0 pi_loss=-0.008 v_loss=0.001 ent=2.233 kl=0.0003
[upd   89 | steps   22784 | t    8.7s | sps  2622] ret_mean=0.959 ep_len=6.5 pi_loss=-0.008 v_loss=0.001 ent=2.207 kl=0.0106
[upd   90 | steps   23040 | t    8.8s | sps  2625] ret_mean=0.956 ep_len=7.1 pi_loss=-0.006 v_loss=0.001 ent=2.205 kl=0.0131
[upd   91 | steps   23296 | t    8.9s | sps  2627] ret_mean=0.961 ep_len=6.3 pi_loss=-0.012 v_loss=0.001 ent=2.236 kl=0.0087
[upd   92 | steps   23552 | t    9.0s | sps  2628] ret_mean=0.962 ep_len=6.0 pi_loss=-0.019 v_loss=0.001 ent=2.274 kl=0.0132
[upd   93 | steps   23808 | t    9.1s | sps  2629] ret_mean=0.951 ep_len=7.8 pi_loss=-0.015 v_loss=0.001 ent=2.251 kl=0.0089
[upd   94 | steps   24064 | t    9.2s | sps  2629] ret_mean=0.959 ep_len=6.5 pi_loss=-0.013 v_loss=0.001 ent=2.209 kl=0.0099
[upd   95 | steps   24320 | t    9.2s | sps  2630] ret_mean=0.959 ep_len=6.6 pi_loss=-0.017 v_loss=0.001 ent=2.124 kl=0.0158
[upd   96 | steps   24576 | t    9.3s | sps  2632] ret_mean=0.957 ep_len=6.9 pi_loss=-0.016 v_loss=0.001 ent=2.134 kl=0.0081
[upd   97 | steps   24832 | t    9.4s | sps  2633] ret_mean=0.960 ep_len=6.3 pi_loss=-0.005 v_loss=0.001 ent=2.122 kl=0.0081
[upd   98 | steps   25088 | t    9.5s | sps  2633] ret_mean=0.965 ep_len=5.6 pi_loss=-0.013 v_loss=0.001 ent=2.117 kl=0.0145
[upd   99 | steps   25344 | t    9.6s | sps  2634] ret_mean=0.962 ep_len=6.0 pi_loss=-0.008 v_loss=0.001 ent=2.177 kl=0.0161
[upd  100 | steps   25600 | t    9.7s | sps  2635] ret_mean=0.965 ep_len=5.6 pi_loss=-0.011 v_loss=0.001 ent=2.144 kl=0.0090
        [eval] ret_mean=0.327 ep_len=97.0
[upd  101 | steps   25856 | t    9.9s | sps  2617] ret_mean=0.962 ep_len=6.1 pi_loss=-0.020 v_loss=0.001 ent=2.123 kl=0.0076
[upd  102 | steps   26112 | t   10.0s | sps  2617] ret_mean=0.961 ep_len=6.2 pi_loss=-0.013 v_loss=0.000 ent=1.996 kl=0.0136
[upd  103 | steps   26368 | t   10.1s | sps  2617] ret_mean=0.968 ep_len=5.2 pi_loss=-0.013 v_loss=0.001 ent=1.989 kl=0.0107
[upd  104 | steps   26624 | t   10.2s | sps  2616] ret_mean=0.964 ep_len=5.7 pi_loss=-0.019 v_loss=0.000 ent=2.013 kl=0.0132
[upd  105 | steps   26880 | t   10.3s | sps  2616] ret_mean=0.965 ep_len=5.6 pi_loss=-0.012 v_loss=0.000 ent=2.026 kl=0.0058
[upd  106 | steps   27136 | t   10.4s | sps  2616] ret_mean=0.964 ep_len=5.8 pi_loss=-0.019 v_loss=0.001 ent=2.064 kl=0.0207
[upd  107 | steps   27392 | t   10.5s | sps  2617] ret_mean=0.961 ep_len=6.2 pi_loss=-0.013 v_loss=0.001 ent=2.189 kl=0.0070
[upd  108 | steps   27648 | t   10.6s | sps  2617] ret_mean=0.960 ep_len=6.5 pi_loss=-0.007 v_loss=0.001 ent=2.204 kl=0.0000
[upd  109 | steps   27904 | t   10.7s | sps  2617] ret_mean=0.963 ep_len=5.8 pi_loss=-0.010 v_loss=0.001 ent=2.232 kl=0.0252
[upd  110 | steps   28160 | t   10.8s | sps  2617] ret_mean=0.966 ep_len=5.5 pi_loss=-0.015 v_loss=0.001 ent=2.108 kl=0.0151
[upd  111 | steps   28416 | t   10.9s | sps  2617] ret_mean=0.968 ep_len=5.2 pi_loss=-0.004 v_loss=0.000 ent=2.102 kl=-0.0010
[upd  112 | steps   28672 | t   11.0s | sps  2617] ret_mean=0.966 ep_len=5.4 pi_loss=-0.009 v_loss=0.001 ent=2.138 kl=0.0018
[upd  113 | steps   28928 | t   11.1s | sps  2618] ret_mean=0.963 ep_len=5.9 pi_loss=-0.016 v_loss=0.000 ent=2.153 kl=0.0066
[upd  114 | steps   29184 | t   11.1s | sps  2618] ret_mean=0.968 ep_len=5.1 pi_loss=-0.020 v_loss=0.000 ent=2.174 kl=-0.0041
[upd  115 | steps   29440 | t   11.2s | sps  2619] ret_mean=0.969 ep_len=4.9 pi_loss=-0.016 v_loss=0.000 ent=2.131 kl=0.0113
[upd  116 | steps   29696 | t   11.3s | sps  2620] ret_mean=0.967 ep_len=5.2 pi_loss=-0.015 v_loss=0.000 ent=2.119 kl=0.0137
[upd  117 | steps   29952 | t   11.4s | sps  2621] ret_mean=0.967 ep_len=5.2 pi_loss=-0.009 v_loss=0.001 ent=2.088 kl=0.0045
[upd  118 | steps   30208 | t   11.5s | sps  2620] ret_mean=0.958 ep_len=6.7 pi_loss=-0.015 v_loss=0.001 ent=2.105 kl=0.0170
[upd  119 | steps   30464 | t   11.6s | sps  2621] ret_mean=0.961 ep_len=6.3 pi_loss=-0.014 v_loss=0.001 ent=2.151 kl=0.0219
[upd  120 | steps   30720 | t   11.7s | sps  2621] ret_mean=0.965 ep_len=5.6 pi_loss=-0.012 v_loss=0.000 ent=2.100 kl=0.0142
        [eval] ret_mean=0.965 ep_len=5.7
[upd  121 | steps   30976 | t   11.8s | sps  2620] ret_mean=0.966 ep_len=5.5 pi_loss=-0.012 v_loss=0.000 ent=2.052 kl=0.0116
[upd  122 | steps   31232 | t   11.9s | sps  2620] ret_mean=0.968 ep_len=5.1 pi_loss=-0.011 v_loss=0.000 ent=2.152 kl=0.0150
[upd  123 | steps   31488 | t   12.0s | sps  2620] ret_mean=0.971 ep_len=4.7 pi_loss=-0.002 v_loss=0.000 ent=2.107 kl=0.0181
[upd  124 | steps   31744 | t   12.1s | sps  2620] ret_mean=0.964 ep_len=5.8 pi_loss=-0.014 v_loss=0.000 ent=2.236 kl=0.0235
[upd  125 | steps   32000 | t   12.2s | sps  2620] ret_mean=0.969 ep_len=4.9 pi_loss=-0.019 v_loss=0.000 ent=2.195 kl=0.0147
[upd  126 | steps   32256 | t   12.3s | sps  2621] ret_mean=0.968 ep_len=5.1 pi_loss=-0.017 v_loss=0.000 ent=2.212 kl=0.0134
[upd  127 | steps   32512 | t   12.4s | sps  2621] ret_mean=0.968 ep_len=5.1 pi_loss=-0.012 v_loss=0.000 ent=2.304 kl=0.0068
[upd  128 | steps   32768 | t   12.5s | sps  2621] ret_mean=0.968 ep_len=5.1 pi_loss=-0.008 v_loss=0.000 ent=2.272 kl=0.0047
[upd  129 | steps   33024 | t   12.6s | sps  2621] ret_mean=0.967 ep_len=5.2 pi_loss=-0.013 v_loss=0.000 ent=2.220 kl=0.0292
[upd  130 | steps   33280 | t   12.7s | sps  2621] ret_mean=0.968 ep_len=5.1 pi_loss=-0.004 v_loss=0.000 ent=2.285 kl=0.0126
[upd  131 | steps   33536 | t   12.8s | sps  2621] ret_mean=0.966 ep_len=5.4 pi_loss=-0.016 v_loss=0.000 ent=2.276 kl=0.0021
[upd  132 | steps   33792 | t   12.9s | sps  2622] ret_mean=0.967 ep_len=5.3 pi_loss=-0.015 v_loss=0.000 ent=2.243 kl=0.0032
[upd  133 | steps   34048 | t   13.0s | sps  2623] ret_mean=0.969 ep_len=4.9 pi_loss=-0.016 v_loss=0.000 ent=2.222 kl=-0.0034
[upd  134 | steps   34304 | t   13.1s | sps  2624] ret_mean=0.968 ep_len=5.1 pi_loss=-0.016 v_loss=0.000 ent=2.244 kl=0.0081
[upd  135 | steps   34560 | t   13.2s | sps  2625] ret_mean=0.971 ep_len=4.6 pi_loss=-0.010 v_loss=0.000 ent=2.218 kl=0.0126
[upd  136 | steps   34816 | t   13.3s | sps  2620] ret_mean=0.964 ep_len=5.8 pi_loss=-0.018 v_loss=0.000 ent=2.310 kl=0.0221
[upd  137 | steps   35072 | t   13.4s | sps  2620] ret_mean=0.971 ep_len=4.6 pi_loss=-0.018 v_loss=0.000 ent=2.237 kl=0.0017
[upd  138 | steps   35328 | t   13.5s | sps  2621] ret_mean=0.971 ep_len=4.7 pi_loss=-0.003 v_loss=0.000 ent=2.247 kl=0.0127
[upd  139 | steps   35584 | t   13.6s | sps  2621] ret_mean=0.971 ep_len=4.7 pi_loss=-0.013 v_loss=0.000 ent=2.236 kl=0.0028
[upd  140 | steps   35840 | t   13.7s | sps  2621] ret_mean=0.968 ep_len=5.1 pi_loss=-0.014 v_loss=0.000 ent=2.183 kl=-0.0007
        [eval] ret_mean=0.975 ep_len=4.0
[upd  141 | steps   36096 | t   13.8s | sps  2621] ret_mean=0.971 ep_len=4.6 pi_loss=-0.006 v_loss=0.000 ent=2.191 kl=0.0105
[upd  142 | steps   36352 | t   13.9s | sps  2621] ret_mean=0.971 ep_len=4.6 pi_loss=-0.011 v_loss=0.000 ent=2.198 kl=0.0229
[upd  143 | steps   36608 | t   14.0s | sps  2622] ret_mean=0.971 ep_len=4.6 pi_loss=-0.016 v_loss=0.000 ent=2.164 kl=0.0128
[upd  144 | steps   36864 | t   14.1s | sps  2622] ret_mean=0.972 ep_len=4.5 pi_loss=-0.007 v_loss=0.000 ent=2.124 kl=0.0266
[upd  145 | steps   37120 | t   14.2s | sps  2622] ret_mean=0.971 ep_len=4.6 pi_loss=-0.014 v_loss=0.000 ent=2.091 kl=0.0115
[upd  146 | steps   37376 | t   14.3s | sps  2622] ret_mean=0.966 ep_len=5.4 pi_loss=-0.004 v_loss=0.000 ent=2.135 kl=0.0111
[upd  147 | steps   37632 | t   14.4s | sps  2622] ret_mean=0.974 ep_len=4.1 pi_loss=-0.020 v_loss=0.000 ent=2.061 kl=0.0106
[upd  148 | steps   37888 | t   14.4s | sps  2623] ret_mean=0.970 ep_len=4.8 pi_loss=-0.011 v_loss=0.000 ent=2.052 kl=0.0135
[upd  149 | steps   38144 | t   14.5s | sps  2623] ret_mean=0.970 ep_len=4.8 pi_loss=-0.018 v_loss=0.000 ent=2.098 kl=-0.0022
[upd  150 | steps   38400 | t   14.6s | sps  2624] ret_mean=0.972 ep_len=4.5 pi_loss=-0.019 v_loss=0.000 ent=2.053 kl=0.0153
[upd  151 | steps   38656 | t   14.7s | sps  2624] ret_mean=0.971 ep_len=4.6 pi_loss=-0.011 v_loss=0.000 ent=2.066 kl=0.0204
[upd  152 | steps   38912 | t   14.8s | sps  2624] ret_mean=0.969 ep_len=5.0 pi_loss=-0.016 v_loss=0.000 ent=1.933 kl=0.0166
[upd  153 | steps   39168 | t   14.9s | sps  2625] ret_mean=0.972 ep_len=4.5 pi_loss=-0.005 v_loss=0.000 ent=1.905 kl=0.0047
[upd  154 | steps   39424 | t   15.0s | sps  2624] ret_mean=0.973 ep_len=4.3 pi_loss=-0.005 v_loss=0.000 ent=1.972 kl=0.0188
[upd  155 | steps   39680 | t   15.1s | sps  2624] ret_mean=0.970 ep_len=4.8 pi_loss=-0.014 v_loss=0.000 ent=1.955 kl=0.0180
[upd  156 | steps   39936 | t   15.2s | sps  2624] ret_mean=0.969 ep_len=5.0 pi_loss=-0.012 v_loss=0.000 ent=1.989 kl=0.0042
[upd  157 | steps   40192 | t   15.3s | sps  2624] ret_mean=0.972 ep_len=4.5 pi_loss=-0.022 v_loss=0.000 ent=1.943 kl=0.0172
[upd  158 | steps   40448 | t   15.4s | sps  2624] ret_mean=0.973 ep_len=4.3 pi_loss=-0.010 v_loss=0.000 ent=1.924 kl=0.0055
[upd  159 | steps   40704 | t   15.5s | sps  2624] ret_mean=0.970 ep_len=4.8 pi_loss=-0.018 v_loss=0.000 ent=1.884 kl=0.0109
[upd  160 | steps   40960 | t   15.6s | sps  2624] ret_mean=0.974 ep_len=4.1 pi_loss=-0.011 v_loss=0.000 ent=1.836 kl=0.0064
        [eval] ret_mean=0.973 ep_len=4.3
[upd  161 | steps   41216 | t   15.7s | sps  2623] ret_mean=0.975 ep_len=4.0 pi_loss=-0.019 v_loss=0.000 ent=1.878 kl=0.0249
[upd  162 | steps   41472 | t   15.8s | sps  2623] ret_mean=0.974 ep_len=4.2 pi_loss=-0.018 v_loss=0.000 ent=1.896 kl=0.0210
[upd  163 | steps   41728 | t   15.9s | sps  2623] ret_mean=0.971 ep_len=4.7 pi_loss=-0.010 v_loss=0.000 ent=1.902 kl=0.0051
[upd  164 | steps   41984 | t   16.0s | sps  2623] ret_mean=0.972 ep_len=4.4 pi_loss=-0.007 v_loss=0.000 ent=1.915 kl=0.0037
[upd  165 | steps   42240 | t   16.1s | sps  2623] ret_mean=0.972 ep_len=4.6 pi_loss=-0.012 v_loss=0.000 ent=1.851 kl=0.0081
[upd  166 | steps   42496 | t   16.2s | sps  2622] ret_mean=0.974 ep_len=4.1 pi_loss=-0.007 v_loss=0.000 ent=1.926 kl=0.0069
[upd  167 | steps   42752 | t   16.3s | sps  2622] ret_mean=0.975 ep_len=4.0 pi_loss=-0.018 v_loss=0.000 ent=1.846 kl=0.0195
[upd  168 | steps   43008 | t   16.4s | sps  2623] ret_mean=0.974 ep_len=4.2 pi_loss=-0.009 v_loss=0.000 ent=1.831 kl=0.0150
[upd  169 | steps   43264 | t   16.5s | sps  2623] ret_mean=0.975 ep_len=3.9 pi_loss=-0.003 v_loss=0.000 ent=1.829 kl=0.0005
[upd  170 | steps   43520 | t   16.6s | sps  2622] ret_mean=0.975 ep_len=4.0 pi_loss=-0.009 v_loss=0.000 ent=1.827 kl=0.0134
[upd  171 | steps   43776 | t   16.7s | sps  2622] ret_mean=0.976 ep_len=3.9 pi_loss=-0.014 v_loss=0.000 ent=1.849 kl=0.0201
[upd  172 | steps   44032 | t   16.8s | sps  2622] ret_mean=0.974 ep_len=4.1 pi_loss=-0.016 v_loss=0.000 ent=1.802 kl=0.0055
[upd  173 | steps   44288 | t   16.9s | sps  2622] ret_mean=0.972 ep_len=4.4 pi_loss=-0.024 v_loss=0.000 ent=1.849 kl=0.0373
[upd  174 | steps   44544 | t   17.0s | sps  2622] ret_mean=0.973 ep_len=4.2 pi_loss=-0.012 v_loss=0.000 ent=1.733 kl=0.0114
[upd  175 | steps   44800 | t   17.1s | sps  2621] ret_mean=0.975 ep_len=4.0 pi_loss=-0.011 v_loss=0.000 ent=1.755 kl=0.0015
[upd  176 | steps   45056 | t   17.2s | sps  2621] ret_mean=0.974 ep_len=4.1 pi_loss=-0.017 v_loss=0.000 ent=1.736 kl=0.0089
[upd  177 | steps   45312 | t   17.3s | sps  2621] ret_mean=0.973 ep_len=4.3 pi_loss=-0.014 v_loss=0.000 ent=1.614 kl=0.0349
[upd  178 | steps   45568 | t   17.4s | sps  2622] ret_mean=0.976 ep_len=3.8 pi_loss=-0.008 v_loss=0.000 ent=1.642 kl=0.0022
[upd  179 | steps   45824 | t   17.5s | sps  2622] ret_mean=0.974 ep_len=4.2 pi_loss=-0.013 v_loss=0.000 ent=1.652 kl=0.0267
[upd  180 | steps   46080 | t   17.6s | sps  2622] ret_mean=0.975 ep_len=4.0 pi_loss=-0.007 v_loss=0.000 ent=1.653 kl=0.0158
        [eval] ret_mean=0.979 ep_len=3.3
[upd  181 | steps   46336 | t   17.7s | sps  2622] ret_mean=0.973 ep_len=4.3 pi_loss=-0.006 v_loss=0.000 ent=1.679 kl=0.0144
[upd  182 | steps   46592 | t   17.8s | sps  2623] ret_mean=0.973 ep_len=4.4 pi_loss=-0.023 v_loss=0.000 ent=1.569 kl=0.0206
[upd  183 | steps   46848 | t   17.9s | sps  2623] ret_mean=0.975 ep_len=4.0 pi_loss=-0.013 v_loss=0.000 ent=1.561 kl=0.0239
[upd  184 | steps   47104 | t   18.0s | sps  2623] ret_mean=0.976 ep_len=3.8 pi_loss=-0.006 v_loss=0.000 ent=1.585 kl=0.0063
[upd  185 | steps   47360 | t   18.1s | sps  2624] ret_mean=0.975 ep_len=4.0 pi_loss=-0.019 v_loss=0.000 ent=1.637 kl=0.0279
[upd  186 | steps   47616 | t   18.1s | sps  2624] ret_mean=0.975 ep_len=4.0 pi_loss=-0.012 v_loss=0.000 ent=1.602 kl=0.0133
[upd  187 | steps   47872 | t   18.3s | sps  2619] ret_mean=0.975 ep_len=4.1 pi_loss=-0.016 v_loss=0.000 ent=1.632 kl=0.0264
[upd  188 | steps   48128 | t   18.4s | sps  2619] ret_mean=0.971 ep_len=4.6 pi_loss=-0.012 v_loss=0.000 ent=1.614 kl=0.0135
[upd  189 | steps   48384 | t   18.5s | sps  2619] ret_mean=0.974 ep_len=4.1 pi_loss=-0.010 v_loss=0.000 ent=1.553 kl=0.0058
[upd  190 | steps   48640 | t   18.6s | sps  2619] ret_mean=0.975 ep_len=4.0 pi_loss=-0.017 v_loss=0.000 ent=1.551 kl=0.0042
[upd  191 | steps   48896 | t   18.7s | sps  2619] ret_mean=0.974 ep_len=4.1 pi_loss=-0.016 v_loss=0.000 ent=1.505 kl=0.0169
[upd  192 | steps   49152 | t   18.8s | sps  2618] ret_mean=0.977 ep_len=3.7 pi_loss=-0.008 v_loss=0.000 ent=1.454 kl=0.0118
[upd  193 | steps   49408 | t   18.9s | sps  2618] ret_mean=0.976 ep_len=3.8 pi_loss=-0.012 v_loss=0.000 ent=1.404 kl=0.0144
[upd  194 | steps   49664 | t   19.0s | sps  2618] ret_mean=0.976 ep_len=3.9 pi_loss=-0.002 v_loss=0.000 ent=1.399 kl=0.0005
[upd  195 | steps   49920 | t   19.1s | sps  2617] ret_mean=0.976 ep_len=3.8 pi_loss=-0.006 v_loss=0.000 ent=1.451 kl=0.0092
[upd  196 | steps   50176 | t   19.2s | sps  2617] ret_mean=0.975 ep_len=4.0 pi_loss=-0.002 v_loss=0.000 ent=1.448 kl=0.0014
[upd  197 | steps   50432 | t   19.3s | sps  2617] ret_mean=0.976 ep_len=3.9 pi_loss=-0.021 v_loss=0.000 ent=1.455 kl=0.0297
[upd  198 | steps   50688 | t   19.4s | sps  2617] ret_mean=0.977 ep_len=3.7 pi_loss=-0.002 v_loss=0.000 ent=1.454 kl=0.0056
[upd  199 | steps   50944 | t   19.5s | sps  2616] ret_mean=0.977 ep_len=3.7 pi_loss=-0.011 v_loss=0.000 ent=1.399 kl=0.0076
[upd  200 | steps   51200 | t   19.6s | sps  2616] ret_mean=0.976 ep_len=3.8 pi_loss=-0.006 v_loss=0.000 ent=1.418 kl=0.0039
        [eval] ret_mean=0.979 ep_len=3.3
