/Users/samchen/Coding/CLASSES/CS2860/.venv/lib/python3.13/site-packages/pygame/pkgdata.py:25: UserWarning: pkg_resources is deprecated as an API. See https://setuptools.pypa.io/en/latest/pkg_resources.html. The pkg_resources package is slated for removal as early as 2025-11-30. Refrain from using this package or pin to Setuptools<81.
  from pkg_resources import resource_stream, resource_exists
[env] EnvSpec(env_id='MultiGrid-Empty-Random-6x6-v0', n_agents=2, obs_dim=151, n_env_actions=7, noop_action=6, family='multigrid')  (n_msg_tokens=1)
[cfg] {'clip_range': 0.2, 'value_clip_range': 0.2, 'entropy_coef': 0.01, 'value_coef': 0.5, 'max_grad_norm': 0.5, 'gamma': 0.99, 'gae_lambda': 0.95, 'lr_actor': 0.0003, 'lr_critic': 0.001, 'update_epochs': 4, 'minibatches': 4, 'hidden': 128, 'depth': 2, 'device': 'cpu', 'extra': {}}
[log] writing to runs/multigrid-6x6-random-2ag-nocomm
[upd    1 | steps     256 | t    0.2s | sps  1143] ret_mean=0.366 ep_len=93.5 pi_loss=-0.008 v_loss=0.012 ent=1.945 kl=-0.0015
[upd    2 | steps     512 | t    0.3s | sps  1636] ret_mean=0.450 ep_len=82.7 pi_loss=-0.005 v_loss=0.015 ent=1.939 kl=-0.0046
[upd    3 | steps     768 | t    0.4s | sps  1896] ret_mean=0.630 ep_len=59.2 pi_loss=-0.003 v_loss=0.019 ent=1.930 kl=-0.0008
[upd    4 | steps    1024 | t    0.5s | sps  2050] ret_mean=0.436 ep_len=86.2 pi_loss=-0.010 v_loss=0.015 ent=1.923 kl=0.0029
[upd    5 | steps    1280 | t    0.6s | sps  2158] ret_mean=0.529 ep_len=70.0 pi_loss=-0.005 v_loss=0.012 ent=1.918 kl=0.0029
[upd    6 | steps    1536 | t    0.7s | sps  2241] ret_mean=0.347 ep_len=96.5 pi_loss=-0.006 v_loss=0.006 ent=1.913 kl=-0.0037
[upd    7 | steps    1792 | t    0.8s | sps  2308] ret_mean=0.433 ep_len=85.3 pi_loss=-0.005 v_loss=0.009 ent=1.883 kl=0.0098
[upd    8 | steps    2048 | t    0.9s | sps  2365] ret_mean=0.466 ep_len=81.5 pi_loss=-0.011 v_loss=0.012 ent=1.846 kl=0.0003
[upd    9 | steps    2304 | t    1.0s | sps  2414] ret_mean=0.511 ep_len=74.2 pi_loss=-0.004 v_loss=0.009 ent=1.824 kl=0.0064
[upd   10 | steps    2560 | t    1.0s | sps  2451] ret_mean=0.832 ep_len=26.8 pi_loss=-0.007 v_loss=0.021 ent=1.795 kl=0.0104
[upd   11 | steps    2816 | t    1.1s | sps  2482] ret_mean=0.371 ep_len=95.3 pi_loss=-0.006 v_loss=0.006 ent=1.765 kl=0.0021
[upd   12 | steps    3072 | t    1.2s | sps  2506] ret_mean=0.392 ep_len=92.0 pi_loss=-0.012 v_loss=0.005 ent=1.716 kl=0.0073
[upd   13 | steps    3328 | t    1.3s | sps  2526] ret_mean=0.713 ep_len=43.6 pi_loss=0.000 v_loss=0.022 ent=1.726 kl=-0.0003
[upd   14 | steps    3584 | t    1.4s | sps  2544] ret_mean=0.876 ep_len=19.9 pi_loss=-0.010 v_loss=0.021 ent=1.694 kl=-0.0071
[upd   15 | steps    3840 | t    1.5s | sps  2562] ret_mean=0.521 ep_len=76.7 pi_loss=-0.007 v_loss=0.007 ent=1.682 kl=0.0035
[upd   16 | steps    4096 | t    1.6s | sps  2533] ret_mean=0.851 ep_len=23.8 pi_loss=-0.013 v_loss=0.016 ent=1.668 kl=0.0094
[upd   17 | steps    4352 | t    1.7s | sps  2551] ret_mean=0.885 ep_len=18.4 pi_loss=-0.014 v_loss=0.014 ent=1.626 kl=0.0130
[upd   18 | steps    4608 | t    1.8s | sps  2565] ret_mean=0.841 ep_len=24.4 pi_loss=-0.006 v_loss=0.019 ent=1.680 kl=0.0065
[upd   19 | steps    4864 | t    1.9s | sps  2581] ret_mean=0.827 ep_len=27.7 pi_loss=-0.015 v_loss=0.009 ent=1.633 kl=0.0159
[upd   20 | steps    5120 | t    2.0s | sps  2599] ret_mean=0.781 ep_len=35.0 pi_loss=-0.000 v_loss=0.006 ent=1.646 kl=0.0021
        [eval] ret_mean=0.329 ep_len=96.7
[upd   21 | steps    5376 | t    2.1s | sps  2552] ret_mean=0.706 ep_len=47.0 pi_loss=-0.014 v_loss=0.006 ent=1.591 kl=-0.0000
[upd   22 | steps    5632 | t    2.2s | sps  2565] ret_mean=0.897 ep_len=16.5 pi_loss=-0.004 v_loss=0.011 ent=1.518 kl=0.0032
[upd   23 | steps    5888 | t    2.3s | sps  2573] ret_mean=0.693 ep_len=46.9 pi_loss=-0.010 v_loss=0.012 ent=1.463 kl=0.0081
[upd   24 | steps    6144 | t    2.4s | sps  2578] ret_mean=0.875 ep_len=20.0 pi_loss=-0.006 v_loss=0.010 ent=1.434 kl=0.0049
[upd   25 | steps    6400 | t    2.5s | sps  2583] ret_mean=0.765 ep_len=37.6 pi_loss=-0.007 v_loss=0.006 ent=1.474 kl=0.0116
[upd   26 | steps    6656 | t    2.6s | sps  2591] ret_mean=0.804 ep_len=31.4 pi_loss=-0.008 v_loss=0.008 ent=1.456 kl=0.0046
[upd   27 | steps    6912 | t    2.7s | sps  2599] ret_mean=0.816 ep_len=29.5 pi_loss=-0.007 v_loss=0.007 ent=1.382 kl=0.0028
[upd   28 | steps    7168 | t    2.7s | sps  2608] ret_mean=0.822 ep_len=28.6 pi_loss=-0.001 v_loss=0.007 ent=1.274 kl=-0.0049
[upd   29 | steps    7424 | t    2.8s | sps  2617] ret_mean=0.800 ep_len=32.0 pi_loss=-0.009 v_loss=0.004 ent=1.237 kl=0.0026
[upd   30 | steps    7680 | t    2.9s | sps  2625] ret_mean=0.770 ep_len=36.8 pi_loss=-0.002 v_loss=0.010 ent=1.335 kl=0.0062
[upd   31 | steps    7936 | t    3.0s | sps  2632] ret_mean=0.853 ep_len=23.6 pi_loss=-0.004 v_loss=0.007 ent=1.292 kl=-0.0021
[upd   32 | steps    8192 | t    3.1s | sps  2637] ret_mean=0.818 ep_len=29.1 pi_loss=-0.006 v_loss=0.006 ent=1.253 kl=0.0037
[upd   33 | steps    8448 | t    3.2s | sps  2643] ret_mean=0.876 ep_len=19.8 pi_loss=-0.008 v_loss=0.008 ent=1.339 kl=0.0181
[upd   34 | steps    8704 | t    3.3s | sps  2650] ret_mean=0.802 ep_len=31.7 pi_loss=-0.010 v_loss=0.006 ent=1.296 kl=0.0087
[upd   35 | steps    8960 | t    3.4s | sps  2654] ret_mean=0.910 ep_len=14.4 pi_loss=-0.006 v_loss=0.006 ent=1.258 kl=0.0016
[upd   36 | steps    9216 | t    3.5s | sps  2657] ret_mean=0.863 ep_len=21.9 pi_loss=-0.003 v_loss=0.011 ent=1.182 kl=0.0035
[upd   37 | steps    9472 | t    3.6s | sps  2660] ret_mean=0.901 ep_len=15.8 pi_loss=-0.005 v_loss=0.007 ent=1.263 kl=0.0052
[upd   38 | steps    9728 | t    3.7s | sps  2664] ret_mean=0.878 ep_len=19.5 pi_loss=-0.009 v_loss=0.006 ent=1.235 kl=0.0035
[upd   39 | steps    9984 | t    3.7s | sps  2668] ret_mean=0.905 ep_len=15.2 pi_loss=-0.005 v_loss=0.005 ent=1.245 kl=0.0012
[upd   40 | steps   10240 | t    3.8s | sps  2671] ret_mean=0.912 ep_len=14.1 pi_loss=-0.012 v_loss=0.004 ent=1.265 kl=0.0166
        [eval] ret_mean=0.000 ep_len=144.0
[upd   41 | steps   10496 | t    4.0s | sps  2630] ret_mean=0.868 ep_len=21.2 pi_loss=-0.007 v_loss=0.003 ent=1.230 kl=0.0147
[upd   42 | steps   10752 | t    4.1s | sps  2613] ret_mean=0.919 ep_len=13.0 pi_loss=-0.002 v_loss=0.004 ent=1.204 kl=0.0043
[upd   43 | steps   11008 | t    4.2s | sps  2615] ret_mean=0.923 ep_len=12.4 pi_loss=-0.007 v_loss=0.003 ent=1.121 kl=0.0129
[upd   44 | steps   11264 | t    4.3s | sps  2623] ret_mean=0.920 ep_len=12.8 pi_loss=-0.005 v_loss=0.003 ent=1.112 kl=0.0064
[upd   45 | steps   11520 | t    4.4s | sps  2628] ret_mean=0.916 ep_len=13.5 pi_loss=-0.005 v_loss=0.004 ent=1.151 kl=0.0042
[upd   46 | steps   11776 | t    4.5s | sps  2631] ret_mean=0.914 ep_len=13.7 pi_loss=-0.012 v_loss=0.004 ent=1.129 kl=0.0059
[upd   47 | steps   12032 | t    4.6s | sps  2634] ret_mean=0.942 ep_len=9.2 pi_loss=-0.008 v_loss=0.003 ent=1.141 kl=0.0174
[upd   48 | steps   12288 | t    4.7s | sps  2638] ret_mean=0.935 ep_len=10.5 pi_loss=-0.006 v_loss=0.002 ent=1.087 kl=0.0128
[upd   49 | steps   12544 | t    4.8s | sps  2640] ret_mean=0.940 ep_len=9.6 pi_loss=-0.003 v_loss=0.002 ent=1.066 kl=0.0049
[upd   50 | steps   12800 | t    4.8s | sps  2643] ret_mean=0.932 ep_len=10.8 pi_loss=-0.008 v_loss=0.003 ent=0.937 kl=0.0148
[upd   51 | steps   13056 | t    4.9s | sps  2645] ret_mean=0.948 ep_len=8.2 pi_loss=-0.003 v_loss=0.001 ent=0.922 kl=0.0006
[upd   52 | steps   13312 | t    5.0s | sps  2649] ret_mean=0.940 ep_len=9.5 pi_loss=-0.003 v_loss=0.002 ent=0.863 kl=0.0086
[upd   53 | steps   13568 | t    5.1s | sps  2653] ret_mean=0.941 ep_len=9.4 pi_loss=-0.013 v_loss=0.001 ent=0.881 kl=0.0213
[upd   54 | steps   13824 | t    5.2s | sps  2656] ret_mean=0.937 ep_len=10.1 pi_loss=-0.000 v_loss=0.001 ent=0.958 kl=0.0122
[upd   55 | steps   14080 | t    5.3s | sps  2658] ret_mean=0.939 ep_len=9.7 pi_loss=-0.007 v_loss=0.001 ent=0.938 kl=0.0003
[upd   56 | steps   14336 | t    5.4s | sps  2659] ret_mean=0.950 ep_len=7.9 pi_loss=-0.011 v_loss=0.001 ent=0.931 kl=0.0199
[upd   57 | steps   14592 | t    5.5s | sps  2661] ret_mean=0.947 ep_len=8.4 pi_loss=-0.007 v_loss=0.002 ent=0.895 kl=0.0157
[upd   58 | steps   14848 | t    5.6s | sps  2662] ret_mean=0.947 ep_len=8.4 pi_loss=-0.006 v_loss=0.001 ent=0.887 kl=0.0107
[upd   59 | steps   15104 | t    5.7s | sps  2663] ret_mean=0.961 ep_len=6.3 pi_loss=-0.011 v_loss=0.001 ent=0.876 kl=0.0083
[upd   60 | steps   15360 | t    5.8s | sps  2665] ret_mean=0.951 ep_len=7.9 pi_loss=-0.016 v_loss=0.001 ent=0.835 kl=0.0097
        [eval] ret_mean=0.329 ep_len=96.7
[upd   61 | steps   15616 | t    5.9s | sps  2646] ret_mean=0.952 ep_len=7.6 pi_loss=-0.004 v_loss=0.001 ent=0.856 kl=0.0148
[upd   62 | steps   15872 | t    6.0s | sps  2648] ret_mean=0.959 ep_len=6.5 pi_loss=-0.005 v_loss=0.001 ent=0.753 kl=0.0036
[upd   63 | steps   16128 | t    6.1s | sps  2649] ret_mean=0.942 ep_len=9.2 pi_loss=-0.007 v_loss=0.001 ent=0.726 kl=0.0087
[upd   64 | steps   16384 | t    6.2s | sps  2651] ret_mean=0.956 ep_len=7.0 pi_loss=0.001 v_loss=0.002 ent=0.724 kl=0.0106
[upd   65 | steps   16640 | t    6.3s | sps  2654] ret_mean=0.946 ep_len=8.7 pi_loss=-0.003 v_loss=0.002 ent=0.636 kl=0.0134
[upd   66 | steps   16896 | t    6.4s | sps  2657] ret_mean=0.946 ep_len=8.6 pi_loss=-0.016 v_loss=0.001 ent=0.731 kl=0.0232
[upd   67 | steps   17152 | t    6.5s | sps  2659] ret_mean=0.947 ep_len=8.5 pi_loss=-0.013 v_loss=0.001 ent=0.735 kl=0.0291
[upd   68 | steps   17408 | t    6.5s | sps  2661] ret_mean=0.960 ep_len=6.5 pi_loss=-0.006 v_loss=0.001 ent=0.608 kl=0.0102
[upd   69 | steps   17664 | t    6.6s | sps  2663] ret_mean=0.960 ep_len=6.4 pi_loss=-0.003 v_loss=0.001 ent=0.669 kl=0.0075
[upd   70 | steps   17920 | t    6.7s | sps  2665] ret_mean=0.957 ep_len=6.8 pi_loss=-0.003 v_loss=0.001 ent=0.672 kl=-0.0004
[upd   71 | steps   18176 | t    6.8s | sps  2665] ret_mean=0.958 ep_len=6.7 pi_loss=-0.004 v_loss=0.001 ent=0.635 kl=0.0144
[upd   72 | steps   18432 | t    6.9s | sps  2666] ret_mean=0.961 ep_len=6.2 pi_loss=-0.010 v_loss=0.001 ent=0.604 kl=0.0214
[upd   73 | steps   18688 | t    7.0s | sps  2670] ret_mean=0.951 ep_len=7.9 pi_loss=-0.013 v_loss=0.001 ent=0.634 kl=0.0175
[upd   74 | steps   18944 | t    7.1s | sps  2674] ret_mean=0.960 ep_len=6.3 pi_loss=-0.002 v_loss=0.001 ent=0.638 kl=0.0371
[upd   75 | steps   19200 | t    7.2s | sps  2676] ret_mean=0.961 ep_len=6.2 pi_loss=-0.003 v_loss=0.001 ent=0.572 kl=0.0087
[upd   76 | steps   19456 | t    7.3s | sps  2679] ret_mean=0.961 ep_len=6.2 pi_loss=-0.004 v_loss=0.001 ent=0.586 kl=0.0057
[upd   77 | steps   19712 | t    7.3s | sps  2682] ret_mean=0.954 ep_len=7.4 pi_loss=-0.007 v_loss=0.001 ent=0.603 kl=0.0338
[upd   78 | steps   19968 | t    7.4s | sps  2683] ret_mean=0.959 ep_len=6.5 pi_loss=-0.013 v_loss=0.001 ent=0.580 kl=0.0252
[upd   79 | steps   20224 | t    7.5s | sps  2683] ret_mean=0.961 ep_len=6.2 pi_loss=-0.001 v_loss=0.001 ent=0.611 kl=0.0152
[upd   80 | steps   20480 | t    7.6s | sps  2683] ret_mean=0.955 ep_len=7.1 pi_loss=-0.008 v_loss=0.001 ent=0.532 kl=0.0125
        [eval] ret_mean=0.000 ep_len=144.0
[upd   81 | steps   20736 | t    7.8s | sps  2661] ret_mean=0.951 ep_len=7.9 pi_loss=0.000 v_loss=0.001 ent=0.502 kl=0.0025
[upd   82 | steps   20992 | t    7.9s | sps  2663] ret_mean=0.960 ep_len=6.3 pi_loss=0.002 v_loss=0.001 ent=0.522 kl=0.0022
[upd   83 | steps   21248 | t    8.0s | sps  2664] ret_mean=0.961 ep_len=6.3 pi_loss=-0.000 v_loss=0.001 ent=0.562 kl=0.0136
[upd   84 | steps   21504 | t    8.1s | sps  2665] ret_mean=0.963 ep_len=5.9 pi_loss=-0.001 v_loss=0.001 ent=0.532 kl=0.0120
[upd   85 | steps   21760 | t    8.2s | sps  2666] ret_mean=0.963 ep_len=6.0 pi_loss=-0.004 v_loss=0.001 ent=0.585 kl=0.0143
[upd   86 | steps   22016 | t    8.3s | sps  2668] ret_mean=0.964 ep_len=5.8 pi_loss=-0.006 v_loss=0.000 ent=0.579 kl=0.0052
[upd   87 | steps   22272 | t    8.4s | sps  2658] ret_mean=0.968 ep_len=5.1 pi_loss=0.002 v_loss=0.001 ent=0.557 kl=0.0100
[upd   88 | steps   22528 | t    8.5s | sps  2658] ret_mean=0.961 ep_len=6.2 pi_loss=-0.004 v_loss=0.001 ent=0.585 kl=0.0077
[upd   89 | steps   22784 | t    8.6s | sps  2659] ret_mean=0.965 ep_len=5.6 pi_loss=-0.012 v_loss=0.000 ent=0.602 kl=0.0323
[upd   90 | steps   23040 | t    8.7s | sps  2657] ret_mean=0.962 ep_len=6.0 pi_loss=-0.002 v_loss=0.000 ent=0.553 kl=0.0122
[upd   91 | steps   23296 | t    8.8s | sps  2657] ret_mean=0.963 ep_len=5.9 pi_loss=-0.006 v_loss=0.001 ent=0.564 kl=0.0072
[upd   92 | steps   23552 | t    8.9s | sps  2658] ret_mean=0.961 ep_len=6.3 pi_loss=-0.004 v_loss=0.001 ent=0.559 kl=0.0160
[upd   93 | steps   23808 | t    9.0s | sps  2658] ret_mean=0.965 ep_len=5.6 pi_loss=-0.009 v_loss=0.001 ent=0.533 kl=0.0071
[upd   94 | steps   24064 | t    9.1s | sps  2657] ret_mean=0.961 ep_len=6.2 pi_loss=-0.011 v_loss=0.000 ent=0.559 kl=0.0189
[upd   95 | steps   24320 | t    9.1s | sps  2658] ret_mean=0.963 ep_len=5.9 pi_loss=-0.001 v_loss=0.001 ent=0.548 kl=0.0137
[upd   96 | steps   24576 | t    9.2s | sps  2658] ret_mean=0.967 ep_len=5.2 pi_loss=0.003 v_loss=0.000 ent=0.566 kl=0.0203
[upd   97 | steps   24832 | t    9.3s | sps  2659] ret_mean=0.964 ep_len=5.7 pi_loss=-0.005 v_loss=0.001 ent=0.576 kl=0.0115
[upd   98 | steps   25088 | t    9.4s | sps  2658] ret_mean=0.968 ep_len=5.1 pi_loss=0.003 v_loss=0.000 ent=0.595 kl=0.0069
[upd   99 | steps   25344 | t    9.5s | sps  2658] ret_mean=0.968 ep_len=5.2 pi_loss=-0.011 v_loss=0.000 ent=0.548 kl=0.0179
[upd  100 | steps   25600 | t    9.6s | sps  2659] ret_mean=0.965 ep_len=5.6 pi_loss=-0.001 v_loss=0.001 ent=0.538 kl=0.0045
        [eval] ret_mean=0.660 ep_len=49.0
[upd  101 | steps   25856 | t    9.7s | sps  2653] ret_mean=0.967 ep_len=5.3 pi_loss=0.001 v_loss=0.000 ent=0.576 kl=0.0139
[upd  102 | steps   26112 | t    9.8s | sps  2654] ret_mean=0.967 ep_len=5.3 pi_loss=-0.003 v_loss=0.000 ent=0.526 kl=0.0041
[upd  103 | steps   26368 | t    9.9s | sps  2653] ret_mean=0.967 ep_len=5.3 pi_loss=-0.000 v_loss=0.000 ent=0.518 kl=0.0012
[upd  104 | steps   26624 | t   10.0s | sps  2653] ret_mean=0.973 ep_len=4.3 pi_loss=0.003 v_loss=0.000 ent=0.534 kl=0.0050
[upd  105 | steps   26880 | t   10.1s | sps  2653] ret_mean=0.965 ep_len=5.6 pi_loss=-0.009 v_loss=0.001 ent=0.540 kl=0.0228
[upd  106 | steps   27136 | t   10.2s | sps  2653] ret_mean=0.968 ep_len=5.2 pi_loss=-0.001 v_loss=0.000 ent=0.561 kl=0.0122
[upd  107 | steps   27392 | t   10.3s | sps  2653] ret_mean=0.969 ep_len=5.0 pi_loss=-0.002 v_loss=0.000 ent=0.521 kl=0.0110
[upd  108 | steps   27648 | t   10.4s | sps  2653] ret_mean=0.974 ep_len=4.2 pi_loss=-0.003 v_loss=0.000 ent=0.507 kl=0.0065
[upd  109 | steps   27904 | t   10.5s | sps  2653] ret_mean=0.968 ep_len=5.2 pi_loss=-0.004 v_loss=0.000 ent=0.535 kl=0.0030
[upd  110 | steps   28160 | t   10.6s | sps  2653] ret_mean=0.972 ep_len=4.5 pi_loss=-0.005 v_loss=0.000 ent=0.514 kl=0.0049
[upd  111 | steps   28416 | t   10.7s | sps  2653] ret_mean=0.967 ep_len=5.3 pi_loss=-0.002 v_loss=0.000 ent=0.546 kl=0.0208
[upd  112 | steps   28672 | t   10.8s | sps  2653] ret_mean=0.969 ep_len=5.0 pi_loss=0.008 v_loss=0.000 ent=0.561 kl=0.0091
[upd  113 | steps   28928 | t   10.9s | sps  2653] ret_mean=0.967 ep_len=5.2 pi_loss=-0.004 v_loss=0.000 ent=0.515 kl=0.0056
[upd  114 | steps   29184 | t   11.0s | sps  2653] ret_mean=0.971 ep_len=4.6 pi_loss=-0.015 v_loss=0.000 ent=0.516 kl=0.0088
[upd  115 | steps   29440 | t   11.1s | sps  2653] ret_mean=0.969 ep_len=4.9 pi_loss=0.012 v_loss=0.000 ent=0.540 kl=0.0183
[upd  116 | steps   29696 | t   11.2s | sps  2653] ret_mean=0.968 ep_len=5.1 pi_loss=0.006 v_loss=0.000 ent=0.534 kl=0.0116
[upd  117 | steps   29952 | t   11.3s | sps  2654] ret_mean=0.966 ep_len=5.4 pi_loss=0.002 v_loss=0.000 ent=0.531 kl=0.0120
[upd  118 | steps   30208 | t   11.4s | sps  2654] ret_mean=0.972 ep_len=4.4 pi_loss=-0.003 v_loss=0.000 ent=0.555 kl=0.0067
[upd  119 | steps   30464 | t   11.5s | sps  2655] ret_mean=0.971 ep_len=4.7 pi_loss=-0.003 v_loss=0.000 ent=0.522 kl=0.0191
[upd  120 | steps   30720 | t   11.6s | sps  2655] ret_mean=0.972 ep_len=4.5 pi_loss=-0.006 v_loss=0.000 ent=0.540 kl=0.0148
        [eval] ret_mean=0.973 ep_len=4.3
[upd  121 | steps   30976 | t   11.7s | sps  2653] ret_mean=0.974 ep_len=4.2 pi_loss=-0.013 v_loss=0.000 ent=0.509 kl=0.0148
[upd  122 | steps   31232 | t   11.8s | sps  2650] ret_mean=0.968 ep_len=5.1 pi_loss=-0.003 v_loss=0.000 ent=0.519 kl=0.0022
[upd  123 | steps   31488 | t   11.9s | sps  2651] ret_mean=0.973 ep_len=4.3 pi_loss=0.005 v_loss=0.000 ent=0.502 kl=0.0142
[upd  124 | steps   31744 | t   12.0s | sps  2652] ret_mean=0.968 ep_len=5.1 pi_loss=0.002 v_loss=0.000 ent=0.491 kl=0.0007
[upd  125 | steps   32000 | t   12.1s | sps  2652] ret_mean=0.974 ep_len=4.2 pi_loss=-0.004 v_loss=0.000 ent=0.454 kl=0.0004
[upd  126 | steps   32256 | t   12.2s | sps  2653] ret_mean=0.972 ep_len=4.5 pi_loss=-0.002 v_loss=0.000 ent=0.458 kl=0.0089
[upd  127 | steps   32512 | t   12.3s | sps  2653] ret_mean=0.974 ep_len=4.1 pi_loss=-0.008 v_loss=0.000 ent=0.432 kl=0.0055
[upd  128 | steps   32768 | t   12.4s | sps  2653] ret_mean=0.971 ep_len=4.6 pi_loss=-0.004 v_loss=0.000 ent=0.450 kl=0.0129
[upd  129 | steps   33024 | t   12.4s | sps  2653] ret_mean=0.975 ep_len=4.1 pi_loss=0.002 v_loss=0.000 ent=0.439 kl=0.0010
[upd  130 | steps   33280 | t   12.5s | sps  2653] ret_mean=0.972 ep_len=4.5 pi_loss=0.005 v_loss=0.000 ent=0.450 kl=0.0136
[upd  131 | steps   33536 | t   12.6s | sps  2654] ret_mean=0.971 ep_len=4.6 pi_loss=-0.005 v_loss=0.000 ent=0.424 kl=0.0275
[upd  132 | steps   33792 | t   12.7s | sps  2653] ret_mean=0.971 ep_len=4.6 pi_loss=-0.006 v_loss=0.000 ent=0.455 kl=0.0096
[upd  133 | steps   34048 | t   12.8s | sps  2653] ret_mean=0.975 ep_len=4.0 pi_loss=-0.007 v_loss=0.000 ent=0.414 kl=0.0104
[upd  134 | steps   34304 | t   12.9s | sps  2654] ret_mean=0.973 ep_len=4.4 pi_loss=0.001 v_loss=0.000 ent=0.453 kl=0.0113
[upd  135 | steps   34560 | t   13.0s | sps  2654] ret_mean=0.976 ep_len=3.9 pi_loss=-0.010 v_loss=0.000 ent=0.395 kl=0.0083
[upd  136 | steps   34816 | t   13.1s | sps  2654] ret_mean=0.974 ep_len=4.2 pi_loss=0.021 v_loss=0.000 ent=0.365 kl=0.0250
[upd  137 | steps   35072 | t   13.2s | sps  2655] ret_mean=0.975 ep_len=4.1 pi_loss=0.004 v_loss=0.000 ent=0.389 kl=0.0040
[upd  138 | steps   35328 | t   13.3s | sps  2655] ret_mean=0.973 ep_len=4.3 pi_loss=-0.001 v_loss=0.000 ent=0.367 kl=0.0109
[upd  139 | steps   35584 | t   13.4s | sps  2655] ret_mean=0.973 ep_len=4.3 pi_loss=-0.005 v_loss=0.000 ent=0.398 kl=0.0207
[upd  140 | steps   35840 | t   13.5s | sps  2655] ret_mean=0.970 ep_len=4.8 pi_loss=0.004 v_loss=0.000 ent=0.399 kl=0.0067
        [eval] ret_mean=0.973 ep_len=4.3
[upd  141 | steps   36096 | t   13.6s | sps  2654] ret_mean=0.973 ep_len=4.3 pi_loss=-0.006 v_loss=0.000 ent=0.408 kl=0.0125
[upd  142 | steps   36352 | t   13.7s | sps  2654] ret_mean=0.973 ep_len=4.3 pi_loss=0.000 v_loss=0.000 ent=0.397 kl=0.0015
[upd  143 | steps   36608 | t   13.8s | sps  2654] ret_mean=0.975 ep_len=4.1 pi_loss=0.001 v_loss=0.000 ent=0.422 kl=0.0368
[upd  144 | steps   36864 | t   13.9s | sps  2654] ret_mean=0.972 ep_len=4.4 pi_loss=0.026 v_loss=0.000 ent=0.403 kl=0.0301
[upd  145 | steps   37120 | t   14.0s | sps  2654] ret_mean=0.977 ep_len=3.7 pi_loss=-0.002 v_loss=0.000 ent=0.387 kl=0.0070
[upd  146 | steps   37376 | t   14.1s | sps  2654] ret_mean=0.973 ep_len=4.3 pi_loss=-0.009 v_loss=0.000 ent=0.399 kl=0.0254
[upd  147 | steps   37632 | t   14.2s | sps  2654] ret_mean=0.972 ep_len=4.4 pi_loss=-0.007 v_loss=0.000 ent=0.388 kl=0.0015
[upd  148 | steps   37888 | t   14.3s | sps  2654] ret_mean=0.975 ep_len=4.0 pi_loss=-0.003 v_loss=0.000 ent=0.391 kl=0.0144
[upd  149 | steps   38144 | t   14.4s | sps  2654] ret_mean=0.977 ep_len=3.7 pi_loss=-0.003 v_loss=0.000 ent=0.366 kl=0.0118
[upd  150 | steps   38400 | t   14.5s | sps  2654] ret_mean=0.977 ep_len=3.7 pi_loss=-0.001 v_loss=0.000 ent=0.356 kl=0.0047
[upd  151 | steps   38656 | t   14.6s | sps  2654] ret_mean=0.975 ep_len=4.0 pi_loss=-0.004 v_loss=0.000 ent=0.359 kl=0.0184
[upd  152 | steps   38912 | t   14.7s | sps  2654] ret_mean=0.975 ep_len=4.1 pi_loss=0.008 v_loss=0.000 ent=0.331 kl=0.0117
[upd  153 | steps   39168 | t   14.8s | sps  2654] ret_mean=0.977 ep_len=3.7 pi_loss=-0.008 v_loss=0.000 ent=0.338 kl=0.0081
[upd  154 | steps   39424 | t   14.9s | sps  2654] ret_mean=0.974 ep_len=4.1 pi_loss=-0.004 v_loss=0.000 ent=0.351 kl=0.0064
[upd  155 | steps   39680 | t   14.9s | sps  2654] ret_mean=0.975 ep_len=4.0 pi_loss=0.009 v_loss=0.000 ent=0.347 kl=0.0062
[upd  156 | steps   39936 | t   15.0s | sps  2654] ret_mean=0.977 ep_len=3.8 pi_loss=0.000 v_loss=0.000 ent=0.310 kl=0.0061
[upd  157 | steps   40192 | t   15.1s | sps  2654] ret_mean=0.974 ep_len=4.1 pi_loss=-0.004 v_loss=0.000 ent=0.310 kl=0.0140
[upd  158 | steps   40448 | t   15.2s | sps  2654] ret_mean=0.973 ep_len=4.3 pi_loss=-0.011 v_loss=0.000 ent=0.317 kl=0.0136
[upd  159 | steps   40704 | t   15.3s | sps  2654] ret_mean=0.975 ep_len=3.9 pi_loss=0.001 v_loss=0.000 ent=0.299 kl=0.0153
[upd  160 | steps   40960 | t   15.4s | sps  2653] ret_mean=0.975 ep_len=4.0 pi_loss=0.005 v_loss=0.000 ent=0.287 kl=0.0172
        [eval] ret_mean=0.983 ep_len=2.7
[upd  161 | steps   41216 | t   15.5s | sps  2652] ret_mean=0.976 ep_len=3.8 pi_loss=-0.000 v_loss=0.000 ent=0.290 kl=0.0064
[upd  162 | steps   41472 | t   15.6s | sps  2652] ret_mean=0.975 ep_len=4.1 pi_loss=-0.007 v_loss=0.000 ent=0.286 kl=0.0096
[upd  163 | steps   41728 | t   15.7s | sps  2652] ret_mean=0.977 ep_len=3.8 pi_loss=0.004 v_loss=0.000 ent=0.286 kl=0.0097
[upd  164 | steps   41984 | t   15.8s | sps  2652] ret_mean=0.976 ep_len=3.8 pi_loss=0.003 v_loss=0.000 ent=0.286 kl=0.0176
[upd  165 | steps   42240 | t   15.9s | sps  2652] ret_mean=0.977 ep_len=3.7 pi_loss=0.001 v_loss=0.000 ent=0.316 kl=0.0192
[upd  166 | steps   42496 | t   16.0s | sps  2652] ret_mean=0.976 ep_len=3.9 pi_loss=-0.012 v_loss=0.000 ent=0.298 kl=0.0127
[upd  167 | steps   42752 | t   16.1s | sps  2653] ret_mean=0.977 ep_len=3.7 pi_loss=-0.006 v_loss=0.000 ent=0.285 kl=0.0137
[upd  168 | steps   43008 | t   16.2s | sps  2653] ret_mean=0.974 ep_len=4.2 pi_loss=0.001 v_loss=0.000 ent=0.275 kl=0.0185
[upd  169 | steps   43264 | t   16.3s | sps  2653] ret_mean=0.974 ep_len=4.1 pi_loss=0.000 v_loss=0.000 ent=0.284 kl=0.0052
[upd  170 | steps   43520 | t   16.4s | sps  2653] ret_mean=0.977 ep_len=3.6 pi_loss=-0.009 v_loss=0.000 ent=0.283 kl=0.0136
[upd  171 | steps   43776 | t   16.5s | sps  2653] ret_mean=0.976 ep_len=3.8 pi_loss=-0.005 v_loss=0.000 ent=0.286 kl=0.0059
[upd  172 | steps   44032 | t   16.6s | sps  2653] ret_mean=0.979 ep_len=3.3 pi_loss=0.002 v_loss=0.000 ent=0.253 kl=0.0149
[upd  173 | steps   44288 | t   16.7s | sps  2648] ret_mean=0.976 ep_len=3.9 pi_loss=0.002 v_loss=0.000 ent=0.256 kl=0.0129
[upd  174 | steps   44544 | t   16.8s | sps  2648] ret_mean=0.976 ep_len=3.8 pi_loss=-0.004 v_loss=0.000 ent=0.273 kl=0.0075
[upd  175 | steps   44800 | t   16.9s | sps  2648] ret_mean=0.978 ep_len=3.6 pi_loss=-0.007 v_loss=0.000 ent=0.256 kl=0.0027
[upd  176 | steps   45056 | t   17.0s | sps  2648] ret_mean=0.975 ep_len=4.0 pi_loss=0.002 v_loss=0.000 ent=0.266 kl=0.0073
[upd  177 | steps   45312 | t   17.1s | sps  2648] ret_mean=0.975 ep_len=4.0 pi_loss=-0.006 v_loss=0.000 ent=0.254 kl=0.0079
[upd  178 | steps   45568 | t   17.2s | sps  2647] ret_mean=0.978 ep_len=3.5 pi_loss=0.003 v_loss=0.000 ent=0.263 kl=0.0062
[upd  179 | steps   45824 | t   17.3s | sps  2647] ret_mean=0.977 ep_len=3.6 pi_loss=-0.004 v_loss=0.000 ent=0.273 kl=0.0062
[upd  180 | steps   46080 | t   17.4s | sps  2647] ret_mean=0.977 ep_len=3.7 pi_loss=-0.008 v_loss=0.000 ent=0.279 kl=0.0009
        [eval] ret_mean=0.988 ep_len=2.0
[upd  181 | steps   46336 | t   17.5s | sps  2646] ret_mean=0.977 ep_len=3.8 pi_loss=-0.013 v_loss=0.000 ent=0.277 kl=0.0040
[upd  182 | steps   46592 | t   17.6s | sps  2646] ret_mean=0.977 ep_len=3.8 pi_loss=-0.015 v_loss=0.000 ent=0.242 kl=0.0265
[upd  183 | steps   46848 | t   17.7s | sps  2646] ret_mean=0.976 ep_len=3.8 pi_loss=0.020 v_loss=0.000 ent=0.237 kl=0.0165
[upd  184 | steps   47104 | t   17.8s | sps  2646] ret_mean=0.975 ep_len=4.0 pi_loss=0.004 v_loss=0.000 ent=0.224 kl=0.0336
[upd  185 | steps   47360 | t   17.9s | sps  2645] ret_mean=0.975 ep_len=4.0 pi_loss=0.002 v_loss=0.000 ent=0.236 kl=0.0054
[upd  186 | steps   47616 | t   18.0s | sps  2646] ret_mean=0.976 ep_len=3.9 pi_loss=0.001 v_loss=0.000 ent=0.228 kl=0.0100
[upd  187 | steps   47872 | t   18.1s | sps  2646] ret_mean=0.977 ep_len=3.7 pi_loss=-0.006 v_loss=0.000 ent=0.234 kl=0.0191
[upd  188 | steps   48128 | t   18.2s | sps  2647] ret_mean=0.978 ep_len=3.5 pi_loss=-0.007 v_loss=0.000 ent=0.227 kl=0.0041
[upd  189 | steps   48384 | t   18.3s | sps  2647] ret_mean=0.975 ep_len=4.0 pi_loss=-0.002 v_loss=0.000 ent=0.220 kl=0.0092
[upd  190 | steps   48640 | t   18.4s | sps  2647] ret_mean=0.975 ep_len=4.0 pi_loss=-0.007 v_loss=0.000 ent=0.223 kl=0.0147
[upd  191 | steps   48896 | t   18.5s | sps  2648] ret_mean=0.977 ep_len=3.7 pi_loss=-0.000 v_loss=0.000 ent=0.221 kl=0.0096
[upd  192 | steps   49152 | t   18.6s | sps  2650] ret_mean=0.978 ep_len=3.6 pi_loss=-0.001 v_loss=0.000 ent=0.223 kl=0.0111
[upd  193 | steps   49408 | t   18.6s | sps  2651] ret_mean=0.979 ep_len=3.4 pi_loss=0.002 v_loss=0.000 ent=0.199 kl=0.0151
[upd  194 | steps   49664 | t   18.7s | sps  2653] ret_mean=0.976 ep_len=3.8 pi_loss=0.005 v_loss=0.000 ent=0.195 kl=0.0103
[upd  195 | steps   49920 | t   18.8s | sps  2654] ret_mean=0.978 ep_len=3.5 pi_loss=-0.009 v_loss=0.000 ent=0.199 kl=0.0236
[upd  196 | steps   50176 | t   18.9s | sps  2656] ret_mean=0.977 ep_len=3.7 pi_loss=-0.005 v_loss=0.000 ent=0.193 kl=0.0081
[upd  197 | steps   50432 | t   19.0s | sps  2657] ret_mean=0.976 ep_len=3.9 pi_loss=-0.000 v_loss=0.000 ent=0.189 kl=0.0048
[upd  198 | steps   50688 | t   19.1s | sps  2659] ret_mean=0.978 ep_len=3.6 pi_loss=-0.001 v_loss=0.000 ent=0.181 kl=0.0071
[upd  199 | steps   50944 | t   19.2s | sps  2660] ret_mean=0.978 ep_len=3.6 pi_loss=0.000 v_loss=0.000 ent=0.183 kl=0.0123
[upd  200 | steps   51200 | t   19.2s | sps  2661] ret_mean=0.979 ep_len=3.4 pi_loss=-0.001 v_loss=0.000 ent=0.177 kl=0.0014
        [eval] ret_mean=0.981 ep_len=3.0
