[env] EnvSpec(env_id='rware-small-4ag-v2', n_agents=4, obs_dim=71, n_env_actions=5, noop_action=0, family='rware')  (n_msg_tokens=8)
[cfg] {'clip_range': 0.2, 'value_clip_range': 0.2, 'entropy_coef': 0.01, 'value_coef': 0.5, 'max_grad_norm': 0.5, 'gamma': 0.99, 'gae_lambda': 0.95, 'lr_actor': 0.0003, 'lr_critic': 0.001, 'update_epochs': 4, 'minibatches': 4, 'hidden': 128, 'depth': 2, 'device': 'cpu', 'extra': {}}
[log] writing to runs/rware-small-4ag-comm
[upd    1 | steps     256 | t    0.1s | sps  1946] ret_mean=0.000 ep_len=0.0 pi_loss=-0.015 v_loss=0.134 ent=3.686 kl=0.0288
[upd    2 | steps     512 | t    0.2s | sps  2050] ret_mean=0.000 ep_len=500.0 pi_loss=-0.022 v_loss=0.059 ent=3.682 kl=0.0177
[upd    3 | steps     768 | t    0.4s | sps  2093] ret_mean=0.000 ep_len=0.0 pi_loss=-0.020 v_loss=0.026 ent=3.666 kl=0.0209
[upd    4 | steps    1024 | t    0.5s | sps  2112] ret_mean=0.000 ep_len=500.0 pi_loss=-0.016 v_loss=0.018 ent=3.670 kl=0.0164
[upd    5 | steps    1280 | t    0.6s | sps  1984] ret_mean=0.000 ep_len=0.0 pi_loss=-0.020 v_loss=0.015 ent=3.672 kl=0.0094
[upd    6 | steps    1536 | t    0.8s | sps  2025] ret_mean=0.000 ep_len=500.0 pi_loss=-0.014 v_loss=0.012 ent=3.656 kl=-0.0015
[upd    7 | steps    1792 | t    0.9s | sps  2042] ret_mean=0.000 ep_len=0.0 pi_loss=-0.019 v_loss=0.005 ent=3.654 kl=0.0104
[upd    8 | steps    2048 | t    1.0s | sps  2047] ret_mean=0.000 ep_len=500.0 pi_loss=-0.015 v_loss=0.003 ent=3.646 kl=0.0103
[upd    9 | steps    2304 | t    1.2s | sps  1994] ret_mean=0.000 ep_len=0.0 pi_loss=-0.022 v_loss=0.003 ent=3.645 kl=0.0119
[upd   10 | steps    2560 | t    1.3s | sps  1989] ret_mean=0.000 ep_len=500.0 pi_loss=-0.024 v_loss=0.004 ent=3.654 kl=0.0080
[upd   11 | steps    2816 | t    1.4s | sps  2008] ret_mean=0.000 ep_len=0.0 pi_loss=-0.030 v_loss=0.003 ent=3.670 kl=0.0071
[upd   12 | steps    3072 | t    1.5s | sps  2018] ret_mean=0.000 ep_len=500.0 pi_loss=-0.020 v_loss=0.003 ent=3.667 kl=0.0045
[upd   13 | steps    3328 | t    1.7s | sps  2017] ret_mean=0.000 ep_len=0.0 pi_loss=-0.015 v_loss=0.005 ent=3.645 kl=0.0141
[upd   14 | steps    3584 | t    1.8s | sps  2018] ret_mean=0.000 ep_len=500.0 pi_loss=-0.023 v_loss=0.006 ent=3.631 kl=0.0147
[upd   15 | steps    3840 | t    1.9s | sps  2020] ret_mean=0.000 ep_len=0.0 pi_loss=-0.020 v_loss=0.001 ent=3.628 kl=0.0073
[upd   16 | steps    4096 | t    2.0s | sps  2009] ret_mean=0.000 ep_len=500.0 pi_loss=-0.014 v_loss=0.002 ent=3.626 kl=0.0083
[upd   17 | steps    4352 | t    2.2s | sps  1993] ret_mean=0.000 ep_len=0.0 pi_loss=-0.019 v_loss=0.002 ent=3.634 kl=0.0155
[upd   18 | steps    4608 | t    2.3s | sps  1994] ret_mean=0.000 ep_len=500.0 pi_loss=-0.017 v_loss=0.002 ent=3.631 kl=0.0058
[upd   19 | steps    4864 | t    2.4s | sps  1991] ret_mean=0.000 ep_len=0.0 pi_loss=-0.021 v_loss=0.001 ent=3.627 kl=-0.0056
[upd   20 | steps    5120 | t    2.6s | sps  1990] ret_mean=0.000 ep_len=500.0 pi_loss=-0.021 v_loss=0.001 ent=3.603 kl=0.0163
[upd   21 | steps    5376 | t    2.7s | sps  1987] ret_mean=0.000 ep_len=0.0 pi_loss=-0.024 v_loss=0.001 ent=3.558 kl=0.0099
[upd   22 | steps    5632 | t    2.9s | sps  1975] ret_mean=0.000 ep_len=500.0 pi_loss=-0.026 v_loss=0.001 ent=3.604 kl=0.0174
[upd   23 | steps    5888 | t    3.0s | sps  1968] ret_mean=0.000 ep_len=0.0 pi_loss=-0.024 v_loss=0.001 ent=3.614 kl=0.0140
[upd   24 | steps    6144 | t    3.1s | sps  1960] ret_mean=0.000 ep_len=500.0 pi_loss=-0.024 v_loss=0.001 ent=3.563 kl=0.0098
[upd   25 | steps    6400 | t    3.3s | sps  1955] ret_mean=0.000 ep_len=0.0 pi_loss=-0.029 v_loss=0.001 ent=3.547 kl=0.0217
        [eval] ret_mean=0.000 ep_len=500.0
[upd   26 | steps    6656 | t    3.9s | sps  1690] ret_mean=0.000 ep_len=0.0 pi_loss=-0.024 v_loss=0.001 ent=3.557 kl=0.0064
[upd   27 | steps    6912 | t    4.1s | sps  1694] ret_mean=0.000 ep_len=500.0 pi_loss=-0.024 v_loss=0.001 ent=3.580 kl=0.0115
[upd   28 | steps    7168 | t    4.2s | sps  1697] ret_mean=0.000 ep_len=0.0 pi_loss=-0.024 v_loss=0.001 ent=3.574 kl=0.0041
[upd   29 | steps    7424 | t    4.4s | sps  1698] ret_mean=0.000 ep_len=500.0 pi_loss=-0.020 v_loss=0.001 ent=3.540 kl=-0.0039
[upd   30 | steps    7680 | t    4.5s | sps  1699] ret_mean=0.000 ep_len=0.0 pi_loss=-0.022 v_loss=0.001 ent=3.582 kl=-0.0039
[upd   31 | steps    7936 | t    4.7s | sps  1700] ret_mean=0.000 ep_len=500.0 pi_loss=-0.029 v_loss=0.001 ent=3.581 kl=0.0255
[upd   32 | steps    8192 | t    4.8s | sps  1703] ret_mean=0.000 ep_len=0.0 pi_loss=-0.021 v_loss=0.001 ent=3.621 kl=0.0091
[upd   33 | steps    8448 | t    5.0s | sps  1705] ret_mean=0.000 ep_len=500.0 pi_loss=-0.018 v_loss=0.001 ent=3.577 kl=0.0094
[upd   34 | steps    8704 | t    5.1s | sps  1708] ret_mean=0.000 ep_len=0.0 pi_loss=-0.023 v_loss=0.000 ent=3.579 kl=0.0001
[upd   35 | steps    8960 | t    5.2s | sps  1711] ret_mean=0.000 ep_len=500.0 pi_loss=-0.022 v_loss=0.001 ent=3.615 kl=-0.0066
[upd   36 | steps    9216 | t    5.4s | sps  1705] ret_mean=0.000 ep_len=0.0 pi_loss=-0.016 v_loss=0.000 ent=3.607 kl=0.0090
[upd   37 | steps    9472 | t    5.5s | sps  1708] ret_mean=0.000 ep_len=500.0 pi_loss=-0.025 v_loss=0.001 ent=3.578 kl=0.0080
[upd   38 | steps    9728 | t    5.7s | sps  1712] ret_mean=0.000 ep_len=0.0 pi_loss=-0.022 v_loss=0.000 ent=3.587 kl=0.0058
[upd   39 | steps    9984 | t    5.8s | sps  1714] ret_mean=0.000 ep_len=500.0 pi_loss=-0.025 v_loss=0.000 ent=3.545 kl=0.0147
[upd   40 | steps   10240 | t    6.0s | sps  1714] ret_mean=0.000 ep_len=0.0 pi_loss=-0.018 v_loss=0.000 ent=3.403 kl=0.0120
[upd   41 | steps   10496 | t    6.1s | sps  1715] ret_mean=0.000 ep_len=500.0 pi_loss=-0.018 v_loss=0.000 ent=3.529 kl=0.0038
[upd   42 | steps   10752 | t    6.3s | sps  1715] ret_mean=0.000 ep_len=0.0 pi_loss=-0.022 v_loss=0.000 ent=3.507 kl=0.0040
[upd   43 | steps   11008 | t    6.4s | sps  1717] ret_mean=0.000 ep_len=500.0 pi_loss=-0.034 v_loss=0.000 ent=3.522 kl=0.0109
[upd   44 | steps   11264 | t    6.6s | sps  1718] ret_mean=0.000 ep_len=0.0 pi_loss=-0.027 v_loss=0.000 ent=3.541 kl=0.0195
[upd   45 | steps   11520 | t    6.7s | sps  1719] ret_mean=0.000 ep_len=500.0 pi_loss=-0.021 v_loss=0.000 ent=3.513 kl=-0.0001
[upd   46 | steps   11776 | t    6.8s | sps  1721] ret_mean=0.000 ep_len=0.0 pi_loss=-0.020 v_loss=0.000 ent=3.522 kl=0.0147
[upd   47 | steps   12032 | t    7.0s | sps  1722] ret_mean=0.000 ep_len=500.0 pi_loss=-0.027 v_loss=0.000 ent=3.534 kl=0.0110
[upd   48 | steps   12288 | t    7.1s | sps  1725] ret_mean=0.000 ep_len=0.0 pi_loss=-0.028 v_loss=0.000 ent=3.556 kl=0.0153
[upd   49 | steps   12544 | t    7.3s | sps  1727] ret_mean=0.000 ep_len=500.0 pi_loss=-0.020 v_loss=0.000 ent=3.526 kl=0.0116
[upd   50 | steps   12800 | t    7.4s | sps  1728] ret_mean=0.000 ep_len=0.0 pi_loss=-0.016 v_loss=0.000 ent=3.459 kl=0.0188
        [eval] ret_mean=0.000 ep_len=500.0
[upd   51 | steps   13056 | t    8.1s | sps  1618] ret_mean=0.000 ep_len=0.0 pi_loss=-0.015 v_loss=0.000 ent=3.539 kl=0.0052
[upd   52 | steps   13312 | t    8.2s | sps  1622] ret_mean=0.000 ep_len=500.0 pi_loss=-0.024 v_loss=0.000 ent=3.548 kl=0.0191
[upd   53 | steps   13568 | t    8.4s | sps  1625] ret_mean=0.000 ep_len=0.0 pi_loss=-0.022 v_loss=0.000 ent=3.449 kl=0.0073
[upd   54 | steps   13824 | t    8.5s | sps  1628] ret_mean=0.000 ep_len=500.0 pi_loss=-0.027 v_loss=0.000 ent=3.494 kl=0.0048
[upd   55 | steps   14080 | t    8.6s | sps  1630] ret_mean=0.000 ep_len=0.0 pi_loss=-0.012 v_loss=0.000 ent=3.437 kl=0.0075
[upd   56 | steps   14336 | t    8.8s | sps  1633] ret_mean=0.000 ep_len=500.0 pi_loss=-0.025 v_loss=0.000 ent=3.403 kl=0.0159
[upd   57 | steps   14592 | t    8.9s | sps  1636] ret_mean=0.000 ep_len=0.0 pi_loss=-0.021 v_loss=0.000 ent=3.478 kl=0.0138
[upd   58 | steps   14848 | t    9.1s | sps  1639] ret_mean=0.000 ep_len=500.0 pi_loss=-0.027 v_loss=0.000 ent=3.539 kl=0.0169
[upd   59 | steps   15104 | t    9.2s | sps  1641] ret_mean=0.000 ep_len=0.0 pi_loss=-0.016 v_loss=0.000 ent=3.507 kl=0.0200
[upd   60 | steps   15360 | t    9.3s | sps  1643] ret_mean=0.000 ep_len=500.0 pi_loss=-0.020 v_loss=0.000 ent=3.510 kl=0.0062
[upd   61 | steps   15616 | t    9.5s | sps  1647] ret_mean=0.000 ep_len=0.0 pi_loss=-0.023 v_loss=0.000 ent=3.519 kl=-0.0029
[upd   62 | steps   15872 | t    9.6s | sps  1650] ret_mean=0.000 ep_len=500.0 pi_loss=-0.021 v_loss=0.000 ent=3.463 kl=0.0173
[upd   63 | steps   16128 | t    9.8s | sps  1652] ret_mean=0.000 ep_len=0.0 pi_loss=-0.029 v_loss=0.000 ent=3.409 kl=0.0127
[upd   64 | steps   16384 | t    9.9s | sps  1655] ret_mean=0.000 ep_len=500.0 pi_loss=-0.026 v_loss=0.000 ent=3.434 kl=0.0216
[upd   65 | steps   16640 | t   10.0s | sps  1659] ret_mean=0.000 ep_len=0.0 pi_loss=-0.021 v_loss=0.000 ent=3.449 kl=0.0149
[upd   66 | steps   16896 | t   10.2s | sps  1662] ret_mean=0.000 ep_len=500.0 pi_loss=-0.026 v_loss=0.000 ent=3.489 kl=0.0079
[upd   67 | steps   17152 | t   10.3s | sps  1665] ret_mean=0.000 ep_len=0.0 pi_loss=-0.030 v_loss=0.000 ent=3.494 kl=0.0039
[upd   68 | steps   17408 | t   10.4s | sps  1667] ret_mean=0.000 ep_len=500.0 pi_loss=-0.020 v_loss=0.000 ent=3.479 kl=0.0175
[upd   69 | steps   17664 | t   10.6s | sps  1668] ret_mean=0.000 ep_len=0.0 pi_loss=-0.028 v_loss=0.000 ent=3.421 kl=0.0153
[upd   70 | steps   17920 | t   10.7s | sps  1670] ret_mean=0.000 ep_len=500.0 pi_loss=-0.020 v_loss=0.000 ent=3.453 kl=0.0117
[upd   71 | steps   18176 | t   10.9s | sps  1673] ret_mean=0.000 ep_len=0.0 pi_loss=-0.018 v_loss=0.000 ent=3.484 kl=0.0049
[upd   72 | steps   18432 | t   11.0s | sps  1676] ret_mean=0.000 ep_len=500.0 pi_loss=-0.024 v_loss=0.000 ent=3.517 kl=-0.0011
[upd   73 | steps   18688 | t   11.1s | sps  1679] ret_mean=0.000 ep_len=0.0 pi_loss=-0.019 v_loss=0.000 ent=3.456 kl=0.0039
[upd   74 | steps   18944 | t   11.3s | sps  1682] ret_mean=0.000 ep_len=500.0 pi_loss=-0.035 v_loss=0.000 ent=3.438 kl=0.0121
[upd   75 | steps   19200 | t   11.4s | sps  1683] ret_mean=0.000 ep_len=0.0 pi_loss=-0.026 v_loss=0.000 ent=3.297 kl=0.0053
        [eval] ret_mean=0.000 ep_len=500.0
[upd   76 | steps   19456 | t   12.1s | sps  1614] ret_mean=0.000 ep_len=0.0 pi_loss=-0.033 v_loss=0.000 ent=3.417 kl=0.0176
[upd   77 | steps   19712 | t   12.2s | sps  1613] ret_mean=0.000 ep_len=500.0 pi_loss=-0.020 v_loss=0.000 ent=3.377 kl=0.0010
[upd   78 | steps   19968 | t   12.4s | sps  1615] ret_mean=0.000 ep_len=0.0 pi_loss=-0.029 v_loss=0.000 ent=3.539 kl=0.0161
[upd   79 | steps   20224 | t   12.5s | sps  1617] ret_mean=0.000 ep_len=500.0 pi_loss=-0.020 v_loss=0.000 ent=3.519 kl=0.0106
[upd   80 | steps   20480 | t   12.7s | sps  1619] ret_mean=0.000 ep_len=0.0 pi_loss=-0.025 v_loss=0.000 ent=3.514 kl=0.0052
[upd   81 | steps   20736 | t   12.8s | sps  1620] ret_mean=0.000 ep_len=500.0 pi_loss=-0.023 v_loss=0.000 ent=3.479 kl=0.0057
[upd   82 | steps   20992 | t   12.9s | sps  1623] ret_mean=0.000 ep_len=0.0 pi_loss=-0.026 v_loss=0.000 ent=3.509 kl=0.0036
[upd   83 | steps   21248 | t   13.1s | sps  1624] ret_mean=0.000 ep_len=500.0 pi_loss=-0.025 v_loss=0.000 ent=3.443 kl=-0.0002
[upd   84 | steps   21504 | t   13.2s | sps  1626] ret_mean=0.000 ep_len=0.0 pi_loss=-0.023 v_loss=0.000 ent=3.389 kl=0.0093
[upd   85 | steps   21760 | t   13.4s | sps  1628] ret_mean=0.000 ep_len=500.0 pi_loss=-0.032 v_loss=0.000 ent=3.452 kl=0.0127
[upd   86 | steps   22016 | t   13.5s | sps  1630] ret_mean=0.000 ep_len=0.0 pi_loss=-0.024 v_loss=0.000 ent=3.493 kl=0.0030
[upd   87 | steps   22272 | t   13.7s | sps  1632] ret_mean=0.000 ep_len=500.0 pi_loss=-0.019 v_loss=0.000 ent=3.433 kl=0.0152
[upd   88 | steps   22528 | t   13.8s | sps  1634] ret_mean=0.000 ep_len=0.0 pi_loss=-0.021 v_loss=0.000 ent=3.233 kl=0.0164
[upd   89 | steps   22784 | t   13.9s | sps  1636] ret_mean=0.000 ep_len=500.0 pi_loss=-0.016 v_loss=0.000 ent=3.236 kl=0.0063
[upd   90 | steps   23040 | t   14.1s | sps  1638] ret_mean=0.000 ep_len=0.0 pi_loss=-0.024 v_loss=0.000 ent=3.356 kl=0.0084
[upd   91 | steps   23296 | t   14.2s | sps  1640] ret_mean=0.000 ep_len=500.0 pi_loss=-0.019 v_loss=0.000 ent=3.311 kl=0.0035
[upd   92 | steps   23552 | t   14.3s | sps  1642] ret_mean=0.000 ep_len=0.0 pi_loss=-0.016 v_loss=0.000 ent=3.341 kl=0.0014
[upd   93 | steps   23808 | t   14.5s | sps  1643] ret_mean=0.000 ep_len=500.0 pi_loss=-0.027 v_loss=0.000 ent=3.273 kl=0.0232
[upd   94 | steps   24064 | t   14.6s | sps  1645] ret_mean=0.000 ep_len=0.0 pi_loss=-0.019 v_loss=0.000 ent=3.065 kl=0.0022
[upd   95 | steps   24320 | t   14.8s | sps  1646] ret_mean=0.000 ep_len=500.0 pi_loss=-0.023 v_loss=0.000 ent=3.063 kl=0.0194
[upd   96 | steps   24576 | t   14.9s | sps  1648] ret_mean=0.000 ep_len=0.0 pi_loss=-0.017 v_loss=0.000 ent=3.010 kl=0.0165
[upd   97 | steps   24832 | t   15.1s | sps  1649] ret_mean=0.000 ep_len=500.0 pi_loss=-0.026 v_loss=0.000 ent=3.235 kl=0.0116
[upd   98 | steps   25088 | t   15.2s | sps  1651] ret_mean=0.000 ep_len=0.0 pi_loss=-0.030 v_loss=0.000 ent=3.363 kl=0.0179
[upd   99 | steps   25344 | t   15.3s | sps  1653] ret_mean=0.000 ep_len=500.0 pi_loss=-0.030 v_loss=0.000 ent=3.314 kl=0.0126
[upd  100 | steps   25600 | t   15.5s | sps  1654] ret_mean=0.000 ep_len=0.0 pi_loss=-0.022 v_loss=0.000 ent=3.151 kl=0.0058
        [eval] ret_mean=0.000 ep_len=500.0
[upd  101 | steps   25856 | t   16.1s | sps  1607] ret_mean=0.000 ep_len=0.0 pi_loss=-0.025 v_loss=0.000 ent=3.255 kl=0.0100
[upd  102 | steps   26112 | t   16.2s | sps  1608] ret_mean=0.000 ep_len=500.0 pi_loss=-0.022 v_loss=0.000 ent=3.179 kl=0.0035
[upd  103 | steps   26368 | t   16.4s | sps  1610] ret_mean=0.000 ep_len=0.0 pi_loss=-0.021 v_loss=0.000 ent=2.971 kl=0.0209
[upd  104 | steps   26624 | t   16.5s | sps  1612] ret_mean=0.000 ep_len=500.0 pi_loss=-0.019 v_loss=0.000 ent=3.108 kl=0.0145
[upd  105 | steps   26880 | t   16.7s | sps  1614] ret_mean=0.000 ep_len=0.0 pi_loss=-0.026 v_loss=0.000 ent=3.142 kl=0.0114
[upd  106 | steps   27136 | t   16.8s | sps  1616] ret_mean=0.000 ep_len=500.0 pi_loss=-0.023 v_loss=0.000 ent=3.183 kl=0.0283
[upd  107 | steps   27392 | t   16.9s | sps  1617] ret_mean=0.000 ep_len=0.0 pi_loss=-0.024 v_loss=0.000 ent=3.009 kl=0.0096
[upd  108 | steps   27648 | t   17.1s | sps  1619] ret_mean=0.000 ep_len=500.0 pi_loss=-0.020 v_loss=0.000 ent=3.036 kl=0.0140
[upd  109 | steps   27904 | t   17.2s | sps  1621] ret_mean=0.000 ep_len=0.0 pi_loss=-0.022 v_loss=0.000 ent=3.018 kl=0.0070
[upd  110 | steps   28160 | t   17.4s | sps  1623] ret_mean=0.000 ep_len=500.0 pi_loss=-0.024 v_loss=0.000 ent=3.195 kl=0.0101
[upd  111 | steps   28416 | t   17.5s | sps  1624] ret_mean=0.000 ep_len=0.0 pi_loss=-0.024 v_loss=0.000 ent=3.109 kl=0.0091
[upd  112 | steps   28672 | t   17.6s | sps  1626] ret_mean=0.000 ep_len=500.0 pi_loss=-0.026 v_loss=0.000 ent=3.104 kl=0.0157
[upd  113 | steps   28928 | t   17.8s | sps  1627] ret_mean=0.000 ep_len=0.0 pi_loss=-0.021 v_loss=0.000 ent=3.160 kl=0.0014
[upd  114 | steps   29184 | t   17.9s | sps  1628] ret_mean=0.000 ep_len=500.0 pi_loss=-0.021 v_loss=0.000 ent=3.105 kl=0.0006
[upd  115 | steps   29440 | t   18.1s | sps  1630] ret_mean=0.000 ep_len=0.0 pi_loss=-0.013 v_loss=0.022 ent=2.936 kl=0.0211
[upd  116 | steps   29696 | t   18.2s | sps  1631] ret_mean=0.000 ep_len=500.0 pi_loss=-0.016 v_loss=0.002 ent=2.978 kl=0.0082
[upd  117 | steps   29952 | t   18.3s | sps  1633] ret_mean=0.000 ep_len=0.0 pi_loss=-0.023 v_loss=0.000 ent=3.151 kl=0.0256
[upd  118 | steps   30208 | t   18.5s | sps  1635] ret_mean=0.000 ep_len=500.0 pi_loss=-0.023 v_loss=0.001 ent=3.209 kl=0.0008
[upd  119 | steps   30464 | t   18.6s | sps  1637] ret_mean=0.000 ep_len=0.0 pi_loss=-0.019 v_loss=0.000 ent=3.247 kl=0.0141
[upd  120 | steps   30720 | t   18.8s | sps  1638] ret_mean=0.000 ep_len=500.0 pi_loss=-0.020 v_loss=0.000 ent=3.286 kl=0.0044
[upd  121 | steps   30976 | t   18.9s | sps  1640] ret_mean=0.000 ep_len=0.0 pi_loss=-0.020 v_loss=0.000 ent=3.294 kl=0.0041
[upd  122 | steps   31232 | t   19.0s | sps  1641] ret_mean=0.000 ep_len=500.0 pi_loss=-0.026 v_loss=0.000 ent=3.308 kl=0.0115
[upd  123 | steps   31488 | t   19.2s | sps  1642] ret_mean=0.000 ep_len=0.0 pi_loss=-0.015 v_loss=0.000 ent=3.275 kl=0.0037
[upd  124 | steps   31744 | t   19.3s | sps  1643] ret_mean=0.000 ep_len=500.0 pi_loss=-0.016 v_loss=0.000 ent=3.276 kl=0.0095
[upd  125 | steps   32000 | t   19.5s | sps  1644] ret_mean=0.000 ep_len=0.0 pi_loss=-0.017 v_loss=0.000 ent=3.167 kl=0.0075
        [eval] ret_mean=0.000 ep_len=500.0
[upd  126 | steps   32256 | t   20.1s | sps  1604] ret_mean=0.000 ep_len=0.0 pi_loss=-0.024 v_loss=0.000 ent=3.220 kl=0.0202
[upd  127 | steps   32512 | t   20.2s | sps  1606] ret_mean=0.000 ep_len=500.0 pi_loss=-0.016 v_loss=0.000 ent=3.248 kl=0.0161
[upd  128 | steps   32768 | t   20.4s | sps  1608] ret_mean=0.000 ep_len=0.0 pi_loss=-0.022 v_loss=0.000 ent=3.130 kl=0.0189
[upd  129 | steps   33024 | t   20.5s | sps  1607] ret_mean=0.000 ep_len=500.0 pi_loss=-0.020 v_loss=0.000 ent=3.171 kl=0.0179
[upd  130 | steps   33280 | t   20.7s | sps  1608] ret_mean=0.000 ep_len=0.0 pi_loss=-0.022 v_loss=0.000 ent=3.267 kl=0.0094
[upd  131 | steps   33536 | t   20.8s | sps  1610] ret_mean=0.000 ep_len=500.0 pi_loss=-0.024 v_loss=0.000 ent=3.276 kl=-0.0055
[upd  132 | steps   33792 | t   21.0s | sps  1611] ret_mean=0.000 ep_len=0.0 pi_loss=-0.021 v_loss=0.000 ent=3.289 kl=0.0108
[upd  133 | steps   34048 | t   21.1s | sps  1612] ret_mean=0.000 ep_len=500.0 pi_loss=-0.023 v_loss=0.000 ent=3.310 kl=0.0067
[upd  134 | steps   34304 | t   21.3s | sps  1614] ret_mean=0.000 ep_len=0.0 pi_loss=-0.019 v_loss=0.000 ent=3.132 kl=0.0081
[upd  135 | steps   34560 | t   21.4s | sps  1615] ret_mean=0.000 ep_len=500.0 pi_loss=-0.015 v_loss=0.000 ent=3.103 kl=0.0119
[upd  136 | steps   34816 | t   21.5s | sps  1616] ret_mean=0.000 ep_len=0.0 pi_loss=-0.017 v_loss=0.000 ent=3.216 kl=0.0193
[upd  137 | steps   35072 | t   21.7s | sps  1618] ret_mean=0.000 ep_len=500.0 pi_loss=-0.020 v_loss=0.000 ent=3.220 kl=0.0140
[upd  138 | steps   35328 | t   21.8s | sps  1619] ret_mean=0.000 ep_len=0.0 pi_loss=-0.025 v_loss=0.000 ent=3.186 kl=0.0266
[upd  139 | steps   35584 | t   21.9s | sps  1621] ret_mean=0.000 ep_len=500.0 pi_loss=-0.020 v_loss=0.000 ent=3.047 kl=0.0180
[upd  140 | steps   35840 | t   22.1s | sps  1623] ret_mean=0.000 ep_len=0.0 pi_loss=-0.016 v_loss=0.000 ent=3.088 kl=0.0090
[upd  141 | steps   36096 | t   22.2s | sps  1625] ret_mean=0.000 ep_len=500.0 pi_loss=-0.020 v_loss=0.000 ent=3.066 kl=0.0060
[upd  142 | steps   36352 | t   22.3s | sps  1628] ret_mean=0.000 ep_len=0.0 pi_loss=-0.027 v_loss=0.000 ent=3.080 kl=0.0217
[upd  143 | steps   36608 | t   22.5s | sps  1631] ret_mean=0.000 ep_len=500.0 pi_loss=-0.018 v_loss=0.000 ent=3.097 kl=0.0005
[upd  144 | steps   36864 | t   22.6s | sps  1633] ret_mean=0.000 ep_len=0.0 pi_loss=-0.019 v_loss=0.000 ent=3.024 kl=0.0053
[upd  145 | steps   37120 | t   22.7s | sps  1635] ret_mean=0.000 ep_len=500.0 pi_loss=-0.017 v_loss=0.000 ent=3.116 kl=0.0135
[upd  146 | steps   37376 | t   22.8s | sps  1637] ret_mean=0.000 ep_len=0.0 pi_loss=-0.015 v_loss=0.000 ent=3.057 kl=0.0084
[upd  147 | steps   37632 | t   23.0s | sps  1639] ret_mean=0.000 ep_len=500.0 pi_loss=-0.022 v_loss=0.000 ent=3.051 kl=0.0208
[upd  148 | steps   37888 | t   23.1s | sps  1642] ret_mean=0.000 ep_len=0.0 pi_loss=-0.017 v_loss=0.000 ent=3.006 kl=0.0181
[upd  149 | steps   38144 | t   23.2s | sps  1645] ret_mean=0.000 ep_len=500.0 pi_loss=-0.015 v_loss=0.000 ent=3.063 kl=0.0116
[upd  150 | steps   38400 | t   23.3s | sps  1647] ret_mean=0.000 ep_len=0.0 pi_loss=-0.022 v_loss=0.000 ent=3.085 kl=0.0120
        [eval] ret_mean=0.000 ep_len=500.0
[upd  151 | steps   38656 | t   23.9s | sps  1620] ret_mean=0.000 ep_len=0.0 pi_loss=-0.020 v_loss=0.000 ent=3.154 kl=0.0137
[upd  152 | steps   38912 | t   24.0s | sps  1623] ret_mean=0.000 ep_len=500.0 pi_loss=-0.022 v_loss=0.000 ent=3.250 kl=0.0032
[upd  153 | steps   39168 | t   24.1s | sps  1626] ret_mean=0.000 ep_len=0.0 pi_loss=-0.027 v_loss=0.000 ent=3.145 kl=0.0144
[upd  154 | steps   39424 | t   24.2s | sps  1629] ret_mean=0.000 ep_len=500.0 pi_loss=-0.024 v_loss=0.000 ent=3.146 kl=0.0029
[upd  155 | steps   39680 | t   24.3s | sps  1631] ret_mean=0.000 ep_len=0.0 pi_loss=-0.018 v_loss=0.000 ent=3.118 kl=0.0151
[upd  156 | steps   39936 | t   24.4s | sps  1634] ret_mean=0.000 ep_len=500.0 pi_loss=-0.017 v_loss=0.000 ent=3.042 kl=0.0159
[upd  157 | steps   40192 | t   24.6s | sps  1637] ret_mean=0.000 ep_len=0.0 pi_loss=-0.023 v_loss=0.000 ent=3.173 kl=0.0187
[upd  158 | steps   40448 | t   24.7s | sps  1640] ret_mean=0.000 ep_len=500.0 pi_loss=-0.018 v_loss=0.000 ent=3.104 kl=0.0094
[upd  159 | steps   40704 | t   24.8s | sps  1641] ret_mean=0.000 ep_len=0.0 pi_loss=-0.018 v_loss=0.000 ent=2.990 kl=0.0077
[upd  160 | steps   40960 | t   24.9s | sps  1644] ret_mean=0.000 ep_len=500.0 pi_loss=-0.026 v_loss=0.000 ent=3.059 kl=0.0160
[upd  161 | steps   41216 | t   25.0s | sps  1647] ret_mean=0.000 ep_len=0.0 pi_loss=-0.026 v_loss=0.000 ent=3.040 kl=0.0043
[upd  162 | steps   41472 | t   25.1s | sps  1649] ret_mean=0.000 ep_len=500.0 pi_loss=-0.023 v_loss=0.000 ent=3.002 kl=0.0040
[upd  163 | steps   41728 | t   25.3s | sps  1652] ret_mean=0.000 ep_len=0.0 pi_loss=-0.016 v_loss=0.000 ent=2.994 kl=-0.0010
[upd  164 | steps   41984 | t   25.4s | sps  1654] ret_mean=0.000 ep_len=500.0 pi_loss=-0.024 v_loss=0.000 ent=3.043 kl=0.0139
[upd  165 | steps   42240 | t   25.5s | sps  1657] ret_mean=0.000 ep_len=0.0 pi_loss=-0.019 v_loss=0.000 ent=3.052 kl=0.0049
[upd  166 | steps   42496 | t   25.6s | sps  1659] ret_mean=0.000 ep_len=500.0 pi_loss=-0.027 v_loss=0.000 ent=3.120 kl=0.0108
[upd  167 | steps   42752 | t   25.7s | sps  1662] ret_mean=0.000 ep_len=0.0 pi_loss=-0.025 v_loss=0.000 ent=3.109 kl=0.0276
[upd  168 | steps   43008 | t   25.8s | sps  1664] ret_mean=0.000 ep_len=500.0 pi_loss=-0.021 v_loss=0.000 ent=3.120 kl=0.0072
[upd  169 | steps   43264 | t   25.9s | sps  1667] ret_mean=0.000 ep_len=0.0 pi_loss=-0.030 v_loss=0.000 ent=3.139 kl=0.0038
[upd  170 | steps   43520 | t   26.1s | sps  1670] ret_mean=0.000 ep_len=500.0 pi_loss=-0.023 v_loss=0.000 ent=3.034 kl=0.0135
[upd  171 | steps   43776 | t   26.2s | sps  1673] ret_mean=0.000 ep_len=0.0 pi_loss=-0.026 v_loss=0.000 ent=3.008 kl=0.0199
[upd  172 | steps   44032 | t   26.3s | sps  1675] ret_mean=0.000 ep_len=500.0 pi_loss=-0.015 v_loss=0.000 ent=2.946 kl=0.0087
[upd  173 | steps   44288 | t   26.4s | sps  1677] ret_mean=0.000 ep_len=0.0 pi_loss=-0.016 v_loss=0.000 ent=2.978 kl=0.0122
[upd  174 | steps   44544 | t   26.5s | sps  1679] ret_mean=0.000 ep_len=500.0 pi_loss=-0.022 v_loss=0.000 ent=2.994 kl=0.0038
[upd  175 | steps   44800 | t   26.6s | sps  1682] ret_mean=0.000 ep_len=0.0 pi_loss=-0.021 v_loss=0.000 ent=2.967 kl=0.0154
        [eval] ret_mean=0.000 ep_len=500.0
[upd  176 | steps   45056 | t   27.2s | sps  1658] ret_mean=0.000 ep_len=0.0 pi_loss=-0.022 v_loss=0.014 ent=3.027 kl=0.0107
[upd  177 | steps   45312 | t   27.3s | sps  1660] ret_mean=1.000 ep_len=500.0 pi_loss=-0.017 v_loss=0.002 ent=2.978 kl=0.0123
[upd  178 | steps   45568 | t   27.4s | sps  1663] ret_mean=0.000 ep_len=0.0 pi_loss=-0.024 v_loss=0.000 ent=2.913 kl=0.0127
[upd  179 | steps   45824 | t   27.5s | sps  1665] ret_mean=0.000 ep_len=500.0 pi_loss=-0.026 v_loss=0.000 ent=2.879 kl=0.0040
[upd  180 | steps   46080 | t   27.6s | sps  1668] ret_mean=0.000 ep_len=0.0 pi_loss=-0.021 v_loss=0.000 ent=3.111 kl=0.0048
[upd  181 | steps   46336 | t   27.7s | sps  1670] ret_mean=0.000 ep_len=500.0 pi_loss=-0.014 v_loss=0.000 ent=2.985 kl=0.0088
[upd  182 | steps   46592 | t   27.9s | sps  1672] ret_mean=0.000 ep_len=0.0 pi_loss=-0.022 v_loss=0.000 ent=2.941 kl=0.0008
[upd  183 | steps   46848 | t   28.0s | sps  1675] ret_mean=0.000 ep_len=500.0 pi_loss=-0.021 v_loss=0.000 ent=2.976 kl=-0.0022
[upd  184 | steps   47104 | t   28.1s | sps  1677] ret_mean=0.000 ep_len=0.0 pi_loss=-0.025 v_loss=0.000 ent=2.874 kl=0.0075
[upd  185 | steps   47360 | t   28.2s | sps  1679] ret_mean=0.000 ep_len=500.0 pi_loss=-0.014 v_loss=0.000 ent=2.953 kl=0.0050
[upd  186 | steps   47616 | t   28.3s | sps  1682] ret_mean=0.000 ep_len=0.0 pi_loss=-0.016 v_loss=0.000 ent=2.983 kl=0.0064
[upd  187 | steps   47872 | t   28.4s | sps  1684] ret_mean=0.000 ep_len=500.0 pi_loss=-0.030 v_loss=0.000 ent=3.068 kl=0.0135
[upd  188 | steps   48128 | t   28.5s | sps  1686] ret_mean=0.000 ep_len=0.0 pi_loss=-0.023 v_loss=0.000 ent=2.883 kl=0.0033
[upd  189 | steps   48384 | t   28.6s | sps  1689] ret_mean=0.000 ep_len=500.0 pi_loss=-0.019 v_loss=0.000 ent=2.895 kl=0.0143
[upd  190 | steps   48640 | t   28.8s | sps  1691] ret_mean=0.000 ep_len=0.0 pi_loss=-0.024 v_loss=0.000 ent=2.914 kl=0.0224
[upd  191 | steps   48896 | t   28.9s | sps  1693] ret_mean=0.000 ep_len=500.0 pi_loss=-0.027 v_loss=0.000 ent=2.958 kl=0.0076
[upd  192 | steps   49152 | t   29.0s | sps  1695] ret_mean=0.000 ep_len=0.0 pi_loss=-0.028 v_loss=0.000 ent=2.826 kl=0.0032
[upd  193 | steps   49408 | t   29.1s | sps  1697] ret_mean=0.000 ep_len=500.0 pi_loss=-0.016 v_loss=0.000 ent=2.878 kl=0.0100
[upd  194 | steps   49664 | t   29.2s | sps  1699] ret_mean=0.000 ep_len=0.0 pi_loss=-0.012 v_loss=0.000 ent=2.817 kl=0.0105
[upd  195 | steps   49920 | t   29.3s | sps  1701] ret_mean=0.000 ep_len=500.0 pi_loss=-0.019 v_loss=0.000 ent=2.860 kl=0.0062
[upd  196 | steps   50176 | t   29.5s | sps  1703] ret_mean=0.000 ep_len=0.0 pi_loss=-0.014 v_loss=0.000 ent=2.890 kl=-0.0012
[upd  197 | steps   50432 | t   29.6s | sps  1705] ret_mean=0.000 ep_len=500.0 pi_loss=-0.020 v_loss=0.000 ent=2.871 kl=0.0011
[upd  198 | steps   50688 | t   29.7s | sps  1706] ret_mean=0.000 ep_len=0.0 pi_loss=-0.021 v_loss=0.000 ent=2.870 kl=0.0025
[upd  199 | steps   50944 | t   29.8s | sps  1708] ret_mean=0.000 ep_len=500.0 pi_loss=-0.024 v_loss=0.000 ent=2.898 kl=0.0065
[upd  200 | steps   51200 | t   30.0s | sps  1709] ret_mean=0.000 ep_len=0.0 pi_loss=-0.019 v_loss=0.000 ent=2.883 kl=0.0091
        [eval] ret_mean=0.000 ep_len=500.0
[upd  201 | steps   51456 | t   30.5s | sps  1687] ret_mean=0.000 ep_len=0.0 pi_loss=-0.024 v_loss=0.000 ent=2.880 kl=0.0006
[upd  202 | steps   51712 | t   30.6s | sps  1689] ret_mean=0.000 ep_len=500.0 pi_loss=-0.019 v_loss=0.000 ent=2.917 kl=0.0171
[upd  203 | steps   51968 | t   30.7s | sps  1691] ret_mean=0.000 ep_len=0.0 pi_loss=-0.017 v_loss=0.000 ent=2.967 kl=-0.0053
[upd  204 | steps   52224 | t   30.8s | sps  1693] ret_mean=0.000 ep_len=500.0 pi_loss=-0.020 v_loss=0.000 ent=2.991 kl=0.0203
[upd  205 | steps   52480 | t   31.0s | sps  1695] ret_mean=0.000 ep_len=0.0 pi_loss=-0.024 v_loss=0.000 ent=2.972 kl=0.0125
[upd  206 | steps   52736 | t   31.1s | sps  1697] ret_mean=0.000 ep_len=500.0 pi_loss=-0.027 v_loss=0.000 ent=2.970 kl=0.0154
[upd  207 | steps   52992 | t   31.2s | sps  1699] ret_mean=0.000 ep_len=0.0 pi_loss=-0.016 v_loss=0.000 ent=2.936 kl=0.0036
[upd  208 | steps   53248 | t   31.3s | sps  1701] ret_mean=0.000 ep_len=500.0 pi_loss=-0.017 v_loss=0.000 ent=2.916 kl=0.0098
[upd  209 | steps   53504 | t   31.4s | sps  1703] ret_mean=0.000 ep_len=0.0 pi_loss=-0.018 v_loss=0.000 ent=2.936 kl=0.0187
[upd  210 | steps   53760 | t   31.5s | sps  1705] ret_mean=0.000 ep_len=500.0 pi_loss=-0.015 v_loss=0.000 ent=2.942 kl=0.0178
[upd  211 | steps   54016 | t   31.6s | sps  1707] ret_mean=0.000 ep_len=0.0 pi_loss=-0.025 v_loss=0.000 ent=2.920 kl=0.0160
[upd  212 | steps   54272 | t   31.8s | sps  1709] ret_mean=0.000 ep_len=500.0 pi_loss=-0.023 v_loss=0.000 ent=3.005 kl=0.0084
[upd  213 | steps   54528 | t   31.9s | sps  1711] ret_mean=0.000 ep_len=0.0 pi_loss=-0.021 v_loss=0.000 ent=2.972 kl=0.0082
[upd  214 | steps   54784 | t   32.0s | sps  1713] ret_mean=0.000 ep_len=500.0 pi_loss=-0.021 v_loss=0.000 ent=3.029 kl=-0.0020
[upd  215 | steps   55040 | t   32.1s | sps  1714] ret_mean=0.000 ep_len=0.0 pi_loss=-0.021 v_loss=0.000 ent=3.043 kl=0.0045
[upd  216 | steps   55296 | t   32.2s | sps  1716] ret_mean=0.000 ep_len=500.0 pi_loss=-0.025 v_loss=0.000 ent=3.002 kl=0.0149
[upd  217 | steps   55552 | t   32.3s | sps  1718] ret_mean=0.000 ep_len=0.0 pi_loss=-0.019 v_loss=0.000 ent=2.935 kl=0.0133
[upd  218 | steps   55808 | t   32.5s | sps  1719] ret_mean=0.000 ep_len=500.0 pi_loss=-0.022 v_loss=0.000 ent=2.969 kl=0.0307
[upd  219 | steps   56064 | t   32.6s | sps  1721] ret_mean=0.000 ep_len=0.0 pi_loss=-0.021 v_loss=0.000 ent=3.051 kl=0.0123
[upd  220 | steps   56320 | t   32.7s | sps  1723] ret_mean=0.000 ep_len=500.0 pi_loss=-0.025 v_loss=0.000 ent=2.973 kl=0.0230
[upd  221 | steps   56576 | t   32.8s | sps  1724] ret_mean=0.000 ep_len=0.0 pi_loss=-0.018 v_loss=0.000 ent=2.973 kl=0.0081
[upd  222 | steps   56832 | t   32.9s | sps  1726] ret_mean=0.000 ep_len=500.0 pi_loss=-0.018 v_loss=0.000 ent=2.931 kl=0.0056
[upd  223 | steps   57088 | t   33.0s | sps  1728] ret_mean=0.000 ep_len=0.0 pi_loss=-0.010 v_loss=0.000 ent=2.776 kl=0.0116
[upd  224 | steps   57344 | t   33.1s | sps  1730] ret_mean=0.000 ep_len=500.0 pi_loss=-0.017 v_loss=0.000 ent=2.886 kl=0.0111
[upd  225 | steps   57600 | t   33.3s | sps  1732] ret_mean=0.000 ep_len=0.0 pi_loss=-0.023 v_loss=0.000 ent=2.975 kl=0.0164
        [eval] ret_mean=0.000 ep_len=500.0
[upd  226 | steps   57856 | t   33.8s | sps  1713] ret_mean=0.000 ep_len=0.0 pi_loss=-0.023 v_loss=0.000 ent=3.053 kl=0.0159
[upd  227 | steps   58112 | t   33.9s | sps  1716] ret_mean=0.000 ep_len=500.0 pi_loss=-0.022 v_loss=0.000 ent=3.018 kl=0.0075
[upd  228 | steps   58368 | t   34.0s | sps  1718] ret_mean=0.000 ep_len=0.0 pi_loss=-0.019 v_loss=0.000 ent=2.882 kl=0.0057
[upd  229 | steps   58624 | t   34.1s | sps  1721] ret_mean=0.000 ep_len=500.0 pi_loss=-0.030 v_loss=0.000 ent=2.780 kl=0.0127
[upd  230 | steps   58880 | t   34.2s | sps  1724] ret_mean=0.000 ep_len=0.0 pi_loss=-0.014 v_loss=0.000 ent=2.848 kl=0.0139
[upd  231 | steps   59136 | t   34.3s | sps  1726] ret_mean=0.000 ep_len=500.0 pi_loss=-0.023 v_loss=0.000 ent=2.876 kl=0.0089
[upd  232 | steps   59392 | t   34.4s | sps  1728] ret_mean=0.000 ep_len=0.0 pi_loss=-0.017 v_loss=0.000 ent=2.990 kl=0.0087
[upd  233 | steps   59648 | t   34.5s | sps  1730] ret_mean=0.000 ep_len=500.0 pi_loss=-0.019 v_loss=0.000 ent=2.956 kl=0.0072
[upd  234 | steps   59904 | t   34.6s | sps  1733] ret_mean=0.000 ep_len=0.0 pi_loss=-0.020 v_loss=0.000 ent=2.871 kl=0.0047
[upd  235 | steps   60160 | t   34.7s | sps  1735] ret_mean=0.000 ep_len=500.0 pi_loss=-0.020 v_loss=0.000 ent=2.781 kl=0.0073
[upd  236 | steps   60416 | t   34.8s | sps  1738] ret_mean=0.000 ep_len=0.0 pi_loss=-0.022 v_loss=0.000 ent=2.817 kl=0.0153
[upd  237 | steps   60672 | t   34.9s | sps  1740] ret_mean=0.000 ep_len=500.0 pi_loss=-0.020 v_loss=0.000 ent=2.897 kl=0.0063
[upd  238 | steps   60928 | t   35.0s | sps  1742] ret_mean=0.000 ep_len=0.0 pi_loss=-0.022 v_loss=0.000 ent=2.931 kl=0.0060
[upd  239 | steps   61184 | t   35.1s | sps  1745] ret_mean=0.000 ep_len=500.0 pi_loss=-0.024 v_loss=0.000 ent=2.943 kl=0.0131
[upd  240 | steps   61440 | t   35.2s | sps  1747] ret_mean=0.000 ep_len=0.0 pi_loss=-0.019 v_loss=0.000 ent=2.889 kl=0.0055
[upd  241 | steps   61696 | t   35.3s | sps  1749] ret_mean=0.000 ep_len=500.0 pi_loss=-0.027 v_loss=0.000 ent=2.971 kl=0.0193
[upd  242 | steps   61952 | t   35.4s | sps  1752] ret_mean=0.000 ep_len=0.0 pi_loss=-0.023 v_loss=0.000 ent=2.949 kl=-0.0034
[upd  243 | steps   62208 | t   35.5s | sps  1754] ret_mean=0.000 ep_len=500.0 pi_loss=-0.024 v_loss=0.000 ent=2.886 kl=0.0178
[upd  244 | steps   62464 | t   35.6s | sps  1757] ret_mean=0.000 ep_len=0.0 pi_loss=-0.021 v_loss=0.000 ent=3.022 kl=0.0240
[upd  245 | steps   62720 | t   35.7s | sps  1759] ret_mean=0.000 ep_len=500.0 pi_loss=-0.023 v_loss=0.000 ent=2.979 kl=0.0192
[upd  246 | steps   62976 | t   35.8s | sps  1761] ret_mean=0.000 ep_len=0.0 pi_loss=-0.034 v_loss=0.000 ent=3.027 kl=0.0407
[upd  247 | steps   63232 | t   35.9s | sps  1764] ret_mean=0.000 ep_len=500.0 pi_loss=-0.020 v_loss=0.000 ent=2.986 kl=0.0154
[upd  248 | steps   63488 | t   35.9s | sps  1766] ret_mean=0.000 ep_len=0.0 pi_loss=-0.021 v_loss=0.000 ent=3.122 kl=0.0202
[upd  249 | steps   63744 | t   36.0s | sps  1769] ret_mean=0.000 ep_len=500.0 pi_loss=-0.015 v_loss=0.000 ent=2.989 kl=0.0071
[upd  250 | steps   64000 | t   36.1s | sps  1771] ret_mean=0.000 ep_len=0.0 pi_loss=-0.022 v_loss=0.000 ent=3.066 kl=0.0090
        [eval] ret_mean=0.000 ep_len=500.0
[upd  251 | steps   64256 | t   36.6s | sps  1754] ret_mean=0.000 ep_len=0.0 pi_loss=-0.024 v_loss=0.000 ent=3.009 kl=0.0062
[upd  252 | steps   64512 | t   36.7s | sps  1756] ret_mean=0.000 ep_len=500.0 pi_loss=-0.022 v_loss=0.000 ent=3.128 kl=0.0039
[upd  253 | steps   64768 | t   36.8s | sps  1758] ret_mean=0.000 ep_len=0.0 pi_loss=-0.019 v_loss=0.000 ent=2.879 kl=0.0227
[upd  254 | steps   65024 | t   36.9s | sps  1761] ret_mean=0.000 ep_len=500.0 pi_loss=-0.017 v_loss=0.000 ent=2.816 kl=0.0135
[upd  255 | steps   65280 | t   37.0s | sps  1763] ret_mean=0.000 ep_len=0.0 pi_loss=-0.027 v_loss=0.000 ent=2.818 kl=0.0247
[upd  256 | steps   65536 | t   37.1s | sps  1765] ret_mean=0.000 ep_len=500.0 pi_loss=-0.026 v_loss=0.000 ent=2.805 kl=0.0210
[upd  257 | steps   65792 | t   37.2s | sps  1767] ret_mean=0.000 ep_len=0.0 pi_loss=-0.026 v_loss=0.000 ent=2.875 kl=0.0122
[upd  258 | steps   66048 | t   37.3s | sps  1770] ret_mean=0.000 ep_len=500.0 pi_loss=-0.028 v_loss=0.000 ent=2.969 kl=0.0173
[upd  259 | steps   66304 | t   37.4s | sps  1772] ret_mean=0.000 ep_len=0.0 pi_loss=-0.027 v_loss=0.000 ent=3.185 kl=0.0067
[upd  260 | steps   66560 | t   37.5s | sps  1774] ret_mean=0.000 ep_len=500.0 pi_loss=-0.025 v_loss=0.000 ent=3.166 kl=0.0095
[upd  261 | steps   66816 | t   37.6s | sps  1777] ret_mean=0.000 ep_len=0.0 pi_loss=-0.020 v_loss=0.000 ent=3.014 kl=0.0007
[upd  262 | steps   67072 | t   37.7s | sps  1779] ret_mean=0.000 ep_len=500.0 pi_loss=-0.026 v_loss=0.000 ent=2.900 kl=0.0032
[upd  263 | steps   67328 | t   37.8s | sps  1781] ret_mean=0.000 ep_len=0.0 pi_loss=-0.016 v_loss=0.000 ent=2.723 kl=0.0159
[upd  264 | steps   67584 | t   37.9s | sps  1783] ret_mean=0.000 ep_len=500.0 pi_loss=-0.028 v_loss=0.000 ent=2.698 kl=0.0198
[upd  265 | steps   67840 | t   38.0s | sps  1785] ret_mean=0.000 ep_len=0.0 pi_loss=-0.020 v_loss=0.000 ent=2.510 kl=-0.0014
[upd  266 | steps   68096 | t   38.1s | sps  1788] ret_mean=0.000 ep_len=500.0 pi_loss=-0.017 v_loss=0.000 ent=2.626 kl=0.0037
[upd  267 | steps   68352 | t   38.2s | sps  1790] ret_mean=0.000 ep_len=0.0 pi_loss=-0.020 v_loss=0.000 ent=2.772 kl=0.0064
[upd  268 | steps   68608 | t   38.3s | sps  1792] ret_mean=0.000 ep_len=500.0 pi_loss=-0.022 v_loss=0.000 ent=2.963 kl=0.0132
[upd  269 | steps   68864 | t   38.4s | sps  1794] ret_mean=0.000 ep_len=0.0 pi_loss=-0.023 v_loss=0.000 ent=2.972 kl=0.0183
[upd  270 | steps   69120 | t   38.5s | sps  1796] ret_mean=0.000 ep_len=500.0 pi_loss=-0.024 v_loss=0.000 ent=3.114 kl=0.0123
[upd  271 | steps   69376 | t   38.6s | sps  1798] ret_mean=0.000 ep_len=0.0 pi_loss=-0.016 v_loss=0.000 ent=3.160 kl=0.0085
[upd  272 | steps   69632 | t   38.7s | sps  1800] ret_mean=0.000 ep_len=500.0 pi_loss=-0.025 v_loss=0.000 ent=3.095 kl=0.0218
[upd  273 | steps   69888 | t   38.8s | sps  1801] ret_mean=0.000 ep_len=0.0 pi_loss=-0.028 v_loss=0.000 ent=3.156 kl=0.0151
[upd  274 | steps   70144 | t   38.9s | sps  1803] ret_mean=0.000 ep_len=500.0 pi_loss=-0.025 v_loss=0.000 ent=3.097 kl=0.0145
[upd  275 | steps   70400 | t   39.0s | sps  1805] ret_mean=0.000 ep_len=0.0 pi_loss=-0.018 v_loss=0.000 ent=3.055 kl=0.0045
        [eval] ret_mean=0.000 ep_len=500.0
[upd  276 | steps   70656 | t   39.5s | sps  1790] ret_mean=0.000 ep_len=0.0 pi_loss=-0.027 v_loss=0.000 ent=3.131 kl=0.0101
[upd  277 | steps   70912 | t   39.6s | sps  1792] ret_mean=0.000 ep_len=500.0 pi_loss=-0.027 v_loss=0.000 ent=3.112 kl=0.0200
[upd  278 | steps   71168 | t   39.7s | sps  1794] ret_mean=0.000 ep_len=0.0 pi_loss=-0.022 v_loss=0.000 ent=3.016 kl=0.0137
[upd  279 | steps   71424 | t   39.8s | sps  1796] ret_mean=0.000 ep_len=500.0 pi_loss=-0.017 v_loss=0.000 ent=3.052 kl=-0.0018
[upd  280 | steps   71680 | t   39.9s | sps  1798] ret_mean=0.000 ep_len=0.0 pi_loss=-0.022 v_loss=0.000 ent=3.126 kl=0.0225
[upd  281 | steps   71936 | t   40.0s | sps  1800] ret_mean=0.000 ep_len=500.0 pi_loss=-0.023 v_loss=0.000 ent=3.056 kl=-0.0000
[upd  282 | steps   72192 | t   40.1s | sps  1802] ret_mean=0.000 ep_len=0.0 pi_loss=-0.021 v_loss=0.000 ent=3.070 kl=-0.0014
[upd  283 | steps   72448 | t   40.2s | sps  1804] ret_mean=0.000 ep_len=500.0 pi_loss=-0.026 v_loss=0.000 ent=3.091 kl=0.0115
[upd  284 | steps   72704 | t   40.2s | sps  1807] ret_mean=0.000 ep_len=0.0 pi_loss=-0.024 v_loss=0.000 ent=3.070 kl=0.0123
[upd  285 | steps   72960 | t   40.3s | sps  1809] ret_mean=0.000 ep_len=500.0 pi_loss=-0.015 v_loss=0.000 ent=3.132 kl=0.0202
[upd  286 | steps   73216 | t   40.4s | sps  1811] ret_mean=0.000 ep_len=0.0 pi_loss=-0.026 v_loss=0.000 ent=3.129 kl=0.0086
[upd  287 | steps   73472 | t   40.5s | sps  1813] ret_mean=0.000 ep_len=500.0 pi_loss=-0.022 v_loss=0.000 ent=3.079 kl=0.0062
[upd  288 | steps   73728 | t   40.6s | sps  1815] ret_mean=0.000 ep_len=0.0 pi_loss=-0.029 v_loss=0.000 ent=2.949 kl=-0.0017
[upd  289 | steps   73984 | t   40.7s | sps  1817] ret_mean=0.000 ep_len=500.0 pi_loss=-0.022 v_loss=0.000 ent=2.909 kl=0.0102
[upd  290 | steps   74240 | t   40.8s | sps  1819] ret_mean=0.000 ep_len=0.0 pi_loss=-0.025 v_loss=0.000 ent=2.955 kl=0.0107
[upd  291 | steps   74496 | t   40.9s | sps  1821] ret_mean=0.000 ep_len=500.0 pi_loss=-0.025 v_loss=0.000 ent=2.991 kl=0.0019
[upd  292 | steps   74752 | t   41.0s | sps  1823] ret_mean=0.000 ep_len=0.0 pi_loss=-0.014 v_loss=0.000 ent=2.881 kl=0.0119
[upd  293 | steps   75008 | t   41.1s | sps  1824] ret_mean=0.000 ep_len=500.0 pi_loss=-0.021 v_loss=0.000 ent=2.949 kl=0.0089
[upd  294 | steps   75264 | t   41.2s | sps  1826] ret_mean=0.000 ep_len=0.0 pi_loss=-0.018 v_loss=0.000 ent=2.837 kl=-0.0042
[upd  295 | steps   75520 | t   41.3s | sps  1828] ret_mean=0.000 ep_len=500.0 pi_loss=-0.022 v_loss=0.000 ent=2.902 kl=-0.0011
[upd  296 | steps   75776 | t   41.4s | sps  1829] ret_mean=0.000 ep_len=0.0 pi_loss=-0.026 v_loss=0.000 ent=2.935 kl=0.0173
[upd  297 | steps   76032 | t   41.5s | sps  1831] ret_mean=0.000 ep_len=500.0 pi_loss=-0.027 v_loss=0.000 ent=3.069 kl=0.0086
[upd  298 | steps   76288 | t   41.6s | sps  1833] ret_mean=0.000 ep_len=0.0 pi_loss=-0.023 v_loss=0.000 ent=3.149 kl=0.0052
[upd  299 | steps   76544 | t   41.7s | sps  1835] ret_mean=0.000 ep_len=500.0 pi_loss=-0.018 v_loss=0.000 ent=3.161 kl=0.0064
[upd  300 | steps   76800 | t   41.8s | sps  1837] ret_mean=0.000 ep_len=0.0 pi_loss=-0.021 v_loss=0.000 ent=3.047 kl=0.0075
        [eval] ret_mean=0.000 ep_len=500.0
