[env] EnvSpec(env_id='rware-tiny-2ag-v2', n_agents=2, obs_dim=71, n_env_actions=5, noop_action=0, family='rware')  (n_msg_tokens=1)
[cfg] {'clip_range': 0.2, 'value_clip_range': 0.2, 'entropy_coef': 0.01, 'value_coef': 0.5, 'max_grad_norm': 0.5, 'gamma': 0.99, 'gae_lambda': 0.95, 'lr_actor': 0.0003, 'lr_critic': 0.001, 'update_epochs': 4, 'minibatches': 4, 'hidden': 128, 'depth': 2, 'device': 'cpu', 'extra': {}}
[log] writing to runs/rware-tiny-2ag-nocomm
[upd    1 | steps     256 | t    0.1s | sps  2515] ret_mean=0.000 ep_len=0.0 pi_loss=-0.007 v_loss=0.036 ent=1.607 kl=0.0093
[upd    2 | steps     512 | t    0.2s | sps  2658] ret_mean=0.000 ep_len=500.0 pi_loss=-0.003 v_loss=0.005 ent=1.605 kl=0.0020
[upd    3 | steps     768 | t    0.3s | sps  2690] ret_mean=0.000 ep_len=0.0 pi_loss=-0.007 v_loss=0.012 ent=1.598 kl=0.0065
[upd    4 | steps    1024 | t    0.4s | sps  2701] ret_mean=0.000 ep_len=500.0 pi_loss=0.000 v_loss=0.004 ent=1.597 kl=-0.0011
[upd    5 | steps    1280 | t    0.5s | sps  2729] ret_mean=0.000 ep_len=0.0 pi_loss=-0.005 v_loss=0.004 ent=1.594 kl=-0.0001
[upd    6 | steps    1536 | t    0.6s | sps  2741] ret_mean=0.000 ep_len=500.0 pi_loss=-0.003 v_loss=0.006 ent=1.588 kl=0.0033
[upd    7 | steps    1792 | t    0.7s | sps  2737] ret_mean=0.000 ep_len=0.0 pi_loss=-0.010 v_loss=0.002 ent=1.601 kl=-0.0049
[upd    8 | steps    2048 | t    0.7s | sps  2747] ret_mean=0.000 ep_len=500.0 pi_loss=-0.022 v_loss=0.004 ent=1.597 kl=0.0022
[upd    9 | steps    2304 | t    0.9s | sps  2616] ret_mean=0.000 ep_len=0.0 pi_loss=-0.012 v_loss=0.003 ent=1.602 kl=0.0034
[upd   10 | steps    2560 | t    1.0s | sps  2638] ret_mean=0.000 ep_len=500.0 pi_loss=-0.008 v_loss=0.003 ent=1.603 kl=0.0007
[upd   11 | steps    2816 | t    1.1s | sps  2650] ret_mean=0.000 ep_len=0.0 pi_loss=-0.005 v_loss=0.002 ent=1.592 kl=0.0042
[upd   12 | steps    3072 | t    1.2s | sps  2655] ret_mean=0.000 ep_len=500.0 pi_loss=-0.006 v_loss=0.002 ent=1.574 kl=0.0022
[upd   13 | steps    3328 | t    1.2s | sps  2662] ret_mean=0.000 ep_len=0.0 pi_loss=-0.007 v_loss=0.001 ent=1.572 kl=0.0004
[upd   14 | steps    3584 | t    1.3s | sps  2671] ret_mean=0.000 ep_len=500.0 pi_loss=-0.007 v_loss=0.002 ent=1.568 kl=0.0051
[upd   15 | steps    3840 | t    1.4s | sps  2685] ret_mean=0.000 ep_len=0.0 pi_loss=-0.008 v_loss=0.002 ent=1.577 kl=0.0009
[upd   16 | steps    4096 | t    1.5s | sps  2707] ret_mean=0.000 ep_len=500.0 pi_loss=-0.007 v_loss=0.002 ent=1.597 kl=0.0046
[upd   17 | steps    4352 | t    1.6s | sps  2722] ret_mean=0.000 ep_len=0.0 pi_loss=-0.002 v_loss=0.002 ent=1.595 kl=-0.0006
[upd   18 | steps    4608 | t    1.7s | sps  2728] ret_mean=0.000 ep_len=500.0 pi_loss=-0.003 v_loss=0.002 ent=1.602 kl=0.0011
[upd   19 | steps    4864 | t    1.8s | sps  2734] ret_mean=0.000 ep_len=0.0 pi_loss=-0.001 v_loss=0.001 ent=1.601 kl=0.0003
[upd   20 | steps    5120 | t    1.9s | sps  2739] ret_mean=0.000 ep_len=500.0 pi_loss=-0.009 v_loss=0.001 ent=1.597 kl=-0.0019
[upd   21 | steps    5376 | t    2.0s | sps  2738] ret_mean=0.000 ep_len=0.0 pi_loss=-0.006 v_loss=0.001 ent=1.594 kl=-0.0005
[upd   22 | steps    5632 | t    2.1s | sps  2741] ret_mean=0.000 ep_len=500.0 pi_loss=-0.007 v_loss=0.001 ent=1.597 kl=0.0083
[upd   23 | steps    5888 | t    2.2s | sps  2737] ret_mean=0.000 ep_len=0.0 pi_loss=-0.012 v_loss=0.001 ent=1.599 kl=0.0012
[upd   24 | steps    6144 | t    2.2s | sps  2736] ret_mean=0.000 ep_len=500.0 pi_loss=-0.006 v_loss=0.001 ent=1.590 kl=0.0013
[upd   25 | steps    6400 | t    2.3s | sps  2734] ret_mean=0.000 ep_len=0.0 pi_loss=-0.006 v_loss=0.001 ent=1.590 kl=0.0039
        [eval] ret_mean=0.000 ep_len=500.0
[upd   26 | steps    6656 | t    2.8s | sps  2403] ret_mean=0.000 ep_len=0.0 pi_loss=-0.013 v_loss=0.001 ent=1.592 kl=0.0060
[upd   27 | steps    6912 | t    2.9s | sps  2412] ret_mean=0.000 ep_len=500.0 pi_loss=-0.008 v_loss=0.000 ent=1.595 kl=0.0053
[upd   28 | steps    7168 | t    3.0s | sps  2418] ret_mean=0.000 ep_len=0.0 pi_loss=-0.007 v_loss=0.001 ent=1.591 kl=0.0018
[upd   29 | steps    7424 | t    3.1s | sps  2416] ret_mean=0.000 ep_len=500.0 pi_loss=-0.009 v_loss=0.001 ent=1.572 kl=0.0132
[upd   30 | steps    7680 | t    3.2s | sps  2394] ret_mean=0.000 ep_len=0.0 pi_loss=-0.013 v_loss=0.001 ent=1.566 kl=0.0160
[upd   31 | steps    7936 | t    3.3s | sps  2395] ret_mean=0.000 ep_len=500.0 pi_loss=-0.006 v_loss=0.001 ent=1.541 kl=0.0090
[upd   32 | steps    8192 | t    3.4s | sps  2399] ret_mean=0.000 ep_len=0.0 pi_loss=-0.012 v_loss=0.001 ent=1.558 kl=0.0038
[upd   33 | steps    8448 | t    3.5s | sps  2403] ret_mean=0.000 ep_len=500.0 pi_loss=-0.007 v_loss=0.001 ent=1.513 kl=0.0028
[upd   34 | steps    8704 | t    3.6s | sps  2403] ret_mean=0.000 ep_len=0.0 pi_loss=-0.002 v_loss=0.001 ent=1.473 kl=0.0026
[upd   35 | steps    8960 | t    3.7s | sps  2406] ret_mean=1.000 ep_len=500.0 pi_loss=-0.018 v_loss=0.018 ent=1.441 kl=0.0204
[upd   36 | steps    9216 | t    3.8s | sps  2408] ret_mean=0.000 ep_len=0.0 pi_loss=-0.009 v_loss=0.001 ent=1.512 kl=-0.0006
[upd   37 | steps    9472 | t    3.9s | sps  2410] ret_mean=0.000 ep_len=500.0 pi_loss=-0.010 v_loss=0.000 ent=1.492 kl=-0.0006
[upd   38 | steps    9728 | t    4.0s | sps  2403] ret_mean=0.000 ep_len=0.0 pi_loss=-0.008 v_loss=0.001 ent=1.524 kl=0.0036
[upd   39 | steps    9984 | t    4.2s | sps  2405] ret_mean=1.000 ep_len=500.0 pi_loss=-0.005 v_loss=0.013 ent=1.464 kl=0.0030
[upd   40 | steps   10240 | t    4.3s | sps  2406] ret_mean=0.000 ep_len=0.0 pi_loss=-0.012 v_loss=0.001 ent=1.379 kl=0.0135
[upd   41 | steps   10496 | t    4.4s | sps  2407] ret_mean=0.000 ep_len=500.0 pi_loss=-0.009 v_loss=0.001 ent=1.479 kl=0.0067
[upd   42 | steps   10752 | t    4.5s | sps  2409] ret_mean=0.000 ep_len=0.0 pi_loss=-0.009 v_loss=0.000 ent=1.518 kl=0.0106
[upd   43 | steps   11008 | t    4.6s | sps  2409] ret_mean=0.000 ep_len=500.0 pi_loss=-0.009 v_loss=0.001 ent=1.360 kl=0.0025
[upd   44 | steps   11264 | t    4.7s | sps  2412] ret_mean=0.000 ep_len=0.0 pi_loss=-0.008 v_loss=0.001 ent=1.384 kl=0.0037
[upd   45 | steps   11520 | t    4.8s | sps  2407] ret_mean=0.000 ep_len=500.0 pi_loss=-0.007 v_loss=0.001 ent=1.396 kl=0.0096
[upd   46 | steps   11776 | t    4.9s | sps  2403] ret_mean=0.000 ep_len=0.0 pi_loss=-0.006 v_loss=0.000 ent=1.459 kl=0.0091
[upd   47 | steps   12032 | t    5.0s | sps  2399] ret_mean=0.000 ep_len=500.0 pi_loss=-0.006 v_loss=0.000 ent=1.415 kl=0.0046
[upd   48 | steps   12288 | t    5.1s | sps  2396] ret_mean=0.000 ep_len=0.0 pi_loss=-0.006 v_loss=0.000 ent=1.420 kl=0.0031
[upd   49 | steps   12544 | t    5.2s | sps  2393] ret_mean=0.000 ep_len=500.0 pi_loss=-0.006 v_loss=0.000 ent=1.492 kl=0.0067
[upd   50 | steps   12800 | t    5.4s | sps  2388] ret_mean=0.000 ep_len=0.0 pi_loss=-0.009 v_loss=0.000 ent=1.531 kl=-0.0012
        [eval] ret_mean=0.000 ep_len=500.0
[upd   51 | steps   13056 | t    5.9s | sps  2231] ret_mean=0.000 ep_len=0.0 pi_loss=-0.006 v_loss=0.000 ent=1.540 kl=0.0056
[upd   52 | steps   13312 | t    6.0s | sps  2231] ret_mean=0.000 ep_len=500.0 pi_loss=-0.004 v_loss=0.000 ent=1.537 kl=0.0018
[upd   53 | steps   13568 | t    6.1s | sps  2229] ret_mean=0.000 ep_len=0.0 pi_loss=-0.003 v_loss=0.001 ent=1.447 kl=0.0021
[upd   54 | steps   13824 | t    6.2s | sps  2226] ret_mean=1.000 ep_len=500.0 pi_loss=-0.003 v_loss=0.014 ent=1.428 kl=-0.0011
[upd   55 | steps   14080 | t    6.3s | sps  2226] ret_mean=0.000 ep_len=0.0 pi_loss=-0.008 v_loss=0.001 ent=1.550 kl=0.0047
[upd   56 | steps   14336 | t    6.4s | sps  2225] ret_mean=0.000 ep_len=500.0 pi_loss=-0.007 v_loss=0.001 ent=1.554 kl=0.0051
[upd   57 | steps   14592 | t    6.6s | sps  2225] ret_mean=0.000 ep_len=0.0 pi_loss=-0.005 v_loss=0.000 ent=1.541 kl=-0.0003
[upd   58 | steps   14848 | t    6.7s | sps  2223] ret_mean=0.000 ep_len=500.0 pi_loss=-0.017 v_loss=0.000 ent=1.543 kl=0.0017
[upd   59 | steps   15104 | t    6.8s | sps  2223] ret_mean=0.000 ep_len=0.0 pi_loss=-0.006 v_loss=0.000 ent=1.540 kl=0.0113
[upd   60 | steps   15360 | t    6.9s | sps  2223] ret_mean=0.000 ep_len=500.0 pi_loss=-0.008 v_loss=0.000 ent=1.540 kl=-0.0008
[upd   61 | steps   15616 | t    7.0s | sps  2222] ret_mean=0.000 ep_len=0.0 pi_loss=-0.003 v_loss=0.000 ent=1.412 kl=0.0050
[upd   62 | steps   15872 | t    7.1s | sps  2222] ret_mean=0.000 ep_len=500.0 pi_loss=-0.007 v_loss=0.000 ent=1.500 kl=-0.0024
[upd   63 | steps   16128 | t    7.3s | sps  2221] ret_mean=0.000 ep_len=0.0 pi_loss=-0.012 v_loss=0.000 ent=1.513 kl=-0.0002
[upd   64 | steps   16384 | t    7.4s | sps  2214] ret_mean=0.000 ep_len=500.0 pi_loss=-0.013 v_loss=0.000 ent=1.538 kl=0.0130
[upd   65 | steps   16640 | t    7.5s | sps  2214] ret_mean=0.000 ep_len=0.0 pi_loss=-0.010 v_loss=0.000 ent=1.360 kl=0.0080
[upd   66 | steps   16896 | t    7.6s | sps  2214] ret_mean=0.000 ep_len=500.0 pi_loss=-0.011 v_loss=0.000 ent=1.465 kl=0.0013
[upd   67 | steps   17152 | t    7.7s | sps  2215] ret_mean=0.000 ep_len=0.0 pi_loss=-0.007 v_loss=0.000 ent=1.521 kl=0.0076
[upd   68 | steps   17408 | t    7.9s | sps  2215] ret_mean=0.000 ep_len=500.0 pi_loss=-0.013 v_loss=0.000 ent=1.458 kl=-0.0044
[upd   69 | steps   17664 | t    8.0s | sps  2215] ret_mean=0.000 ep_len=0.0 pi_loss=-0.006 v_loss=0.000 ent=1.443 kl=0.0075
[upd   70 | steps   17920 | t    8.1s | sps  2214] ret_mean=0.000 ep_len=500.0 pi_loss=-0.012 v_loss=0.000 ent=1.447 kl=-0.0037
[upd   71 | steps   18176 | t    8.2s | sps  2213] ret_mean=0.000 ep_len=0.0 pi_loss=-0.004 v_loss=0.000 ent=1.339 kl=0.0022
[upd   72 | steps   18432 | t    8.3s | sps  2212] ret_mean=0.000 ep_len=500.0 pi_loss=-0.009 v_loss=0.000 ent=1.412 kl=-0.0012
[upd   73 | steps   18688 | t    8.4s | sps  2213] ret_mean=0.000 ep_len=0.0 pi_loss=-0.009 v_loss=0.000 ent=1.406 kl=0.0126
[upd   74 | steps   18944 | t    8.6s | sps  2212] ret_mean=0.000 ep_len=500.0 pi_loss=-0.018 v_loss=0.000 ent=1.384 kl=0.0200
[upd   75 | steps   19200 | t    8.7s | sps  2212] ret_mean=0.000 ep_len=0.0 pi_loss=0.001 v_loss=0.000 ent=1.307 kl=0.0010
        [eval] ret_mean=0.000 ep_len=500.0
[upd   76 | steps   19456 | t    9.2s | sps  2119] ret_mean=0.000 ep_len=0.0 pi_loss=-0.010 v_loss=0.000 ent=1.310 kl=0.0186
[upd   77 | steps   19712 | t    9.3s | sps  2120] ret_mean=0.000 ep_len=500.0 pi_loss=-0.009 v_loss=0.000 ent=1.206 kl=0.0155
[upd   78 | steps   19968 | t    9.4s | sps  2122] ret_mean=0.000 ep_len=0.0 pi_loss=-0.005 v_loss=0.000 ent=1.400 kl=-0.0012
[upd   79 | steps   20224 | t    9.5s | sps  2123] ret_mean=0.000 ep_len=500.0 pi_loss=-0.009 v_loss=0.000 ent=1.376 kl=0.0066
[upd   80 | steps   20480 | t    9.6s | sps  2125] ret_mean=0.000 ep_len=0.0 pi_loss=-0.015 v_loss=0.000 ent=1.351 kl=0.0071
[upd   81 | steps   20736 | t    9.8s | sps  2126] ret_mean=0.000 ep_len=500.0 pi_loss=-0.012 v_loss=0.000 ent=1.327 kl=0.0114
[upd   82 | steps   20992 | t    9.9s | sps  2121] ret_mean=0.000 ep_len=0.0 pi_loss=-0.006 v_loss=0.000 ent=1.431 kl=-0.0029
[upd   83 | steps   21248 | t   10.0s | sps  2121] ret_mean=0.000 ep_len=500.0 pi_loss=-0.009 v_loss=0.000 ent=1.311 kl=0.0056
[upd   84 | steps   21504 | t   10.1s | sps  2123] ret_mean=0.000 ep_len=0.0 pi_loss=-0.004 v_loss=0.000 ent=1.247 kl=0.0104
[upd   85 | steps   21760 | t   10.2s | sps  2124] ret_mean=0.000 ep_len=500.0 pi_loss=-0.004 v_loss=0.000 ent=1.343 kl=0.0034
[upd   86 | steps   22016 | t   10.4s | sps  2126] ret_mean=0.000 ep_len=0.0 pi_loss=-0.007 v_loss=0.000 ent=1.346 kl=0.0121
[upd   87 | steps   22272 | t   10.5s | sps  2127] ret_mean=0.000 ep_len=500.0 pi_loss=-0.009 v_loss=0.000 ent=1.363 kl=0.0114
[upd   88 | steps   22528 | t   10.6s | sps  2127] ret_mean=0.000 ep_len=0.0 pi_loss=-0.006 v_loss=0.000 ent=1.330 kl=-0.0028
[upd   89 | steps   22784 | t   10.7s | sps  2129] ret_mean=0.000 ep_len=500.0 pi_loss=-0.007 v_loss=0.000 ent=1.340 kl=0.0012
[upd   90 | steps   23040 | t   10.8s | sps  2130] ret_mean=0.000 ep_len=0.0 pi_loss=-0.012 v_loss=0.000 ent=1.304 kl=0.0017
[upd   91 | steps   23296 | t   10.9s | sps  2132] ret_mean=0.000 ep_len=500.0 pi_loss=-0.006 v_loss=0.000 ent=1.335 kl=0.0128
[upd   92 | steps   23552 | t   11.0s | sps  2132] ret_mean=0.000 ep_len=0.0 pi_loss=-0.007 v_loss=0.000 ent=1.323 kl=0.0018
[upd   93 | steps   23808 | t   11.2s | sps  2133] ret_mean=0.000 ep_len=500.0 pi_loss=-0.009 v_loss=0.000 ent=1.293 kl=0.0027
[upd   94 | steps   24064 | t   11.3s | sps  2134] ret_mean=0.000 ep_len=0.0 pi_loss=-0.001 v_loss=0.000 ent=1.382 kl=-0.0008
[upd   95 | steps   24320 | t   11.4s | sps  2136] ret_mean=0.000 ep_len=500.0 pi_loss=-0.004 v_loss=0.000 ent=1.304 kl=-0.0002
[upd   96 | steps   24576 | t   11.5s | sps  2137] ret_mean=0.000 ep_len=0.0 pi_loss=-0.005 v_loss=0.000 ent=1.249 kl=0.0159
[upd   97 | steps   24832 | t   11.6s | sps  2138] ret_mean=0.000 ep_len=500.0 pi_loss=-0.010 v_loss=0.000 ent=1.315 kl=0.0032
[upd   98 | steps   25088 | t   11.7s | sps  2138] ret_mean=0.000 ep_len=0.0 pi_loss=-0.005 v_loss=0.000 ent=1.298 kl=-0.0033
[upd   99 | steps   25344 | t   11.8s | sps  2139] ret_mean=0.000 ep_len=500.0 pi_loss=-0.007 v_loss=0.000 ent=1.383 kl=0.0123
[upd  100 | steps   25600 | t   12.0s | sps  2140] ret_mean=0.000 ep_len=0.0 pi_loss=-0.003 v_loss=0.000 ent=1.250 kl=0.0013
        [eval] ret_mean=0.000 ep_len=500.0
[upd  101 | steps   25856 | t   12.5s | sps  2074] ret_mean=0.000 ep_len=0.0 pi_loss=-0.006 v_loss=0.000 ent=1.275 kl=0.0017
[upd  102 | steps   26112 | t   12.6s | sps  2075] ret_mean=0.000 ep_len=500.0 pi_loss=-0.008 v_loss=0.000 ent=1.340 kl=0.0091
[upd  103 | steps   26368 | t   12.7s | sps  2076] ret_mean=0.000 ep_len=0.0 pi_loss=-0.007 v_loss=0.000 ent=1.204 kl=-0.0031
[upd  104 | steps   26624 | t   12.8s | sps  2078] ret_mean=0.000 ep_len=500.0 pi_loss=-0.010 v_loss=0.000 ent=1.244 kl=0.0110
[upd  105 | steps   26880 | t   12.9s | sps  2081] ret_mean=0.000 ep_len=0.0 pi_loss=-0.006 v_loss=0.000 ent=1.178 kl=-0.0054
[upd  106 | steps   27136 | t   13.0s | sps  2083] ret_mean=0.000 ep_len=500.0 pi_loss=-0.005 v_loss=0.000 ent=1.137 kl=0.0077
[upd  107 | steps   27392 | t   13.1s | sps  2084] ret_mean=0.000 ep_len=0.0 pi_loss=-0.005 v_loss=0.000 ent=1.119 kl=-0.0031
[upd  108 | steps   27648 | t   13.3s | sps  2086] ret_mean=0.000 ep_len=500.0 pi_loss=-0.014 v_loss=0.000 ent=1.115 kl=0.0077
[upd  109 | steps   27904 | t   13.4s | sps  2086] ret_mean=0.000 ep_len=0.0 pi_loss=-0.007 v_loss=0.000 ent=0.988 kl=0.0032
[upd  110 | steps   28160 | t   13.5s | sps  2087] ret_mean=0.000 ep_len=500.0 pi_loss=-0.008 v_loss=0.000 ent=0.836 kl=0.0049
[upd  111 | steps   28416 | t   13.6s | sps  2088] ret_mean=0.000 ep_len=0.0 pi_loss=-0.000 v_loss=0.000 ent=0.895 kl=0.0010
[upd  112 | steps   28672 | t   13.7s | sps  2089] ret_mean=0.000 ep_len=500.0 pi_loss=-0.005 v_loss=0.000 ent=0.925 kl=0.0064
[upd  113 | steps   28928 | t   13.8s | sps  2090] ret_mean=0.000 ep_len=0.0 pi_loss=-0.006 v_loss=0.000 ent=0.885 kl=0.0051
[upd  114 | steps   29184 | t   14.0s | sps  2091] ret_mean=0.000 ep_len=500.0 pi_loss=-0.008 v_loss=0.000 ent=0.785 kl=-0.0007
[upd  115 | steps   29440 | t   14.1s | sps  2092] ret_mean=0.000 ep_len=0.0 pi_loss=-0.005 v_loss=0.000 ent=0.844 kl=0.0031
[upd  116 | steps   29696 | t   14.2s | sps  2090] ret_mean=0.000 ep_len=500.0 pi_loss=-0.011 v_loss=0.000 ent=0.906 kl=0.0065
[upd  117 | steps   29952 | t   14.3s | sps  2091] ret_mean=0.000 ep_len=0.0 pi_loss=-0.012 v_loss=0.000 ent=0.921 kl=0.0064
[upd  118 | steps   30208 | t   14.4s | sps  2091] ret_mean=0.000 ep_len=500.0 pi_loss=-0.012 v_loss=0.000 ent=0.904 kl=0.0153
[upd  119 | steps   30464 | t   14.6s | sps  2091] ret_mean=0.000 ep_len=0.0 pi_loss=-0.012 v_loss=0.000 ent=0.934 kl=-0.0024
[upd  120 | steps   30720 | t   14.7s | sps  2092] ret_mean=0.000 ep_len=500.0 pi_loss=-0.014 v_loss=0.000 ent=1.019 kl=0.0253
[upd  121 | steps   30976 | t   14.8s | sps  2093] ret_mean=0.000 ep_len=0.0 pi_loss=-0.000 v_loss=0.000 ent=0.898 kl=0.0038
[upd  122 | steps   31232 | t   14.9s | sps  2093] ret_mean=0.000 ep_len=500.0 pi_loss=-0.005 v_loss=0.000 ent=0.900 kl=0.0042
[upd  123 | steps   31488 | t   15.0s | sps  2094] ret_mean=0.000 ep_len=0.0 pi_loss=-0.011 v_loss=0.012 ent=1.137 kl=0.0051
[upd  124 | steps   31744 | t   15.2s | sps  2094] ret_mean=1.000 ep_len=500.0 pi_loss=-0.010 v_loss=0.001 ent=0.947 kl=0.0008
[upd  125 | steps   32000 | t   15.3s | sps  2095] ret_mean=0.000 ep_len=0.0 pi_loss=-0.010 v_loss=0.000 ent=1.093 kl=0.0029
        [eval] ret_mean=0.000 ep_len=500.0
[upd  126 | steps   32256 | t   15.8s | sps  2040] ret_mean=0.000 ep_len=0.0 pi_loss=-0.014 v_loss=0.000 ent=1.060 kl=0.0060
[upd  127 | steps   32512 | t   15.9s | sps  2041] ret_mean=0.000 ep_len=500.0 pi_loss=-0.005 v_loss=0.000 ent=1.034 kl=0.0058
[upd  128 | steps   32768 | t   16.1s | sps  2042] ret_mean=0.000 ep_len=0.0 pi_loss=-0.005 v_loss=0.000 ent=1.122 kl=0.0002
[upd  129 | steps   33024 | t   16.2s | sps  2043] ret_mean=0.000 ep_len=500.0 pi_loss=-0.005 v_loss=0.000 ent=1.111 kl=0.0023
[upd  130 | steps   33280 | t   16.3s | sps  2044] ret_mean=0.000 ep_len=0.0 pi_loss=-0.008 v_loss=0.000 ent=0.963 kl=0.0072
[upd  131 | steps   33536 | t   16.4s | sps  2045] ret_mean=0.000 ep_len=500.0 pi_loss=-0.011 v_loss=0.000 ent=1.068 kl=0.0152
[upd  132 | steps   33792 | t   16.5s | sps  2046] ret_mean=0.000 ep_len=0.0 pi_loss=-0.013 v_loss=0.000 ent=1.142 kl=-0.0012
[upd  133 | steps   34048 | t   16.6s | sps  2047] ret_mean=0.000 ep_len=500.0 pi_loss=-0.015 v_loss=0.000 ent=1.242 kl=0.0210
[upd  134 | steps   34304 | t   16.7s | sps  2049] ret_mean=0.000 ep_len=0.0 pi_loss=-0.012 v_loss=0.000 ent=1.346 kl=0.0030
[upd  135 | steps   34560 | t   16.9s | sps  2050] ret_mean=0.000 ep_len=500.0 pi_loss=-0.014 v_loss=0.000 ent=1.216 kl=0.0071
[upd  136 | steps   34816 | t   17.0s | sps  2051] ret_mean=0.000 ep_len=0.0 pi_loss=-0.013 v_loss=0.000 ent=1.131 kl=0.0031
[upd  137 | steps   35072 | t   17.1s | sps  2052] ret_mean=1.000 ep_len=500.0 pi_loss=-0.008 v_loss=0.010 ent=1.189 kl=0.0080
[upd  138 | steps   35328 | t   17.2s | sps  2053] ret_mean=0.000 ep_len=0.0 pi_loss=-0.009 v_loss=0.001 ent=1.234 kl=0.0072
[upd  139 | steps   35584 | t   17.3s | sps  2054] ret_mean=0.000 ep_len=500.0 pi_loss=-0.007 v_loss=0.001 ent=1.150 kl=0.0036
[upd  140 | steps   35840 | t   17.4s | sps  2056] ret_mean=0.000 ep_len=0.0 pi_loss=-0.009 v_loss=0.000 ent=1.179 kl=-0.0033
[upd  141 | steps   36096 | t   17.6s | sps  2054] ret_mean=0.000 ep_len=500.0 pi_loss=-0.006 v_loss=0.000 ent=1.046 kl=0.0030
[upd  142 | steps   36352 | t   17.7s | sps  2055] ret_mean=0.000 ep_len=0.0 pi_loss=-0.008 v_loss=0.000 ent=1.009 kl=0.0065
[upd  143 | steps   36608 | t   17.8s | sps  2056] ret_mean=0.000 ep_len=500.0 pi_loss=-0.008 v_loss=0.000 ent=1.119 kl=0.0002
[upd  144 | steps   36864 | t   17.9s | sps  2058] ret_mean=0.000 ep_len=0.0 pi_loss=-0.014 v_loss=0.000 ent=1.058 kl=0.0083
[upd  145 | steps   37120 | t   18.0s | sps  2059] ret_mean=0.000 ep_len=500.0 pi_loss=-0.006 v_loss=0.000 ent=1.106 kl=0.0017
[upd  146 | steps   37376 | t   18.1s | sps  2060] ret_mean=0.000 ep_len=0.0 pi_loss=-0.009 v_loss=0.000 ent=1.246 kl=0.0127
[upd  147 | steps   37632 | t   18.3s | sps  2062] ret_mean=0.000 ep_len=500.0 pi_loss=-0.006 v_loss=0.000 ent=1.229 kl=0.0105
[upd  148 | steps   37888 | t   18.4s | sps  2063] ret_mean=0.000 ep_len=0.0 pi_loss=-0.008 v_loss=0.000 ent=1.240 kl=0.0046
[upd  149 | steps   38144 | t   18.5s | sps  2063] ret_mean=0.000 ep_len=500.0 pi_loss=-0.015 v_loss=0.000 ent=1.120 kl=0.0152
[upd  150 | steps   38400 | t   18.6s | sps  2064] ret_mean=0.000 ep_len=0.0 pi_loss=-0.010 v_loss=0.000 ent=1.118 kl=0.0041
        [eval] ret_mean=0.000 ep_len=500.0
[upd  151 | steps   38656 | t   19.1s | sps  2021] ret_mean=0.000 ep_len=0.0 pi_loss=-0.008 v_loss=0.000 ent=1.078 kl=0.0045
[upd  152 | steps   38912 | t   19.2s | sps  2022] ret_mean=0.000 ep_len=500.0 pi_loss=-0.008 v_loss=0.000 ent=1.071 kl=-0.0007
[upd  153 | steps   39168 | t   19.4s | sps  2023] ret_mean=0.000 ep_len=0.0 pi_loss=-0.012 v_loss=0.000 ent=1.161 kl=0.0132
[upd  154 | steps   39424 | t   19.5s | sps  2024] ret_mean=0.000 ep_len=500.0 pi_loss=-0.006 v_loss=0.000 ent=1.146 kl=0.0021
[upd  155 | steps   39680 | t   19.6s | sps  2025] ret_mean=0.000 ep_len=0.0 pi_loss=-0.010 v_loss=0.000 ent=1.128 kl=0.0021
[upd  156 | steps   39936 | t   19.7s | sps  2026] ret_mean=1.000 ep_len=500.0 pi_loss=-0.011 v_loss=0.014 ent=1.205 kl=0.0043
[upd  157 | steps   40192 | t   19.8s | sps  2027] ret_mean=0.000 ep_len=0.0 pi_loss=-0.006 v_loss=0.001 ent=1.278 kl=-0.0007
[upd  158 | steps   40448 | t   19.9s | sps  2028] ret_mean=0.000 ep_len=500.0 pi_loss=-0.005 v_loss=0.001 ent=1.044 kl=0.0059
[upd  159 | steps   40704 | t   20.1s | sps  2029] ret_mean=0.000 ep_len=0.0 pi_loss=-0.009 v_loss=0.001 ent=1.156 kl=0.0071
[upd  160 | steps   40960 | t   20.2s | sps  2030] ret_mean=0.000 ep_len=500.0 pi_loss=-0.008 v_loss=0.001 ent=1.167 kl=0.0060
[upd  161 | steps   41216 | t   20.3s | sps  2031] ret_mean=0.000 ep_len=0.0 pi_loss=-0.009 v_loss=0.000 ent=1.179 kl=0.0048
[upd  162 | steps   41472 | t   20.4s | sps  2032] ret_mean=0.000 ep_len=500.0 pi_loss=-0.004 v_loss=0.000 ent=1.150 kl=0.0062
[upd  163 | steps   41728 | t   20.5s | sps  2033] ret_mean=0.000 ep_len=0.0 pi_loss=-0.008 v_loss=0.000 ent=1.132 kl=-0.0012
[upd  164 | steps   41984 | t   20.6s | sps  2034] ret_mean=0.000 ep_len=500.0 pi_loss=-0.008 v_loss=0.000 ent=1.216 kl=0.0029
[upd  165 | steps   42240 | t   20.8s | sps  2035] ret_mean=0.000 ep_len=0.0 pi_loss=-0.012 v_loss=0.000 ent=1.190 kl=0.0039
[upd  166 | steps   42496 | t   20.9s | sps  2036] ret_mean=0.000 ep_len=500.0 pi_loss=-0.005 v_loss=0.000 ent=1.263 kl=-0.0003
[upd  167 | steps   42752 | t   21.0s | sps  2036] ret_mean=0.000 ep_len=0.0 pi_loss=-0.007 v_loss=0.000 ent=1.292 kl=0.0022
[upd  168 | steps   43008 | t   21.1s | sps  2038] ret_mean=0.000 ep_len=500.0 pi_loss=-0.009 v_loss=0.000 ent=1.349 kl=0.0114
[upd  169 | steps   43264 | t   21.2s | sps  2038] ret_mean=0.000 ep_len=0.0 pi_loss=-0.008 v_loss=0.000 ent=1.286 kl=0.0025
[upd  170 | steps   43520 | t   21.3s | sps  2039] ret_mean=0.000 ep_len=500.0 pi_loss=-0.011 v_loss=0.000 ent=1.291 kl=0.0142
[upd  171 | steps   43776 | t   21.5s | sps  2040] ret_mean=0.000 ep_len=0.0 pi_loss=-0.009 v_loss=0.000 ent=1.292 kl=0.0148
[upd  172 | steps   44032 | t   21.6s | sps  2041] ret_mean=0.000 ep_len=500.0 pi_loss=-0.005 v_loss=0.000 ent=1.303 kl=0.0148
[upd  173 | steps   44288 | t   21.7s | sps  2042] ret_mean=0.000 ep_len=0.0 pi_loss=-0.011 v_loss=0.000 ent=1.280 kl=0.0066
[upd  174 | steps   44544 | t   21.8s | sps  2044] ret_mean=0.000 ep_len=500.0 pi_loss=-0.006 v_loss=0.000 ent=1.283 kl=0.0063
[upd  175 | steps   44800 | t   21.9s | sps  2045] ret_mean=0.000 ep_len=0.0 pi_loss=-0.009 v_loss=0.000 ent=1.321 kl=-0.0038
        [eval] ret_mean=0.000 ep_len=500.0
[upd  176 | steps   45056 | t   22.4s | sps  2011] ret_mean=0.000 ep_len=0.0 pi_loss=-0.009 v_loss=0.000 ent=1.356 kl=0.0034
[upd  177 | steps   45312 | t   22.5s | sps  2010] ret_mean=0.000 ep_len=500.0 pi_loss=-0.009 v_loss=0.000 ent=1.256 kl=0.0094
[upd  178 | steps   45568 | t   22.7s | sps  2011] ret_mean=0.000 ep_len=0.0 pi_loss=-0.006 v_loss=0.000 ent=1.182 kl=0.0168
[upd  179 | steps   45824 | t   22.8s | sps  2012] ret_mean=0.000 ep_len=500.0 pi_loss=-0.004 v_loss=0.000 ent=1.148 kl=-0.0017
[upd  180 | steps   46080 | t   22.9s | sps  2012] ret_mean=0.000 ep_len=0.0 pi_loss=-0.003 v_loss=0.000 ent=1.215 kl=-0.0012
[upd  181 | steps   46336 | t   23.0s | sps  2013] ret_mean=0.000 ep_len=500.0 pi_loss=-0.009 v_loss=0.000 ent=1.232 kl=0.0077
[upd  182 | steps   46592 | t   23.1s | sps  2014] ret_mean=0.000 ep_len=0.0 pi_loss=-0.004 v_loss=0.000 ent=1.212 kl=0.0083
[upd  183 | steps   46848 | t   23.2s | sps  2015] ret_mean=0.000 ep_len=500.0 pi_loss=-0.010 v_loss=0.000 ent=1.197 kl=0.0122
[upd  184 | steps   47104 | t   23.4s | sps  2017] ret_mean=0.000 ep_len=0.0 pi_loss=-0.011 v_loss=0.000 ent=1.230 kl=-0.0087
[upd  185 | steps   47360 | t   23.5s | sps  2018] ret_mean=0.000 ep_len=500.0 pi_loss=-0.002 v_loss=0.000 ent=1.149 kl=0.0049
[upd  186 | steps   47616 | t   23.6s | sps  2018] ret_mean=0.000 ep_len=0.0 pi_loss=-0.006 v_loss=0.000 ent=1.126 kl=0.0030
[upd  187 | steps   47872 | t   23.7s | sps  2019] ret_mean=0.000 ep_len=500.0 pi_loss=-0.002 v_loss=0.000 ent=1.260 kl=-0.0018
[upd  188 | steps   48128 | t   23.8s | sps  2020] ret_mean=0.000 ep_len=0.0 pi_loss=-0.005 v_loss=0.000 ent=1.195 kl=-0.0058
[upd  189 | steps   48384 | t   23.9s | sps  2021] ret_mean=0.000 ep_len=500.0 pi_loss=-0.003 v_loss=0.000 ent=1.151 kl=0.0026
[upd  190 | steps   48640 | t   24.0s | sps  2023] ret_mean=0.000 ep_len=0.0 pi_loss=-0.011 v_loss=0.000 ent=1.107 kl=0.0103
[upd  191 | steps   48896 | t   24.2s | sps  2024] ret_mean=0.000 ep_len=500.0 pi_loss=-0.008 v_loss=0.000 ent=1.055 kl=0.0058
[upd  192 | steps   49152 | t   24.3s | sps  2026] ret_mean=0.000 ep_len=0.0 pi_loss=-0.004 v_loss=0.000 ent=1.124 kl=-0.0003
[upd  193 | steps   49408 | t   24.4s | sps  2028] ret_mean=0.000 ep_len=500.0 pi_loss=-0.010 v_loss=0.000 ent=0.993 kl=0.0129
[upd  194 | steps   49664 | t   24.5s | sps  2029] ret_mean=0.000 ep_len=0.0 pi_loss=-0.006 v_loss=0.000 ent=0.929 kl=0.0272
[upd  195 | steps   49920 | t   24.6s | sps  2031] ret_mean=0.000 ep_len=500.0 pi_loss=-0.007 v_loss=0.000 ent=0.963 kl=0.0004
[upd  196 | steps   50176 | t   24.7s | sps  2034] ret_mean=0.000 ep_len=0.0 pi_loss=-0.001 v_loss=0.000 ent=0.947 kl=-0.0003
[upd  197 | steps   50432 | t   24.8s | sps  2036] ret_mean=0.000 ep_len=500.0 pi_loss=-0.008 v_loss=0.000 ent=1.035 kl=0.0084
[upd  198 | steps   50688 | t   24.9s | sps  2038] ret_mean=0.000 ep_len=0.0 pi_loss=-0.012 v_loss=0.000 ent=1.100 kl=0.0003
[upd  199 | steps   50944 | t   25.0s | sps  2039] ret_mean=0.000 ep_len=500.0 pi_loss=-0.005 v_loss=0.000 ent=0.986 kl=0.0091
[upd  200 | steps   51200 | t   25.1s | sps  2041] ret_mean=0.000 ep_len=0.0 pi_loss=-0.008 v_loss=0.000 ent=1.015 kl=0.0068
        [eval] ret_mean=0.000 ep_len=500.0
[upd  201 | steps   51456 | t   25.5s | sps  2014] ret_mean=0.000 ep_len=0.0 pi_loss=-0.007 v_loss=0.000 ent=1.079 kl=0.0043
[upd  202 | steps   51712 | t   25.6s | sps  2017] ret_mean=0.000 ep_len=500.0 pi_loss=-0.008 v_loss=0.000 ent=0.951 kl=0.0076
[upd  203 | steps   51968 | t   25.7s | sps  2020] ret_mean=0.000 ep_len=0.0 pi_loss=-0.005 v_loss=0.000 ent=0.930 kl=0.0066
[upd  204 | steps   52224 | t   25.8s | sps  2023] ret_mean=0.000 ep_len=500.0 pi_loss=-0.009 v_loss=0.000 ent=1.001 kl=0.0023
[upd  205 | steps   52480 | t   25.9s | sps  2025] ret_mean=0.000 ep_len=0.0 pi_loss=-0.009 v_loss=0.000 ent=0.998 kl=0.0161
[upd  206 | steps   52736 | t   26.0s | sps  2028] ret_mean=0.000 ep_len=500.0 pi_loss=-0.009 v_loss=0.000 ent=0.997 kl=0.0037
[upd  207 | steps   52992 | t   26.1s | sps  2030] ret_mean=0.000 ep_len=0.0 pi_loss=-0.010 v_loss=0.000 ent=0.939 kl=0.0102
[upd  208 | steps   53248 | t   26.2s | sps  2033] ret_mean=0.000 ep_len=500.0 pi_loss=-0.007 v_loss=0.000 ent=0.946 kl=0.0049
[upd  209 | steps   53504 | t   26.3s | sps  2035] ret_mean=0.000 ep_len=0.0 pi_loss=-0.011 v_loss=0.000 ent=0.884 kl=-0.0027
[upd  210 | steps   53760 | t   26.4s | sps  2038] ret_mean=0.000 ep_len=500.0 pi_loss=-0.011 v_loss=0.000 ent=0.980 kl=-0.0025
[upd  211 | steps   54016 | t   26.5s | sps  2040] ret_mean=0.000 ep_len=0.0 pi_loss=-0.008 v_loss=0.000 ent=0.865 kl=0.0094
[upd  212 | steps   54272 | t   26.6s | sps  2043] ret_mean=0.000 ep_len=500.0 pi_loss=-0.003 v_loss=0.000 ent=0.894 kl=0.0030
[upd  213 | steps   54528 | t   26.7s | sps  2044] ret_mean=0.000 ep_len=0.0 pi_loss=-0.014 v_loss=0.000 ent=0.916 kl=0.0085
[upd  214 | steps   54784 | t   26.8s | sps  2046] ret_mean=0.000 ep_len=500.0 pi_loss=-0.003 v_loss=0.000 ent=0.941 kl=0.0048
[upd  215 | steps   55040 | t   26.9s | sps  2049] ret_mean=0.000 ep_len=0.0 pi_loss=-0.005 v_loss=0.000 ent=0.936 kl=0.0113
[upd  216 | steps   55296 | t   27.0s | sps  2051] ret_mean=0.000 ep_len=500.0 pi_loss=-0.012 v_loss=0.000 ent=0.905 kl=0.0065
[upd  217 | steps   55552 | t   27.1s | sps  2053] ret_mean=0.000 ep_len=0.0 pi_loss=-0.004 v_loss=0.000 ent=0.849 kl=0.0034
[upd  218 | steps   55808 | t   27.1s | sps  2056] ret_mean=0.000 ep_len=500.0 pi_loss=-0.006 v_loss=0.000 ent=0.846 kl=-0.0008
[upd  219 | steps   56064 | t   27.2s | sps  2058] ret_mean=0.000 ep_len=0.0 pi_loss=-0.000 v_loss=0.000 ent=0.937 kl=0.0100
[upd  220 | steps   56320 | t   27.3s | sps  2061] ret_mean=0.000 ep_len=500.0 pi_loss=-0.006 v_loss=0.000 ent=0.930 kl=0.0172
[upd  221 | steps   56576 | t   27.4s | sps  2063] ret_mean=0.000 ep_len=0.0 pi_loss=-0.013 v_loss=0.000 ent=0.876 kl=0.0032
[upd  222 | steps   56832 | t   27.5s | sps  2065] ret_mean=0.000 ep_len=500.0 pi_loss=-0.011 v_loss=0.000 ent=0.898 kl=0.0037
[upd  223 | steps   57088 | t   27.6s | sps  2067] ret_mean=0.000 ep_len=0.0 pi_loss=-0.001 v_loss=0.017 ent=0.883 kl=-0.0005
[upd  224 | steps   57344 | t   27.7s | sps  2070] ret_mean=1.000 ep_len=500.0 pi_loss=-0.003 v_loss=0.001 ent=1.008 kl=0.0012
[upd  225 | steps   57600 | t   27.8s | sps  2072] ret_mean=0.000 ep_len=0.0 pi_loss=-0.011 v_loss=0.010 ent=0.975 kl=0.0006
        [eval] ret_mean=0.000 ep_len=500.0
[upd  226 | steps   57856 | t   28.2s | sps  2050] ret_mean=0.000 ep_len=0.0 pi_loss=-0.007 v_loss=0.000 ent=0.938 kl=-0.0038
[upd  227 | steps   58112 | t   28.3s | sps  2053] ret_mean=0.000 ep_len=500.0 pi_loss=-0.001 v_loss=0.000 ent=0.989 kl=-0.0027
[upd  228 | steps   58368 | t   28.4s | sps  2055] ret_mean=0.000 ep_len=0.0 pi_loss=-0.011 v_loss=0.000 ent=0.936 kl=0.0137
[upd  229 | steps   58624 | t   28.5s | sps  2057] ret_mean=0.000 ep_len=500.0 pi_loss=-0.011 v_loss=0.000 ent=1.004 kl=0.0012
[upd  230 | steps   58880 | t   28.6s | sps  2059] ret_mean=0.000 ep_len=0.0 pi_loss=-0.016 v_loss=0.000 ent=0.902 kl=0.0004
[upd  231 | steps   59136 | t   28.7s | sps  2061] ret_mean=0.000 ep_len=500.0 pi_loss=-0.001 v_loss=0.000 ent=0.897 kl=0.0029
[upd  232 | steps   59392 | t   28.8s | sps  2064] ret_mean=0.000 ep_len=0.0 pi_loss=-0.003 v_loss=0.000 ent=0.835 kl=0.0022
[upd  233 | steps   59648 | t   28.9s | sps  2066] ret_mean=0.000 ep_len=500.0 pi_loss=-0.005 v_loss=0.000 ent=0.968 kl=-0.0016
[upd  234 | steps   59904 | t   29.0s | sps  2068] ret_mean=0.000 ep_len=0.0 pi_loss=-0.008 v_loss=0.000 ent=1.007 kl=0.0089
[upd  235 | steps   60160 | t   29.1s | sps  2071] ret_mean=0.000 ep_len=500.0 pi_loss=-0.009 v_loss=0.000 ent=0.817 kl=0.0068
[upd  236 | steps   60416 | t   29.1s | sps  2073] ret_mean=0.000 ep_len=0.0 pi_loss=-0.005 v_loss=0.000 ent=0.927 kl=0.0117
[upd  237 | steps   60672 | t   29.2s | sps  2075] ret_mean=0.000 ep_len=500.0 pi_loss=-0.010 v_loss=0.000 ent=0.935 kl=-0.0028
[upd  238 | steps   60928 | t   29.3s | sps  2077] ret_mean=0.000 ep_len=0.0 pi_loss=-0.004 v_loss=0.000 ent=0.811 kl=0.0059
[upd  239 | steps   61184 | t   29.4s | sps  2080] ret_mean=0.000 ep_len=500.0 pi_loss=-0.005 v_loss=0.000 ent=0.808 kl=0.0081
[upd  240 | steps   61440 | t   29.5s | sps  2082] ret_mean=0.000 ep_len=0.0 pi_loss=-0.004 v_loss=0.000 ent=0.795 kl=0.0008
[upd  241 | steps   61696 | t   29.6s | sps  2084] ret_mean=0.000 ep_len=500.0 pi_loss=-0.010 v_loss=0.000 ent=0.768 kl=0.0022
[upd  242 | steps   61952 | t   29.7s | sps  2086] ret_mean=0.000 ep_len=0.0 pi_loss=-0.002 v_loss=0.000 ent=0.826 kl=0.0145
[upd  243 | steps   62208 | t   29.8s | sps  2088] ret_mean=0.000 ep_len=500.0 pi_loss=-0.011 v_loss=0.000 ent=0.850 kl=0.0099
[upd  244 | steps   62464 | t   29.9s | sps  2090] ret_mean=0.000 ep_len=0.0 pi_loss=-0.001 v_loss=0.000 ent=0.807 kl=-0.0051
[upd  245 | steps   62720 | t   30.0s | sps  2092] ret_mean=0.000 ep_len=500.0 pi_loss=-0.001 v_loss=0.000 ent=0.804 kl=-0.0016
[upd  246 | steps   62976 | t   30.1s | sps  2094] ret_mean=0.000 ep_len=0.0 pi_loss=-0.006 v_loss=0.000 ent=0.807 kl=0.0033
[upd  247 | steps   63232 | t   30.2s | sps  2096] ret_mean=0.000 ep_len=500.0 pi_loss=-0.004 v_loss=0.000 ent=0.777 kl=0.0009
[upd  248 | steps   63488 | t   30.3s | sps  2098] ret_mean=0.000 ep_len=0.0 pi_loss=-0.005 v_loss=0.000 ent=0.897 kl=0.0043
[upd  249 | steps   63744 | t   30.4s | sps  2100] ret_mean=0.000 ep_len=500.0 pi_loss=-0.001 v_loss=0.000 ent=0.769 kl=0.0004
[upd  250 | steps   64000 | t   30.5s | sps  2102] ret_mean=0.000 ep_len=0.0 pi_loss=-0.001 v_loss=0.000 ent=0.668 kl=0.0035
        [eval] ret_mean=0.000 ep_len=500.0
[upd  251 | steps   64256 | t   30.9s | sps  2081] ret_mean=0.000 ep_len=0.0 pi_loss=-0.008 v_loss=0.000 ent=0.832 kl=0.0085
[upd  252 | steps   64512 | t   31.0s | sps  2083] ret_mean=0.000 ep_len=500.0 pi_loss=-0.002 v_loss=0.000 ent=0.716 kl=0.0048
[upd  253 | steps   64768 | t   31.1s | sps  2085] ret_mean=0.000 ep_len=0.0 pi_loss=-0.009 v_loss=0.000 ent=0.710 kl=0.0141
[upd  254 | steps   65024 | t   31.2s | sps  2087] ret_mean=0.000 ep_len=500.0 pi_loss=-0.015 v_loss=0.000 ent=0.775 kl=0.0119
[upd  255 | steps   65280 | t   31.3s | sps  2089] ret_mean=0.000 ep_len=0.0 pi_loss=-0.009 v_loss=0.000 ent=0.786 kl=0.0283
[upd  256 | steps   65536 | t   31.3s | sps  2091] ret_mean=0.000 ep_len=500.0 pi_loss=-0.003 v_loss=0.000 ent=0.756 kl=0.0024
[upd  257 | steps   65792 | t   31.4s | sps  2092] ret_mean=0.000 ep_len=0.0 pi_loss=-0.017 v_loss=0.000 ent=0.883 kl=0.0173
[upd  258 | steps   66048 | t   31.5s | sps  2094] ret_mean=0.000 ep_len=500.0 pi_loss=-0.004 v_loss=0.000 ent=0.855 kl=0.0060
[upd  259 | steps   66304 | t   31.6s | sps  2095] ret_mean=0.000 ep_len=0.0 pi_loss=-0.007 v_loss=0.000 ent=0.886 kl=0.0039
[upd  260 | steps   66560 | t   31.8s | sps  2096] ret_mean=1.000 ep_len=500.0 pi_loss=-0.002 v_loss=0.010 ent=0.877 kl=0.0012
[upd  261 | steps   66816 | t   31.8s | sps  2098] ret_mean=0.000 ep_len=0.0 pi_loss=-0.005 v_loss=0.001 ent=0.784 kl=0.0028
[upd  262 | steps   67072 | t   31.9s | sps  2100] ret_mean=0.000 ep_len=500.0 pi_loss=-0.005 v_loss=0.001 ent=0.953 kl=0.0130
[upd  263 | steps   67328 | t   32.0s | sps  2102] ret_mean=0.000 ep_len=0.0 pi_loss=-0.008 v_loss=0.000 ent=0.924 kl=-0.0029
[upd  264 | steps   67584 | t   32.1s | sps  2104] ret_mean=0.000 ep_len=500.0 pi_loss=-0.006 v_loss=0.000 ent=0.999 kl=0.0002
[upd  265 | steps   67840 | t   32.2s | sps  2106] ret_mean=0.000 ep_len=0.0 pi_loss=-0.003 v_loss=0.000 ent=0.929 kl=0.0010
[upd  266 | steps   68096 | t   32.3s | sps  2107] ret_mean=0.000 ep_len=500.0 pi_loss=-0.008 v_loss=0.000 ent=0.898 kl=0.0080
[upd  267 | steps   68352 | t   32.4s | sps  2109] ret_mean=0.000 ep_len=0.0 pi_loss=-0.013 v_loss=0.000 ent=0.869 kl=0.0081
[upd  268 | steps   68608 | t   32.5s | sps  2111] ret_mean=0.000 ep_len=500.0 pi_loss=-0.008 v_loss=0.000 ent=1.027 kl=0.0034
[upd  269 | steps   68864 | t   32.6s | sps  2112] ret_mean=0.000 ep_len=0.0 pi_loss=-0.007 v_loss=0.000 ent=0.924 kl=0.0051
[upd  270 | steps   69120 | t   32.7s | sps  2114] ret_mean=0.000 ep_len=500.0 pi_loss=-0.004 v_loss=0.000 ent=0.807 kl=-0.0001
[upd  271 | steps   69376 | t   32.8s | sps  2116] ret_mean=0.000 ep_len=0.0 pi_loss=-0.013 v_loss=0.000 ent=0.905 kl=0.0063
[upd  272 | steps   69632 | t   32.9s | sps  2117] ret_mean=0.000 ep_len=500.0 pi_loss=-0.010 v_loss=0.000 ent=0.842 kl=0.0107
[upd  273 | steps   69888 | t   33.0s | sps  2119] ret_mean=0.000 ep_len=0.0 pi_loss=-0.005 v_loss=0.000 ent=0.862 kl=0.0001
[upd  274 | steps   70144 | t   33.1s | sps  2121] ret_mean=0.000 ep_len=500.0 pi_loss=-0.006 v_loss=0.000 ent=0.945 kl=0.0012
[upd  275 | steps   70400 | t   33.2s | sps  2122] ret_mean=0.000 ep_len=0.0 pi_loss=-0.005 v_loss=0.000 ent=0.931 kl=0.0103
        [eval] ret_mean=0.000 ep_len=500.0
[upd  276 | steps   70656 | t   33.6s | sps  2102] ret_mean=0.000 ep_len=0.0 pi_loss=-0.008 v_loss=0.000 ent=0.923 kl=0.0060
[upd  277 | steps   70912 | t   33.7s | sps  2103] ret_mean=0.000 ep_len=500.0 pi_loss=-0.007 v_loss=0.000 ent=1.013 kl=0.0034
[upd  278 | steps   71168 | t   33.8s | sps  2105] ret_mean=0.000 ep_len=0.0 pi_loss=-0.002 v_loss=0.000 ent=0.826 kl=-0.0005
[upd  279 | steps   71424 | t   33.9s | sps  2107] ret_mean=0.000 ep_len=500.0 pi_loss=-0.013 v_loss=0.000 ent=0.984 kl=0.0097
[upd  280 | steps   71680 | t   34.0s | sps  2108] ret_mean=0.000 ep_len=0.0 pi_loss=-0.008 v_loss=0.000 ent=0.921 kl=-0.0050
[upd  281 | steps   71936 | t   34.1s | sps  2110] ret_mean=0.000 ep_len=500.0 pi_loss=-0.012 v_loss=0.000 ent=0.918 kl=0.0062
[upd  282 | steps   72192 | t   34.2s | sps  2112] ret_mean=0.000 ep_len=0.0 pi_loss=-0.004 v_loss=0.000 ent=0.620 kl=0.0194
[upd  283 | steps   72448 | t   34.3s | sps  2113] ret_mean=0.000 ep_len=500.0 pi_loss=-0.006 v_loss=0.000 ent=0.511 kl=-0.0023
[upd  284 | steps   72704 | t   34.4s | sps  2115] ret_mean=0.000 ep_len=0.0 pi_loss=-0.005 v_loss=0.000 ent=0.674 kl=0.0024
[upd  285 | steps   72960 | t   34.5s | sps  2117] ret_mean=0.000 ep_len=500.0 pi_loss=-0.007 v_loss=0.000 ent=0.696 kl=0.0215
[upd  286 | steps   73216 | t   34.6s | sps  2118] ret_mean=0.000 ep_len=0.0 pi_loss=-0.011 v_loss=0.000 ent=0.796 kl=0.0044
[upd  287 | steps   73472 | t   34.7s | sps  2119] ret_mean=0.000 ep_len=500.0 pi_loss=-0.011 v_loss=0.000 ent=0.750 kl=0.0001
[upd  288 | steps   73728 | t   34.8s | sps  2120] ret_mean=0.000 ep_len=0.0 pi_loss=-0.002 v_loss=0.000 ent=0.633 kl=0.0006
[upd  289 | steps   73984 | t   34.9s | sps  2122] ret_mean=0.000 ep_len=500.0 pi_loss=-0.003 v_loss=0.000 ent=0.671 kl=0.0019
[upd  290 | steps   74240 | t   35.0s | sps  2124] ret_mean=0.000 ep_len=0.0 pi_loss=-0.006 v_loss=0.000 ent=0.779 kl=0.0028
[upd  291 | steps   74496 | t   35.0s | sps  2126] ret_mean=0.000 ep_len=500.0 pi_loss=-0.008 v_loss=0.000 ent=0.759 kl=0.0137
[upd  292 | steps   74752 | t   35.1s | sps  2127] ret_mean=0.000 ep_len=0.0 pi_loss=-0.004 v_loss=0.000 ent=0.775 kl=0.0139
[upd  293 | steps   75008 | t   35.2s | sps  2129] ret_mean=0.000 ep_len=500.0 pi_loss=-0.012 v_loss=0.000 ent=0.756 kl=0.0065
[upd  294 | steps   75264 | t   35.3s | sps  2131] ret_mean=0.000 ep_len=0.0 pi_loss=-0.004 v_loss=0.000 ent=0.607 kl=0.0051
[upd  295 | steps   75520 | t   35.4s | sps  2134] ret_mean=0.000 ep_len=500.0 pi_loss=-0.011 v_loss=0.000 ent=0.712 kl=0.0288
[upd  296 | steps   75776 | t   35.5s | sps  2136] ret_mean=0.000 ep_len=0.0 pi_loss=-0.016 v_loss=0.000 ent=0.859 kl=0.0214
[upd  297 | steps   76032 | t   35.6s | sps  2138] ret_mean=0.000 ep_len=500.0 pi_loss=-0.008 v_loss=0.000 ent=1.034 kl=0.0024
[upd  298 | steps   76288 | t   35.6s | sps  2140] ret_mean=0.000 ep_len=0.0 pi_loss=-0.015 v_loss=0.000 ent=0.972 kl=0.0220
[upd  299 | steps   76544 | t   35.7s | sps  2142] ret_mean=0.000 ep_len=500.0 pi_loss=-0.005 v_loss=0.000 ent=0.951 kl=0.0135
[upd  300 | steps   76800 | t   35.8s | sps  2144] ret_mean=0.000 ep_len=0.0 pi_loss=-0.006 v_loss=0.000 ent=1.019 kl=0.0024
        [eval] ret_mean=0.000 ep_len=500.0
