[env] EnvSpec(env_id='rware-tiny-2ag-v2', n_agents=2, obs_dim=71, n_env_actions=5, noop_action=0, family='rware')  (n_msg_tokens=8)
[cfg] {'clip_range': 0.2, 'value_clip_range': 0.2, 'entropy_coef': 0.01, 'value_coef': 0.5, 'max_grad_norm': 0.5, 'gamma': 0.99, 'gae_lambda': 0.95, 'lr_actor': 0.0003, 'lr_critic': 0.001, 'update_epochs': 4, 'minibatches': 4, 'hidden': 128, 'depth': 2, 'device': 'cpu', 'extra': {}}
[log] writing to runs/rware-tiny-2ag-comm
[upd    1 | steps     256 | t    0.1s | sps  2295] ret_mean=0.000 ep_len=0.0 pi_loss=-0.022 v_loss=0.057 ent=3.685 kl=-0.0063
[upd    2 | steps     512 | t    0.2s | sps  2574] ret_mean=0.000 ep_len=500.0 pi_loss=-0.011 v_loss=0.016 ent=3.680 kl=-0.0005
[upd    3 | steps     768 | t    0.3s | sps  2679] ret_mean=0.000 ep_len=0.0 pi_loss=-0.013 v_loss=0.015 ent=3.678 kl=-0.0034
[upd    4 | steps    1024 | t    0.4s | sps  2777] ret_mean=0.000 ep_len=500.0 pi_loss=-0.013 v_loss=0.017 ent=3.672 kl=0.0006
[upd    5 | steps    1280 | t    0.5s | sps  2819] ret_mean=0.000 ep_len=0.0 pi_loss=-0.018 v_loss=0.007 ent=3.642 kl=0.0117
[upd    6 | steps    1536 | t    0.5s | sps  2858] ret_mean=0.000 ep_len=500.0 pi_loss=-0.013 v_loss=0.015 ent=3.649 kl=0.0011
[upd    7 | steps    1792 | t    0.6s | sps  2885] ret_mean=0.000 ep_len=0.0 pi_loss=-0.019 v_loss=0.006 ent=3.611 kl=0.0062
[upd    8 | steps    2048 | t    0.7s | sps  2899] ret_mean=0.000 ep_len=500.0 pi_loss=-0.010 v_loss=0.006 ent=3.608 kl=0.0088
[upd    9 | steps    2304 | t    0.8s | sps  2749] ret_mean=0.000 ep_len=0.0 pi_loss=-0.015 v_loss=0.002 ent=3.611 kl=0.0022
[upd   10 | steps    2560 | t    0.9s | sps  2778] ret_mean=0.000 ep_len=500.0 pi_loss=-0.011 v_loss=0.003 ent=3.634 kl=0.0043
[upd   11 | steps    2816 | t    1.0s | sps  2798] ret_mean=0.000 ep_len=0.0 pi_loss=-0.014 v_loss=0.003 ent=3.570 kl=0.0024
[upd   12 | steps    3072 | t    1.1s | sps  2801] ret_mean=0.000 ep_len=500.0 pi_loss=-0.014 v_loss=0.001 ent=3.533 kl=0.0001
[upd   13 | steps    3328 | t    1.2s | sps  2802] ret_mean=0.000 ep_len=0.0 pi_loss=-0.011 v_loss=0.002 ent=3.548 kl=-0.0010
[upd   14 | steps    3584 | t    1.3s | sps  2809] ret_mean=0.000 ep_len=500.0 pi_loss=-0.014 v_loss=0.002 ent=3.610 kl=0.0021
[upd   15 | steps    3840 | t    1.4s | sps  2798] ret_mean=0.000 ep_len=0.0 pi_loss=-0.017 v_loss=0.002 ent=3.608 kl=0.0087
[upd   16 | steps    4096 | t    1.5s | sps  2795] ret_mean=0.000 ep_len=500.0 pi_loss=-0.009 v_loss=0.002 ent=3.561 kl=0.0038
[upd   17 | steps    4352 | t    1.6s | sps  2792] ret_mean=0.000 ep_len=0.0 pi_loss=-0.016 v_loss=0.001 ent=3.550 kl=0.0119
[upd   18 | steps    4608 | t    1.7s | sps  2787] ret_mean=0.000 ep_len=500.0 pi_loss=-0.012 v_loss=0.001 ent=3.514 kl=0.0037
[upd   19 | steps    4864 | t    1.7s | sps  2784] ret_mean=0.000 ep_len=0.0 pi_loss=-0.016 v_loss=0.001 ent=3.516 kl=-0.0023
[upd   20 | steps    5120 | t    1.8s | sps  2783] ret_mean=0.000 ep_len=500.0 pi_loss=-0.012 v_loss=0.001 ent=3.494 kl=0.0118
[upd   21 | steps    5376 | t    1.9s | sps  2779] ret_mean=0.000 ep_len=0.0 pi_loss=-0.015 v_loss=0.003 ent=3.626 kl=0.0021
[upd   22 | steps    5632 | t    2.0s | sps  2781] ret_mean=0.000 ep_len=500.0 pi_loss=-0.023 v_loss=0.001 ent=3.597 kl=0.0028
[upd   23 | steps    5888 | t    2.1s | sps  2787] ret_mean=0.000 ep_len=0.0 pi_loss=-0.012 v_loss=0.001 ent=3.496 kl=-0.0001
[upd   24 | steps    6144 | t    2.2s | sps  2780] ret_mean=0.000 ep_len=500.0 pi_loss=-0.016 v_loss=0.001 ent=3.542 kl=0.0110
[upd   25 | steps    6400 | t    2.3s | sps  2777] ret_mean=0.000 ep_len=0.0 pi_loss=-0.017 v_loss=0.001 ent=3.580 kl=0.0158
        [eval] ret_mean=0.000 ep_len=500.0
[upd   26 | steps    6656 | t    2.7s | sps  2446] ret_mean=0.000 ep_len=0.0 pi_loss=-0.018 v_loss=0.001 ent=3.536 kl=0.0051
[upd   27 | steps    6912 | t    2.8s | sps  2457] ret_mean=0.000 ep_len=500.0 pi_loss=-0.016 v_loss=0.001 ent=3.542 kl=0.0012
[upd   28 | steps    7168 | t    2.9s | sps  2471] ret_mean=0.000 ep_len=0.0 pi_loss=-0.018 v_loss=0.001 ent=3.442 kl=0.0168
[upd   29 | steps    7424 | t    3.0s | sps  2480] ret_mean=0.000 ep_len=500.0 pi_loss=-0.020 v_loss=0.001 ent=3.544 kl=0.0199
[upd   30 | steps    7680 | t    3.1s | sps  2491] ret_mean=0.000 ep_len=0.0 pi_loss=-0.018 v_loss=0.001 ent=3.495 kl=0.0115
[upd   31 | steps    7936 | t    3.2s | sps  2500] ret_mean=0.000 ep_len=500.0 pi_loss=-0.012 v_loss=0.001 ent=3.531 kl=0.0093
[upd   32 | steps    8192 | t    3.3s | sps  2505] ret_mean=0.000 ep_len=0.0 pi_loss=-0.025 v_loss=0.001 ent=3.467 kl=0.0050
[upd   33 | steps    8448 | t    3.4s | sps  2514] ret_mean=0.000 ep_len=500.0 pi_loss=-0.020 v_loss=0.001 ent=3.491 kl=0.0143
[upd   34 | steps    8704 | t    3.4s | sps  2524] ret_mean=0.000 ep_len=0.0 pi_loss=-0.015 v_loss=0.000 ent=3.492 kl=0.0083
[upd   35 | steps    8960 | t    3.5s | sps  2535] ret_mean=0.000 ep_len=500.0 pi_loss=-0.016 v_loss=0.000 ent=3.388 kl=-0.0099
[upd   36 | steps    9216 | t    3.6s | sps  2545] ret_mean=0.000 ep_len=0.0 pi_loss=-0.018 v_loss=0.001 ent=3.535 kl=0.0052
[upd   37 | steps    9472 | t    3.7s | sps  2554] ret_mean=0.000 ep_len=500.0 pi_loss=-0.016 v_loss=0.000 ent=3.487 kl=0.0116
[upd   38 | steps    9728 | t    3.8s | sps  2558] ret_mean=0.000 ep_len=0.0 pi_loss=-0.016 v_loss=0.000 ent=3.424 kl=0.0039
[upd   39 | steps    9984 | t    3.9s | sps  2558] ret_mean=0.000 ep_len=500.0 pi_loss=-0.011 v_loss=0.000 ent=3.323 kl=-0.0013
[upd   40 | steps   10240 | t    4.0s | sps  2558] ret_mean=0.000 ep_len=0.0 pi_loss=-0.012 v_loss=0.001 ent=3.323 kl=0.0095
[upd   41 | steps   10496 | t    4.1s | sps  2540] ret_mean=0.000 ep_len=500.0 pi_loss=-0.012 v_loss=0.000 ent=3.351 kl=0.0019
[upd   42 | steps   10752 | t    4.3s | sps  2529] ret_mean=0.000 ep_len=0.0 pi_loss=-0.014 v_loss=0.001 ent=3.437 kl=0.0074
[upd   43 | steps   11008 | t    4.4s | sps  2529] ret_mean=0.000 ep_len=500.0 pi_loss=-0.015 v_loss=0.001 ent=3.380 kl=0.0018
[upd   44 | steps   11264 | t    4.5s | sps  2531] ret_mean=0.000 ep_len=0.0 pi_loss=-0.015 v_loss=0.000 ent=3.485 kl=0.0109
[upd   45 | steps   11520 | t    4.5s | sps  2532] ret_mean=0.000 ep_len=500.0 pi_loss=-0.014 v_loss=0.000 ent=3.468 kl=0.0042
[upd   46 | steps   11776 | t    4.7s | sps  2532] ret_mean=0.000 ep_len=0.0 pi_loss=-0.011 v_loss=0.000 ent=3.507 kl=0.0101
[upd   47 | steps   12032 | t    4.7s | sps  2533] ret_mean=0.000 ep_len=500.0 pi_loss=-0.016 v_loss=0.000 ent=3.448 kl=-0.0058
[upd   48 | steps   12288 | t    4.9s | sps  2531] ret_mean=0.000 ep_len=0.0 pi_loss=-0.016 v_loss=0.000 ent=3.335 kl=0.0104
[upd   49 | steps   12544 | t    5.0s | sps  2528] ret_mean=0.000 ep_len=500.0 pi_loss=-0.012 v_loss=0.001 ent=3.338 kl=0.0022
[upd   50 | steps   12800 | t    5.1s | sps  2515] ret_mean=0.000 ep_len=0.0 pi_loss=-0.025 v_loss=0.000 ent=3.217 kl=0.0289
        [eval] ret_mean=0.000 ep_len=500.0
[upd   51 | steps   13056 | t    5.6s | sps  2347] ret_mean=0.000 ep_len=0.0 pi_loss=-0.016 v_loss=0.001 ent=3.308 kl=0.0093
[upd   52 | steps   13312 | t    5.7s | sps  2349] ret_mean=0.000 ep_len=500.0 pi_loss=-0.014 v_loss=0.000 ent=3.125 kl=0.0028
[upd   53 | steps   13568 | t    5.8s | sps  2346] ret_mean=0.000 ep_len=0.0 pi_loss=-0.021 v_loss=0.000 ent=3.124 kl=0.0111
[upd   54 | steps   13824 | t    5.9s | sps  2346] ret_mean=0.000 ep_len=500.0 pi_loss=-0.015 v_loss=0.000 ent=3.208 kl=-0.0020
[upd   55 | steps   14080 | t    6.0s | sps  2344] ret_mean=0.000 ep_len=0.0 pi_loss=-0.016 v_loss=0.000 ent=3.060 kl=0.0115
[upd   56 | steps   14336 | t    6.1s | sps  2341] ret_mean=0.000 ep_len=500.0 pi_loss=-0.015 v_loss=0.000 ent=3.014 kl=0.0105
[upd   57 | steps   14592 | t    6.2s | sps  2340] ret_mean=0.000 ep_len=0.0 pi_loss=-0.022 v_loss=0.000 ent=3.257 kl=0.0052
[upd   58 | steps   14848 | t    6.3s | sps  2339] ret_mean=0.000 ep_len=500.0 pi_loss=-0.015 v_loss=0.001 ent=3.324 kl=-0.0021
[upd   59 | steps   15104 | t    6.5s | sps  2338] ret_mean=0.000 ep_len=0.0 pi_loss=-0.011 v_loss=0.000 ent=3.285 kl=0.0039
[upd   60 | steps   15360 | t    6.6s | sps  2339] ret_mean=0.000 ep_len=500.0 pi_loss=-0.014 v_loss=0.000 ent=3.063 kl=0.0040
[upd   61 | steps   15616 | t    6.7s | sps  2340] ret_mean=0.000 ep_len=0.0 pi_loss=-0.017 v_loss=0.000 ent=3.067 kl=0.0048
[upd   62 | steps   15872 | t    6.8s | sps  2339] ret_mean=0.000 ep_len=500.0 pi_loss=-0.010 v_loss=0.000 ent=3.110 kl=-0.0013
[upd   63 | steps   16128 | t    6.9s | sps  2338] ret_mean=0.000 ep_len=0.0 pi_loss=-0.011 v_loss=0.000 ent=3.139 kl=0.0127
[upd   64 | steps   16384 | t    7.0s | sps  2337] ret_mean=0.000 ep_len=500.0 pi_loss=-0.012 v_loss=0.000 ent=3.124 kl=0.0072
[upd   65 | steps   16640 | t    7.1s | sps  2334] ret_mean=0.000 ep_len=0.0 pi_loss=-0.015 v_loss=0.000 ent=3.258 kl=0.0082
[upd   66 | steps   16896 | t    7.2s | sps  2331] ret_mean=0.000 ep_len=500.0 pi_loss=-0.023 v_loss=0.000 ent=3.120 kl=0.0127
[upd   67 | steps   17152 | t    7.4s | sps  2327] ret_mean=0.000 ep_len=0.0 pi_loss=-0.022 v_loss=0.000 ent=3.182 kl=0.0155
[upd   68 | steps   17408 | t    7.5s | sps  2325] ret_mean=0.000 ep_len=500.0 pi_loss=-0.010 v_loss=0.000 ent=3.142 kl=0.0070
[upd   69 | steps   17664 | t    7.6s | sps  2322] ret_mean=0.000 ep_len=0.0 pi_loss=-0.019 v_loss=0.000 ent=3.103 kl=0.0072
[upd   70 | steps   17920 | t    7.7s | sps  2321] ret_mean=0.000 ep_len=500.0 pi_loss=-0.017 v_loss=0.000 ent=3.281 kl=0.0032
[upd   71 | steps   18176 | t    7.8s | sps  2319] ret_mean=0.000 ep_len=0.0 pi_loss=-0.023 v_loss=0.000 ent=3.076 kl=0.0290
[upd   72 | steps   18432 | t    8.0s | sps  2317] ret_mean=0.000 ep_len=500.0 pi_loss=-0.015 v_loss=0.000 ent=3.120 kl=0.0104
[upd   73 | steps   18688 | t    8.1s | sps  2315] ret_mean=0.000 ep_len=0.0 pi_loss=-0.021 v_loss=0.000 ent=3.132 kl=0.0137
[upd   74 | steps   18944 | t    8.2s | sps  2313] ret_mean=0.000 ep_len=500.0 pi_loss=-0.027 v_loss=0.000 ent=3.106 kl=0.0302
[upd   75 | steps   19200 | t    8.3s | sps  2310] ret_mean=0.000 ep_len=0.0 pi_loss=-0.013 v_loss=0.000 ent=2.839 kl=0.0247
        [eval] ret_mean=0.000 ep_len=500.0
[upd   76 | steps   19456 | t    8.9s | sps  2195] ret_mean=0.000 ep_len=0.0 pi_loss=-0.018 v_loss=0.000 ent=3.021 kl=0.0097
[upd   77 | steps   19712 | t    9.0s | sps  2196] ret_mean=0.000 ep_len=500.0 pi_loss=-0.013 v_loss=0.000 ent=3.066 kl=0.0009
[upd   78 | steps   19968 | t    9.1s | sps  2195] ret_mean=0.000 ep_len=0.0 pi_loss=-0.021 v_loss=0.000 ent=3.147 kl=0.0027
[upd   79 | steps   20224 | t    9.2s | sps  2195] ret_mean=0.000 ep_len=500.0 pi_loss=-0.014 v_loss=0.000 ent=3.165 kl=0.0051
[upd   80 | steps   20480 | t    9.3s | sps  2195] ret_mean=0.000 ep_len=0.0 pi_loss=-0.019 v_loss=0.000 ent=2.968 kl=0.0022
[upd   81 | steps   20736 | t    9.4s | sps  2195] ret_mean=0.000 ep_len=500.0 pi_loss=-0.011 v_loss=0.000 ent=3.149 kl=-0.0048
[upd   82 | steps   20992 | t    9.6s | sps  2195] ret_mean=0.000 ep_len=0.0 pi_loss=-0.014 v_loss=0.000 ent=3.191 kl=-0.0000
[upd   83 | steps   21248 | t    9.7s | sps  2196] ret_mean=0.000 ep_len=500.0 pi_loss=-0.015 v_loss=0.000 ent=3.226 kl=0.0029
[upd   84 | steps   21504 | t    9.8s | sps  2196] ret_mean=0.000 ep_len=0.0 pi_loss=-0.016 v_loss=0.000 ent=2.996 kl=0.0129
[upd   85 | steps   21760 | t    9.9s | sps  2197] ret_mean=0.000 ep_len=500.0 pi_loss=-0.017 v_loss=0.000 ent=2.991 kl=0.0025
[upd   86 | steps   22016 | t   10.0s | sps  2197] ret_mean=0.000 ep_len=0.0 pi_loss=-0.014 v_loss=0.000 ent=3.078 kl=0.0097
[upd   87 | steps   22272 | t   10.1s | sps  2198] ret_mean=0.000 ep_len=500.0 pi_loss=-0.014 v_loss=0.000 ent=3.211 kl=0.0129
[upd   88 | steps   22528 | t   10.3s | sps  2197] ret_mean=0.000 ep_len=0.0 pi_loss=-0.011 v_loss=0.000 ent=2.961 kl=0.0147
[upd   89 | steps   22784 | t   10.4s | sps  2198] ret_mean=0.000 ep_len=500.0 pi_loss=-0.009 v_loss=0.000 ent=3.088 kl=0.0013
[upd   90 | steps   23040 | t   10.5s | sps  2199] ret_mean=0.000 ep_len=0.0 pi_loss=-0.015 v_loss=0.000 ent=3.325 kl=0.0076
[upd   91 | steps   23296 | t   10.6s | sps  2199] ret_mean=0.000 ep_len=500.0 pi_loss=-0.020 v_loss=0.000 ent=3.417 kl=0.0102
[upd   92 | steps   23552 | t   10.7s | sps  2200] ret_mean=0.000 ep_len=0.0 pi_loss=-0.016 v_loss=0.000 ent=3.351 kl=0.0203
[upd   93 | steps   23808 | t   10.8s | sps  2201] ret_mean=0.000 ep_len=500.0 pi_loss=-0.012 v_loss=0.000 ent=3.341 kl=0.0047
[upd   94 | steps   24064 | t   11.0s | sps  2195] ret_mean=0.000 ep_len=0.0 pi_loss=-0.012 v_loss=0.000 ent=3.208 kl=0.0130
[upd   95 | steps   24320 | t   11.1s | sps  2195] ret_mean=0.000 ep_len=500.0 pi_loss=-0.013 v_loss=0.000 ent=3.161 kl=0.0133
[upd   96 | steps   24576 | t   11.2s | sps  2196] ret_mean=0.000 ep_len=0.0 pi_loss=-0.011 v_loss=0.000 ent=3.284 kl=-0.0003
[upd   97 | steps   24832 | t   11.3s | sps  2196] ret_mean=0.000 ep_len=500.0 pi_loss=-0.014 v_loss=0.000 ent=3.197 kl=0.0154
[upd   98 | steps   25088 | t   11.4s | sps  2197] ret_mean=0.000 ep_len=0.0 pi_loss=-0.015 v_loss=0.000 ent=3.118 kl=0.0101
[upd   99 | steps   25344 | t   11.5s | sps  2197] ret_mean=0.000 ep_len=500.0 pi_loss=-0.021 v_loss=0.000 ent=3.205 kl=0.0020
[upd  100 | steps   25600 | t   11.7s | sps  2196] ret_mean=0.000 ep_len=0.0 pi_loss=-0.018 v_loss=0.000 ent=2.675 kl=0.0042
        [eval] ret_mean=0.000 ep_len=500.0
[upd  101 | steps   25856 | t   12.1s | sps  2130] ret_mean=0.000 ep_len=0.0 pi_loss=-0.013 v_loss=0.000 ent=3.088 kl=0.0071
[upd  102 | steps   26112 | t   12.3s | sps  2132] ret_mean=0.000 ep_len=500.0 pi_loss=-0.018 v_loss=0.000 ent=3.270 kl=0.0114
[upd  103 | steps   26368 | t   12.4s | sps  2132] ret_mean=0.000 ep_len=0.0 pi_loss=-0.018 v_loss=0.000 ent=3.075 kl=0.0148
[upd  104 | steps   26624 | t   12.5s | sps  2133] ret_mean=0.000 ep_len=500.0 pi_loss=-0.016 v_loss=0.000 ent=2.980 kl=0.0121
[upd  105 | steps   26880 | t   12.6s | sps  2135] ret_mean=0.000 ep_len=0.0 pi_loss=-0.022 v_loss=0.000 ent=3.168 kl=0.0306
[upd  106 | steps   27136 | t   12.7s | sps  2136] ret_mean=0.000 ep_len=500.0 pi_loss=-0.024 v_loss=0.000 ent=3.036 kl=0.0152
[upd  107 | steps   27392 | t   12.8s | sps  2136] ret_mean=0.000 ep_len=0.0 pi_loss=-0.011 v_loss=0.000 ent=3.436 kl=0.0094
[upd  108 | steps   27648 | t   12.9s | sps  2138] ret_mean=0.000 ep_len=500.0 pi_loss=-0.022 v_loss=0.000 ent=3.308 kl=0.0109
[upd  109 | steps   27904 | t   13.0s | sps  2139] ret_mean=0.000 ep_len=0.0 pi_loss=-0.012 v_loss=0.000 ent=3.296 kl=-0.0040
[upd  110 | steps   28160 | t   13.2s | sps  2140] ret_mean=1.000 ep_len=500.0 pi_loss=-0.018 v_loss=0.012 ent=3.422 kl=0.0149
[upd  111 | steps   28416 | t   13.3s | sps  2141] ret_mean=0.000 ep_len=0.0 pi_loss=-0.020 v_loss=0.001 ent=3.332 kl=0.0117
[upd  112 | steps   28672 | t   13.4s | sps  2142] ret_mean=0.000 ep_len=500.0 pi_loss=-0.017 v_loss=0.001 ent=3.185 kl=0.0254
[upd  113 | steps   28928 | t   13.5s | sps  2143] ret_mean=0.000 ep_len=0.0 pi_loss=-0.016 v_loss=0.000 ent=3.109 kl=0.0060
[upd  114 | steps   29184 | t   13.6s | sps  2144] ret_mean=0.000 ep_len=500.0 pi_loss=-0.027 v_loss=0.000 ent=3.317 kl=-0.0034
[upd  115 | steps   29440 | t   13.7s | sps  2144] ret_mean=0.000 ep_len=0.0 pi_loss=-0.014 v_loss=0.000 ent=2.972 kl=0.0095
[upd  116 | steps   29696 | t   13.8s | sps  2146] ret_mean=0.000 ep_len=500.0 pi_loss=-0.016 v_loss=0.000 ent=2.759 kl=0.0102
[upd  117 | steps   29952 | t   13.9s | sps  2148] ret_mean=0.000 ep_len=0.0 pi_loss=-0.009 v_loss=0.000 ent=2.609 kl=-0.0028
[upd  118 | steps   30208 | t   14.1s | sps  2149] ret_mean=0.000 ep_len=500.0 pi_loss=-0.023 v_loss=0.000 ent=3.129 kl=0.0038
[upd  119 | steps   30464 | t   14.2s | sps  2151] ret_mean=0.000 ep_len=0.0 pi_loss=-0.019 v_loss=0.000 ent=3.197 kl=0.0017
[upd  120 | steps   30720 | t   14.3s | sps  2152] ret_mean=0.000 ep_len=500.0 pi_loss=-0.015 v_loss=0.000 ent=2.940 kl=0.0236
[upd  121 | steps   30976 | t   14.4s | sps  2152] ret_mean=0.000 ep_len=0.0 pi_loss=-0.011 v_loss=0.000 ent=2.410 kl=0.0089
[upd  122 | steps   31232 | t   14.5s | sps  2153] ret_mean=0.000 ep_len=500.0 pi_loss=-0.016 v_loss=0.000 ent=2.705 kl=0.0037
[upd  123 | steps   31488 | t   14.6s | sps  2154] ret_mean=0.000 ep_len=0.0 pi_loss=-0.012 v_loss=0.000 ent=3.136 kl=-0.0003
[upd  124 | steps   31744 | t   14.7s | sps  2155] ret_mean=0.000 ep_len=500.0 pi_loss=-0.029 v_loss=0.000 ent=3.191 kl=0.0164
[upd  125 | steps   32000 | t   14.8s | sps  2155] ret_mean=0.000 ep_len=0.0 pi_loss=-0.023 v_loss=0.000 ent=3.232 kl=0.0081
        [eval] ret_mean=0.000 ep_len=500.0
[upd  126 | steps   32256 | t   15.4s | sps  2097] ret_mean=0.000 ep_len=0.0 pi_loss=-0.013 v_loss=0.000 ent=2.907 kl=0.0061
[upd  127 | steps   32512 | t   15.5s | sps  2097] ret_mean=0.000 ep_len=500.0 pi_loss=-0.024 v_loss=0.000 ent=2.870 kl=0.0175
[upd  128 | steps   32768 | t   15.6s | sps  2098] ret_mean=0.000 ep_len=0.0 pi_loss=-0.014 v_loss=0.000 ent=3.040 kl=0.0117
[upd  129 | steps   33024 | t   15.7s | sps  2099] ret_mean=0.000 ep_len=500.0 pi_loss=-0.020 v_loss=0.000 ent=2.999 kl=0.0150
[upd  130 | steps   33280 | t   15.9s | sps  2100] ret_mean=0.000 ep_len=0.0 pi_loss=-0.021 v_loss=0.000 ent=3.310 kl=0.0036
[upd  131 | steps   33536 | t   16.0s | sps  2100] ret_mean=0.000 ep_len=500.0 pi_loss=-0.030 v_loss=0.000 ent=3.372 kl=0.0265
[upd  132 | steps   33792 | t   16.1s | sps  2101] ret_mean=0.000 ep_len=0.0 pi_loss=-0.012 v_loss=0.015 ent=3.270 kl=0.0013
[upd  133 | steps   34048 | t   16.2s | sps  2102] ret_mean=1.000 ep_len=500.0 pi_loss=-0.013 v_loss=0.002 ent=3.226 kl=-0.0074
[upd  134 | steps   34304 | t   16.3s | sps  2102] ret_mean=0.000 ep_len=0.0 pi_loss=-0.025 v_loss=0.000 ent=3.259 kl=0.0250
[upd  135 | steps   34560 | t   16.4s | sps  2103] ret_mean=1.000 ep_len=500.0 pi_loss=-0.015 v_loss=0.011 ent=3.354 kl=0.0108
[upd  136 | steps   34816 | t   16.5s | sps  2104] ret_mean=0.000 ep_len=0.0 pi_loss=-0.016 v_loss=0.001 ent=3.369 kl=0.0012
[upd  137 | steps   35072 | t   16.7s | sps  2105] ret_mean=0.000 ep_len=500.0 pi_loss=-0.023 v_loss=0.001 ent=3.338 kl=0.0102
[upd  138 | steps   35328 | t   16.8s | sps  2106] ret_mean=0.000 ep_len=0.0 pi_loss=-0.021 v_loss=0.000 ent=3.296 kl=0.0096
[upd  139 | steps   35584 | t   16.9s | sps  2107] ret_mean=0.000 ep_len=500.0 pi_loss=-0.022 v_loss=0.000 ent=3.381 kl=0.0064
[upd  140 | steps   35840 | t   17.0s | sps  2108] ret_mean=0.000 ep_len=0.0 pi_loss=-0.017 v_loss=0.000 ent=3.263 kl=-0.0001
[upd  141 | steps   36096 | t   17.1s | sps  2108] ret_mean=0.000 ep_len=500.0 pi_loss=-0.023 v_loss=0.000 ent=3.230 kl=0.0224
[upd  142 | steps   36352 | t   17.2s | sps  2109] ret_mean=0.000 ep_len=0.0 pi_loss=-0.018 v_loss=0.000 ent=3.238 kl=0.0072
[upd  143 | steps   36608 | t   17.4s | sps  2110] ret_mean=0.000 ep_len=500.0 pi_loss=-0.014 v_loss=0.000 ent=3.351 kl=0.0011
[upd  144 | steps   36864 | t   17.5s | sps  2110] ret_mean=0.000 ep_len=0.0 pi_loss=-0.017 v_loss=0.000 ent=3.359 kl=0.0014
[upd  145 | steps   37120 | t   17.6s | sps  2111] ret_mean=0.000 ep_len=500.0 pi_loss=-0.020 v_loss=0.000 ent=3.452 kl=0.0100
[upd  146 | steps   37376 | t   17.7s | sps  2112] ret_mean=0.000 ep_len=0.0 pi_loss=-0.013 v_loss=0.010 ent=3.312 kl=0.0020
[upd  147 | steps   37632 | t   17.8s | sps  2112] ret_mean=1.000 ep_len=500.0 pi_loss=-0.022 v_loss=0.000 ent=3.332 kl=0.0065
[upd  148 | steps   37888 | t   17.9s | sps  2113] ret_mean=0.000 ep_len=0.0 pi_loss=-0.013 v_loss=0.000 ent=3.365 kl=0.0027
[upd  149 | steps   38144 | t   18.0s | sps  2114] ret_mean=0.000 ep_len=500.0 pi_loss=-0.019 v_loss=0.000 ent=3.375 kl=0.0021
[upd  150 | steps   38400 | t   18.2s | sps  2115] ret_mean=0.000 ep_len=0.0 pi_loss=-0.017 v_loss=0.010 ent=3.380 kl=0.0014
        [eval] ret_mean=0.000 ep_len=500.0
[upd  151 | steps   38656 | t   18.7s | sps  2066] ret_mean=0.000 ep_len=0.0 pi_loss=-0.014 v_loss=0.000 ent=3.289 kl=0.0070
[upd  152 | steps   38912 | t   18.8s | sps  2068] ret_mean=0.000 ep_len=500.0 pi_loss=-0.018 v_loss=0.001 ent=3.376 kl=0.0056
[upd  153 | steps   39168 | t   18.9s | sps  2069] ret_mean=0.000 ep_len=0.0 pi_loss=-0.021 v_loss=0.000 ent=3.254 kl=0.0060
[upd  154 | steps   39424 | t   19.0s | sps  2070] ret_mean=0.000 ep_len=500.0 pi_loss=-0.013 v_loss=0.000 ent=3.408 kl=0.0025
[upd  155 | steps   39680 | t   19.2s | sps  2071] ret_mean=0.000 ep_len=0.0 pi_loss=-0.023 v_loss=0.000 ent=3.339 kl=-0.0039
[upd  156 | steps   39936 | t   19.3s | sps  2072] ret_mean=0.000 ep_len=500.0 pi_loss=-0.019 v_loss=0.000 ent=3.386 kl=-0.0048
[upd  157 | steps   40192 | t   19.4s | sps  2073] ret_mean=0.000 ep_len=0.0 pi_loss=-0.020 v_loss=0.000 ent=3.417 kl=0.0113
[upd  158 | steps   40448 | t   19.5s | sps  2074] ret_mean=0.000 ep_len=500.0 pi_loss=-0.024 v_loss=0.000 ent=3.382 kl=0.0073
[upd  159 | steps   40704 | t   19.6s | sps  2075] ret_mean=0.000 ep_len=0.0 pi_loss=-0.016 v_loss=0.000 ent=3.487 kl=-0.0077
[upd  160 | steps   40960 | t   19.7s | sps  2076] ret_mean=0.000 ep_len=500.0 pi_loss=-0.021 v_loss=0.000 ent=3.422 kl=0.0153
[upd  161 | steps   41216 | t   19.8s | sps  2078] ret_mean=0.000 ep_len=0.0 pi_loss=-0.020 v_loss=0.000 ent=3.441 kl=0.0101
[upd  162 | steps   41472 | t   19.9s | sps  2079] ret_mean=0.000 ep_len=500.0 pi_loss=-0.018 v_loss=0.000 ent=3.411 kl=0.0036
[upd  163 | steps   41728 | t   20.1s | sps  2080] ret_mean=0.000 ep_len=0.0 pi_loss=-0.023 v_loss=0.000 ent=3.368 kl=0.0142
[upd  164 | steps   41984 | t   20.2s | sps  2081] ret_mean=0.000 ep_len=500.0 pi_loss=-0.022 v_loss=0.000 ent=3.324 kl=0.0106
[upd  165 | steps   42240 | t   20.3s | sps  2082] ret_mean=0.000 ep_len=0.0 pi_loss=-0.024 v_loss=0.000 ent=3.435 kl=0.0020
[upd  166 | steps   42496 | t   20.4s | sps  2083] ret_mean=0.000 ep_len=500.0 pi_loss=-0.025 v_loss=0.000 ent=3.390 kl=0.0019
[upd  167 | steps   42752 | t   20.5s | sps  2083] ret_mean=0.000 ep_len=0.0 pi_loss=-0.026 v_loss=0.000 ent=3.368 kl=0.0114
[upd  168 | steps   43008 | t   20.6s | sps  2084] ret_mean=0.000 ep_len=500.0 pi_loss=-0.015 v_loss=0.000 ent=3.446 kl=0.0046
[upd  169 | steps   43264 | t   20.7s | sps  2085] ret_mean=0.000 ep_len=0.0 pi_loss=-0.021 v_loss=0.011 ent=3.313 kl=-0.0036
[upd  170 | steps   43520 | t   20.9s | sps  2086] ret_mean=1.000 ep_len=500.0 pi_loss=-0.016 v_loss=0.001 ent=3.347 kl=0.0080
[upd  171 | steps   43776 | t   21.0s | sps  2086] ret_mean=0.000 ep_len=0.0 pi_loss=-0.016 v_loss=0.000 ent=3.203 kl=0.0062
[upd  172 | steps   44032 | t   21.1s | sps  2087] ret_mean=0.000 ep_len=500.0 pi_loss=-0.014 v_loss=0.001 ent=3.327 kl=-0.0019
[upd  173 | steps   44288 | t   21.2s | sps  2088] ret_mean=0.000 ep_len=0.0 pi_loss=-0.024 v_loss=0.000 ent=3.465 kl=0.0288
[upd  174 | steps   44544 | t   21.3s | sps  2089] ret_mean=0.000 ep_len=500.0 pi_loss=-0.026 v_loss=0.000 ent=3.367 kl=0.0134
[upd  175 | steps   44800 | t   21.4s | sps  2089] ret_mean=0.000 ep_len=0.0 pi_loss=-0.022 v_loss=0.000 ent=3.289 kl=0.0089
        [eval] ret_mean=0.000 ep_len=500.0
[upd  176 | steps   45056 | t   22.0s | sps  2052] ret_mean=0.000 ep_len=0.0 pi_loss=-0.021 v_loss=0.000 ent=3.394 kl=-0.0015
[upd  177 | steps   45312 | t   22.1s | sps  2053] ret_mean=0.000 ep_len=500.0 pi_loss=-0.026 v_loss=0.000 ent=3.368 kl=0.0071
[upd  178 | steps   45568 | t   22.2s | sps  2054] ret_mean=0.000 ep_len=0.0 pi_loss=-0.021 v_loss=0.000 ent=3.374 kl=0.0047
[upd  179 | steps   45824 | t   22.3s | sps  2055] ret_mean=0.000 ep_len=500.0 pi_loss=-0.023 v_loss=0.000 ent=3.376 kl=0.0053
[upd  180 | steps   46080 | t   22.4s | sps  2055] ret_mean=0.000 ep_len=0.0 pi_loss=-0.021 v_loss=0.000 ent=3.414 kl=0.0134
[upd  181 | steps   46336 | t   22.5s | sps  2056] ret_mean=0.000 ep_len=500.0 pi_loss=-0.026 v_loss=0.000 ent=3.514 kl=0.0073
[upd  182 | steps   46592 | t   22.6s | sps  2057] ret_mean=0.000 ep_len=0.0 pi_loss=-0.023 v_loss=0.000 ent=3.296 kl=0.0036
[upd  183 | steps   46848 | t   22.8s | sps  2058] ret_mean=0.000 ep_len=500.0 pi_loss=-0.012 v_loss=0.000 ent=3.406 kl=0.0010
[upd  184 | steps   47104 | t   22.9s | sps  2059] ret_mean=0.000 ep_len=0.0 pi_loss=-0.016 v_loss=0.000 ent=3.384 kl=0.0001
[upd  185 | steps   47360 | t   23.0s | sps  2061] ret_mean=0.000 ep_len=500.0 pi_loss=-0.018 v_loss=0.000 ent=3.448 kl=0.0000
[upd  186 | steps   47616 | t   23.1s | sps  2062] ret_mean=0.000 ep_len=0.0 pi_loss=-0.021 v_loss=0.000 ent=3.542 kl=-0.0014
[upd  187 | steps   47872 | t   23.2s | sps  2063] ret_mean=0.000 ep_len=500.0 pi_loss=-0.025 v_loss=0.000 ent=3.518 kl=0.0006
[upd  188 | steps   48128 | t   23.3s | sps  2064] ret_mean=0.000 ep_len=0.0 pi_loss=-0.010 v_loss=0.000 ent=3.472 kl=-0.0023
[upd  189 | steps   48384 | t   23.4s | sps  2065] ret_mean=0.000 ep_len=500.0 pi_loss=-0.016 v_loss=0.000 ent=3.463 kl=0.0099
[upd  190 | steps   48640 | t   23.6s | sps  2064] ret_mean=0.000 ep_len=0.0 pi_loss=-0.018 v_loss=0.000 ent=3.407 kl=0.0026
[upd  191 | steps   48896 | t   23.7s | sps  2064] ret_mean=0.000 ep_len=500.0 pi_loss=-0.022 v_loss=0.000 ent=3.316 kl=0.0001
[upd  192 | steps   49152 | t   23.8s | sps  2065] ret_mean=0.000 ep_len=0.0 pi_loss=-0.026 v_loss=0.000 ent=3.337 kl=0.0086
[upd  193 | steps   49408 | t   23.9s | sps  2066] ret_mean=0.000 ep_len=500.0 pi_loss=-0.016 v_loss=0.000 ent=3.500 kl=0.0062
[upd  194 | steps   49664 | t   24.0s | sps  2066] ret_mean=0.000 ep_len=0.0 pi_loss=-0.019 v_loss=0.000 ent=3.392 kl=0.0117
[upd  195 | steps   49920 | t   24.2s | sps  2067] ret_mean=0.000 ep_len=500.0 pi_loss=-0.029 v_loss=0.000 ent=3.422 kl=0.0004
[upd  196 | steps   50176 | t   24.3s | sps  2068] ret_mean=0.000 ep_len=0.0 pi_loss=-0.025 v_loss=0.000 ent=3.435 kl=0.0011
[upd  197 | steps   50432 | t   24.4s | sps  2069] ret_mean=0.000 ep_len=500.0 pi_loss=-0.016 v_loss=0.000 ent=3.487 kl=0.0025
[upd  198 | steps   50688 | t   24.5s | sps  2070] ret_mean=0.000 ep_len=0.0 pi_loss=-0.016 v_loss=0.000 ent=3.502 kl=0.0039
[upd  199 | steps   50944 | t   24.6s | sps  2070] ret_mean=0.000 ep_len=500.0 pi_loss=-0.010 v_loss=0.000 ent=3.472 kl=0.0002
[upd  200 | steps   51200 | t   24.7s | sps  2071] ret_mean=0.000 ep_len=0.0 pi_loss=-0.020 v_loss=0.000 ent=3.419 kl=0.0077
        [eval] ret_mean=0.000 ep_len=500.0
[upd  201 | steps   51456 | t   25.2s | sps  2038] ret_mean=0.000 ep_len=0.0 pi_loss=-0.019 v_loss=0.000 ent=3.425 kl=0.0204
[upd  202 | steps   51712 | t   25.4s | sps  2040] ret_mean=0.000 ep_len=500.0 pi_loss=-0.014 v_loss=0.000 ent=3.334 kl=0.0009
[upd  203 | steps   51968 | t   25.5s | sps  2042] ret_mean=0.000 ep_len=0.0 pi_loss=-0.026 v_loss=0.000 ent=3.409 kl=0.0152
[upd  204 | steps   52224 | t   25.6s | sps  2044] ret_mean=0.000 ep_len=500.0 pi_loss=-0.019 v_loss=0.000 ent=3.309 kl=0.0084
[upd  205 | steps   52480 | t   25.7s | sps  2045] ret_mean=0.000 ep_len=0.0 pi_loss=-0.017 v_loss=0.000 ent=3.309 kl=-0.0075
[upd  206 | steps   52736 | t   25.8s | sps  2047] ret_mean=0.000 ep_len=500.0 pi_loss=-0.019 v_loss=0.000 ent=3.321 kl=0.0073
[upd  207 | steps   52992 | t   25.9s | sps  2049] ret_mean=0.000 ep_len=0.0 pi_loss=-0.013 v_loss=0.000 ent=3.403 kl=0.0067
[upd  208 | steps   53248 | t   26.0s | sps  2051] ret_mean=0.000 ep_len=500.0 pi_loss=-0.024 v_loss=0.000 ent=3.334 kl=0.0015
[upd  209 | steps   53504 | t   26.1s | sps  2053] ret_mean=0.000 ep_len=0.0 pi_loss=-0.013 v_loss=0.000 ent=3.238 kl=-0.0023
[upd  210 | steps   53760 | t   26.2s | sps  2055] ret_mean=0.000 ep_len=500.0 pi_loss=-0.023 v_loss=0.000 ent=3.284 kl=0.0150
[upd  211 | steps   54016 | t   26.3s | sps  2057] ret_mean=0.000 ep_len=0.0 pi_loss=-0.021 v_loss=0.000 ent=3.280 kl=0.0039
[upd  212 | steps   54272 | t   26.4s | sps  2059] ret_mean=0.000 ep_len=500.0 pi_loss=-0.018 v_loss=0.000 ent=3.392 kl=0.0151
[upd  213 | steps   54528 | t   26.4s | sps  2062] ret_mean=0.000 ep_len=0.0 pi_loss=-0.016 v_loss=0.000 ent=3.276 kl=0.0063
[upd  214 | steps   54784 | t   26.5s | sps  2064] ret_mean=0.000 ep_len=500.0 pi_loss=-0.025 v_loss=0.000 ent=3.270 kl=0.0135
[upd  215 | steps   55040 | t   26.6s | sps  2067] ret_mean=0.000 ep_len=0.0 pi_loss=-0.021 v_loss=0.000 ent=3.470 kl=-0.0029
[upd  216 | steps   55296 | t   26.7s | sps  2070] ret_mean=0.000 ep_len=500.0 pi_loss=-0.032 v_loss=0.000 ent=3.330 kl=0.0109
[upd  217 | steps   55552 | t   26.8s | sps  2072] ret_mean=0.000 ep_len=0.0 pi_loss=-0.015 v_loss=0.000 ent=3.270 kl=0.0142
[upd  218 | steps   55808 | t   26.9s | sps  2074] ret_mean=0.000 ep_len=500.0 pi_loss=-0.019 v_loss=0.000 ent=3.268 kl=0.0058
[upd  219 | steps   56064 | t   27.0s | sps  2076] ret_mean=0.000 ep_len=0.0 pi_loss=-0.022 v_loss=0.000 ent=3.094 kl=0.0142
[upd  220 | steps   56320 | t   27.1s | sps  2078] ret_mean=0.000 ep_len=500.0 pi_loss=-0.017 v_loss=0.000 ent=3.081 kl=0.0002
[upd  221 | steps   56576 | t   27.2s | sps  2080] ret_mean=0.000 ep_len=0.0 pi_loss=-0.022 v_loss=0.000 ent=3.096 kl=0.0079
[upd  222 | steps   56832 | t   27.3s | sps  2083] ret_mean=0.000 ep_len=500.0 pi_loss=-0.011 v_loss=0.000 ent=3.137 kl=0.0021
[upd  223 | steps   57088 | t   27.4s | sps  2085] ret_mean=0.000 ep_len=0.0 pi_loss=-0.021 v_loss=0.000 ent=3.267 kl=0.0199
[upd  224 | steps   57344 | t   27.5s | sps  2087] ret_mean=0.000 ep_len=500.0 pi_loss=-0.021 v_loss=0.000 ent=3.163 kl=0.0110
[upd  225 | steps   57600 | t   27.6s | sps  2089] ret_mean=0.000 ep_len=0.0 pi_loss=-0.012 v_loss=0.000 ent=3.142 kl=-0.0044
        [eval] ret_mean=0.000 ep_len=500.0
[upd  226 | steps   57856 | t   28.0s | sps  2067] ret_mean=0.000 ep_len=0.0 pi_loss=-0.016 v_loss=0.000 ent=3.042 kl=-0.0018
[upd  227 | steps   58112 | t   28.1s | sps  2069] ret_mean=0.000 ep_len=500.0 pi_loss=-0.023 v_loss=0.000 ent=3.088 kl=0.0051
[upd  228 | steps   58368 | t   28.2s | sps  2071] ret_mean=0.000 ep_len=0.0 pi_loss=-0.018 v_loss=0.000 ent=2.964 kl=0.0138
[upd  229 | steps   58624 | t   28.3s | sps  2073] ret_mean=0.000 ep_len=500.0 pi_loss=-0.018 v_loss=0.000 ent=3.065 kl=0.0097
[upd  230 | steps   58880 | t   28.4s | sps  2076] ret_mean=0.000 ep_len=0.0 pi_loss=-0.013 v_loss=0.000 ent=3.093 kl=0.0146
[upd  231 | steps   59136 | t   28.5s | sps  2078] ret_mean=0.000 ep_len=500.0 pi_loss=-0.025 v_loss=0.000 ent=3.210 kl=0.0189
[upd  232 | steps   59392 | t   28.6s | sps  2080] ret_mean=0.000 ep_len=0.0 pi_loss=-0.014 v_loss=0.000 ent=3.055 kl=0.0028
[upd  233 | steps   59648 | t   28.7s | sps  2082] ret_mean=0.000 ep_len=500.0 pi_loss=-0.014 v_loss=0.000 ent=3.131 kl=-0.0026
[upd  234 | steps   59904 | t   28.7s | sps  2084] ret_mean=0.000 ep_len=0.0 pi_loss=-0.018 v_loss=0.012 ent=3.082 kl=0.0220
[upd  235 | steps   60160 | t   28.8s | sps  2086] ret_mean=1.000 ep_len=500.0 pi_loss=-0.011 v_loss=0.000 ent=3.112 kl=-0.0011
[upd  236 | steps   60416 | t   28.9s | sps  2088] ret_mean=0.000 ep_len=0.0 pi_loss=-0.020 v_loss=0.000 ent=3.143 kl=0.0110
[upd  237 | steps   60672 | t   29.0s | sps  2091] ret_mean=0.000 ep_len=500.0 pi_loss=-0.016 v_loss=0.000 ent=3.188 kl=0.0060
[upd  238 | steps   60928 | t   29.1s | sps  2093] ret_mean=0.000 ep_len=0.0 pi_loss=-0.017 v_loss=0.000 ent=3.178 kl=0.0073
[upd  239 | steps   61184 | t   29.2s | sps  2095] ret_mean=0.000 ep_len=500.0 pi_loss=-0.014 v_loss=0.000 ent=3.264 kl=0.0047
[upd  240 | steps   61440 | t   29.3s | sps  2098] ret_mean=0.000 ep_len=0.0 pi_loss=-0.018 v_loss=0.000 ent=3.222 kl=0.0060
[upd  241 | steps   61696 | t   29.4s | sps  2100] ret_mean=0.000 ep_len=500.0 pi_loss=-0.023 v_loss=0.000 ent=3.192 kl=-0.0019
[upd  242 | steps   61952 | t   29.5s | sps  2102] ret_mean=0.000 ep_len=0.0 pi_loss=-0.011 v_loss=0.000 ent=3.196 kl=0.0114
[upd  243 | steps   62208 | t   29.6s | sps  2104] ret_mean=0.000 ep_len=500.0 pi_loss=-0.015 v_loss=0.000 ent=3.085 kl=0.0019
[upd  244 | steps   62464 | t   29.7s | sps  2106] ret_mean=0.000 ep_len=0.0 pi_loss=-0.013 v_loss=0.000 ent=3.125 kl=0.0024
[upd  245 | steps   62720 | t   29.8s | sps  2108] ret_mean=0.000 ep_len=500.0 pi_loss=-0.018 v_loss=0.000 ent=2.972 kl=0.0087
[upd  246 | steps   62976 | t   29.8s | sps  2110] ret_mean=0.000 ep_len=0.0 pi_loss=-0.020 v_loss=0.000 ent=2.975 kl=-0.0009
[upd  247 | steps   63232 | t   29.9s | sps  2113] ret_mean=0.000 ep_len=500.0 pi_loss=-0.019 v_loss=0.000 ent=2.901 kl=0.0090
[upd  248 | steps   63488 | t   30.0s | sps  2115] ret_mean=0.000 ep_len=0.0 pi_loss=-0.015 v_loss=0.000 ent=2.947 kl=0.0050
[upd  249 | steps   63744 | t   30.1s | sps  2117] ret_mean=0.000 ep_len=500.0 pi_loss=-0.021 v_loss=0.000 ent=2.921 kl=0.0062
[upd  250 | steps   64000 | t   30.2s | sps  2119] ret_mean=0.000 ep_len=0.0 pi_loss=-0.017 v_loss=0.000 ent=2.862 kl=0.0120
        [eval] ret_mean=0.000 ep_len=500.0
[upd  251 | steps   64256 | t   30.6s | sps  2098] ret_mean=0.000 ep_len=0.0 pi_loss=-0.018 v_loss=0.000 ent=2.950 kl=0.0004
[upd  252 | steps   64512 | t   30.7s | sps  2099] ret_mean=0.000 ep_len=500.0 pi_loss=-0.016 v_loss=0.000 ent=2.914 kl=0.0141
[upd  253 | steps   64768 | t   30.8s | sps  2101] ret_mean=0.000 ep_len=0.0 pi_loss=-0.018 v_loss=0.000 ent=3.030 kl=0.0066
[upd  254 | steps   65024 | t   30.9s | sps  2104] ret_mean=0.000 ep_len=500.0 pi_loss=-0.020 v_loss=0.000 ent=3.191 kl=-0.0004
[upd  255 | steps   65280 | t   31.0s | sps  2106] ret_mean=0.000 ep_len=0.0 pi_loss=-0.013 v_loss=0.000 ent=3.207 kl=0.0039
[upd  256 | steps   65536 | t   31.1s | sps  2108] ret_mean=0.000 ep_len=500.0 pi_loss=-0.020 v_loss=0.000 ent=3.234 kl=0.0039
[upd  257 | steps   65792 | t   31.2s | sps  2110] ret_mean=0.000 ep_len=0.0 pi_loss=-0.018 v_loss=0.000 ent=3.120 kl=0.0096
[upd  258 | steps   66048 | t   31.3s | sps  2111] ret_mean=0.000 ep_len=500.0 pi_loss=-0.015 v_loss=0.000 ent=3.084 kl=0.0039
[upd  259 | steps   66304 | t   31.4s | sps  2113] ret_mean=0.000 ep_len=0.0 pi_loss=-0.016 v_loss=0.000 ent=3.086 kl=0.0077
[upd  260 | steps   66560 | t   31.5s | sps  2115] ret_mean=0.000 ep_len=500.0 pi_loss=-0.019 v_loss=0.000 ent=3.167 kl=0.0034
[upd  261 | steps   66816 | t   31.6s | sps  2117] ret_mean=0.000 ep_len=0.0 pi_loss=-0.022 v_loss=0.000 ent=3.059 kl=0.0160
[upd  262 | steps   67072 | t   31.7s | sps  2119] ret_mean=0.000 ep_len=500.0 pi_loss=-0.024 v_loss=0.000 ent=3.120 kl=0.0100
[upd  263 | steps   67328 | t   31.7s | sps  2121] ret_mean=0.000 ep_len=0.0 pi_loss=-0.011 v_loss=0.000 ent=2.945 kl=0.0098
[upd  264 | steps   67584 | t   31.8s | sps  2123] ret_mean=0.000 ep_len=500.0 pi_loss=-0.015 v_loss=0.000 ent=3.178 kl=0.0018
[upd  265 | steps   67840 | t   31.9s | sps  2125] ret_mean=0.000 ep_len=0.0 pi_loss=-0.011 v_loss=0.000 ent=3.167 kl=0.0017
[upd  266 | steps   68096 | t   32.0s | sps  2127] ret_mean=0.000 ep_len=500.0 pi_loss=-0.012 v_loss=0.000 ent=3.047 kl=0.0002
[upd  267 | steps   68352 | t   32.1s | sps  2128] ret_mean=0.000 ep_len=0.0 pi_loss=-0.011 v_loss=0.000 ent=3.038 kl=0.0027
[upd  268 | steps   68608 | t   32.2s | sps  2130] ret_mean=0.000 ep_len=500.0 pi_loss=-0.011 v_loss=0.000 ent=3.217 kl=0.0083
[upd  269 | steps   68864 | t   32.3s | sps  2132] ret_mean=0.000 ep_len=0.0 pi_loss=-0.012 v_loss=0.000 ent=3.221 kl=-0.0036
[upd  270 | steps   69120 | t   32.4s | sps  2134] ret_mean=0.000 ep_len=500.0 pi_loss=-0.011 v_loss=0.000 ent=3.201 kl=0.0114
[upd  271 | steps   69376 | t   32.5s | sps  2136] ret_mean=0.000 ep_len=0.0 pi_loss=-0.015 v_loss=0.000 ent=3.214 kl=0.0096
[upd  272 | steps   69632 | t   32.6s | sps  2138] ret_mean=0.000 ep_len=500.0 pi_loss=-0.015 v_loss=0.000 ent=3.063 kl=0.0077
[upd  273 | steps   69888 | t   32.7s | sps  2138] ret_mean=0.000 ep_len=0.0 pi_loss=-0.009 v_loss=0.000 ent=2.952 kl=0.0065
[upd  274 | steps   70144 | t   32.8s | sps  2139] ret_mean=0.000 ep_len=500.0 pi_loss=-0.013 v_loss=0.000 ent=3.040 kl=0.0087
[upd  275 | steps   70400 | t   32.9s | sps  2141] ret_mean=0.000 ep_len=0.0 pi_loss=-0.015 v_loss=0.000 ent=3.111 kl=0.0076
        [eval] ret_mean=0.000 ep_len=500.0
[upd  276 | steps   70656 | t   33.3s | sps  2120] ret_mean=0.000 ep_len=0.0 pi_loss=-0.012 v_loss=0.000 ent=3.269 kl=0.0077
[upd  277 | steps   70912 | t   33.4s | sps  2122] ret_mean=0.000 ep_len=500.0 pi_loss=-0.014 v_loss=0.000 ent=3.176 kl=-0.0023
[upd  278 | steps   71168 | t   33.5s | sps  2124] ret_mean=0.000 ep_len=0.0 pi_loss=-0.016 v_loss=0.000 ent=3.179 kl=0.0083
[upd  279 | steps   71424 | t   33.6s | sps  2125] ret_mean=0.000 ep_len=500.0 pi_loss=-0.009 v_loss=0.000 ent=3.082 kl=0.0104
[upd  280 | steps   71680 | t   33.7s | sps  2127] ret_mean=0.000 ep_len=0.0 pi_loss=-0.015 v_loss=0.000 ent=3.025 kl=0.0116
[upd  281 | steps   71936 | t   33.8s | sps  2129] ret_mean=0.000 ep_len=500.0 pi_loss=-0.010 v_loss=0.000 ent=3.002 kl=0.0008
[upd  282 | steps   72192 | t   33.9s | sps  2130] ret_mean=0.000 ep_len=0.0 pi_loss=-0.009 v_loss=0.000 ent=3.143 kl=-0.0048
[upd  283 | steps   72448 | t   34.0s | sps  2132] ret_mean=0.000 ep_len=500.0 pi_loss=-0.016 v_loss=0.000 ent=3.156 kl=0.0080
[upd  284 | steps   72704 | t   34.1s | sps  2134] ret_mean=0.000 ep_len=0.0 pi_loss=-0.014 v_loss=0.000 ent=3.311 kl=-0.0013
[upd  285 | steps   72960 | t   34.2s | sps  2136] ret_mean=0.000 ep_len=500.0 pi_loss=-0.015 v_loss=0.000 ent=3.190 kl=0.0100
[upd  286 | steps   73216 | t   34.2s | sps  2138] ret_mean=0.000 ep_len=0.0 pi_loss=-0.011 v_loss=0.000 ent=3.262 kl=0.0012
[upd  287 | steps   73472 | t   34.3s | sps  2139] ret_mean=0.000 ep_len=500.0 pi_loss=-0.018 v_loss=0.000 ent=3.263 kl=0.0240
[upd  288 | steps   73728 | t   34.4s | sps  2141] ret_mean=0.000 ep_len=0.0 pi_loss=-0.012 v_loss=0.000 ent=3.261 kl=0.0030
[upd  289 | steps   73984 | t   34.5s | sps  2143] ret_mean=0.000 ep_len=500.0 pi_loss=-0.019 v_loss=0.000 ent=3.317 kl=0.0017
[upd  290 | steps   74240 | t   34.6s | sps  2145] ret_mean=0.000 ep_len=0.0 pi_loss=-0.012 v_loss=0.000 ent=3.252 kl=-0.0037
[upd  291 | steps   74496 | t   34.7s | sps  2146] ret_mean=0.000 ep_len=500.0 pi_loss=-0.023 v_loss=0.000 ent=3.288 kl=-0.0030
[upd  292 | steps   74752 | t   34.8s | sps  2148] ret_mean=0.000 ep_len=0.0 pi_loss=-0.015 v_loss=0.000 ent=3.376 kl=-0.0011
[upd  293 | steps   75008 | t   34.9s | sps  2150] ret_mean=0.000 ep_len=500.0 pi_loss=-0.020 v_loss=0.000 ent=3.343 kl=0.0042
[upd  294 | steps   75264 | t   35.0s | sps  2151] ret_mean=0.000 ep_len=0.0 pi_loss=-0.012 v_loss=0.000 ent=3.429 kl=-0.0017
[upd  295 | steps   75520 | t   35.1s | sps  2153] ret_mean=0.000 ep_len=500.0 pi_loss=-0.019 v_loss=0.000 ent=3.381 kl=0.0065
[upd  296 | steps   75776 | t   35.2s | sps  2154] ret_mean=0.000 ep_len=0.0 pi_loss=-0.009 v_loss=0.012 ent=3.336 kl=0.0020
[upd  297 | steps   76032 | t   35.3s | sps  2156] ret_mean=1.000 ep_len=500.0 pi_loss=-0.022 v_loss=0.000 ent=3.362 kl=0.0063
[upd  298 | steps   76288 | t   35.4s | sps  2157] ret_mean=0.000 ep_len=0.0 pi_loss=-0.016 v_loss=0.000 ent=3.210 kl=-0.0021
[upd  299 | steps   76544 | t   35.5s | sps  2159] ret_mean=0.000 ep_len=500.0 pi_loss=-0.015 v_loss=0.000 ent=3.249 kl=-0.0012
[upd  300 | steps   76800 | t   35.5s | sps  2161] ret_mean=0.000 ep_len=0.0 pi_loss=-0.017 v_loss=0.000 ent=3.348 kl=0.0120
        [eval] ret_mean=0.000 ep_len=500.0
